#
# There is insufficient memory for the Java Runtime Environment to continue.
# Native memory allocation (mmap) failed to map 8388608 bytes for G1 virtual space
# Possible reasons:
#   The system is out of physical RAM or swap space
#   The process is running with CompressedOops enabled, and the Java Heap may be blocking the growth of the native heap
# Possible solutions:
#   Reduce memory load on the system
#   Increase physical memory or swap space
#   Check if swap backing store is full
#   Decrease Java heap size (-Xmx/-Xms)
#   Decrease number of Java threads
#   Decrease Java thread stack sizes (-Xss)
#   Set larger code cache with -XX:ReservedCodeCacheSize=
#   JVM is running with Unscaled Compressed Oops mode in which the Java heap is
#     placed in the first 4GB address space. The Java Heap base address is the
#     maximum limit for the native heap growth. Please use -XX:HeapBaseMinAddress
#     to set the Java Heap base and to place the Java Heap above 4GB virtual address.
# This output file may be truncated or incomplete.
#
#  Out of Memory Error (os_windows.cpp:3469), pid=124, tid=4652
#
# JRE version: OpenJDK Runtime Environment Temurin-17.0.1+12 (17.0.1+12) (build 17.0.1+12)
# Java VM: OpenJDK 64-Bit Server VM Temurin-17.0.1+12 (17.0.1+12, mixed mode, sharing, tiered, compressed oops, compressed class ptrs, g1 gc, windows-amd64)
# No core dump will be written. Minidumps are not enabled by default on client versions of Windows
#

---------------  S U M M A R Y ------------

Command Line: -Dfile.encoding=UTF-8 --module-path=C:\Users\edwin\Documents\NetBeansProjects\A_Pruebas\build\classes Main

Host: Intel(R) Celeron(R) N4000 CPU @ 1.10GHz, 2 cores, 3G,  Windows 10 , 64 bit Build 22000 (10.0.22000.613)
Time: Sun May  1 23:47:01 2022 Hora de verano central (México) elapsed time: 3.674223 seconds (0d 0h 0m 3s)

---------------  T H R E A D  ---------------

Current thread (0x000002d2b32fd500):  VMThread "VM Thread" [stack: 0x000000ef04400000,0x000000ef04500000] [id=4652]

Stack: [0x000000ef04400000,0x000000ef04500000]
Native frames: (J=compiled Java code, j=interpreted, Vv=VM code, C=native code)
V  [jvm.dll+0x6744da]
V  [jvm.dll+0x82e144]
V  [jvm.dll+0x82f8ee]
V  [jvm.dll+0x82ff53]
V  [jvm.dll+0x245175]
V  [jvm.dll+0x6714c9]
V  [jvm.dll+0x665f92]
V  [jvm.dll+0x303c3b]
V  [jvm.dll+0x30b176]
V  [jvm.dll+0x35af1e]
V  [jvm.dll+0x35b14f]
V  [jvm.dll+0x2dab78]
V  [jvm.dll+0x2ddc06]
V  [jvm.dll+0x2e82b8]
V  [jvm.dll+0x31c460]
V  [jvm.dll+0x8343bb]
V  [jvm.dll+0x8350f4]
V  [jvm.dll+0x83560c]
V  [jvm.dll+0x8359e4]
V  [jvm.dll+0x835ab0]
V  [jvm.dll+0x7de51a]
V  [jvm.dll+0x673305]
C  [ucrtbase.dll+0x26c0c]
C  [KERNEL32.DLL+0x154e0]
C  [ntdll.dll+0x485b]

VM_Operation (0x000000ef040ff780): G1Concurrent, mode: safepoint, requested by thread 0x000002d2b3252750


---------------  P R O C E S S  ---------------

Threads class SMR info:
_java_thread_list=0x000002d2d1864fd0, length=18, elements={
0x000002d2d0070820, 0x000002d2d0071690, 0x000002d2d0086b10, 0x000002d2d00874c0,
0x000002d2d0087e70, 0x000002d2d0088820, 0x000002d2d00895b0, 0x000002d2d00f2b30,
0x000002d2d00f6060, 0x000002d2d006c190, 0x000002d2d0c9b9c0, 0x000002d2d0d2ca00,
0x000002d2d0d2ced0, 0x000002d2d0d2d3a0, 0x000002d2d0ee2800, 0x000002d2b321d4d0,
0x000002d2d1743360, 0x000002d2d18d2bf0
}

Java Threads: ( => current thread )
  0x000002d2d0070820 JavaThread "Reference Handler" daemon [_thread_blocked, id=5444, stack(0x000000ef04500000,0x000000ef04600000)]
  0x000002d2d0071690 JavaThread "Finalizer" daemon [_thread_blocked, id=7416, stack(0x000000ef04600000,0x000000ef04700000)]
  0x000002d2d0086b10 JavaThread "Signal Dispatcher" daemon [_thread_blocked, id=2540, stack(0x000000ef04700000,0x000000ef04800000)]
  0x000002d2d00874c0 JavaThread "Attach Listener" daemon [_thread_blocked, id=4852, stack(0x000000ef04800000,0x000000ef04900000)]
  0x000002d2d0087e70 JavaThread "Service Thread" daemon [_thread_blocked, id=5140, stack(0x000000ef04900000,0x000000ef04a00000)]
  0x000002d2d0088820 JavaThread "Monitor Deflation Thread" daemon [_thread_blocked, id=5352, stack(0x000000ef04a00000,0x000000ef04b00000)]
  0x000002d2d00895b0 JavaThread "C2 CompilerThread0" daemon [_thread_blocked, id=4636, stack(0x000000ef04b00000,0x000000ef04c00000)]
  0x000002d2d00f2b30 JavaThread "C1 CompilerThread0" daemon [_thread_blocked, id=9060, stack(0x000000ef04c00000,0x000000ef04d00000)]
  0x000002d2d00f6060 JavaThread "Sweeper thread" daemon [_thread_blocked, id=6832, stack(0x000000ef04d00000,0x000000ef04e00000)]
  0x000002d2d006c190 JavaThread "Common-Cleaner" daemon [_thread_blocked, id=6952, stack(0x000000ef04e00000,0x000000ef04f00000)]
  0x000002d2d0c9b9c0 JavaThread "Notification Thread" daemon [_thread_blocked, id=8648, stack(0x000000ef04f00000,0x000000ef05000000)]
  0x000002d2d0d2ca00 JavaThread "Java2D Disposer" daemon [_thread_blocked, id=1688, stack(0x000000ef05100000,0x000000ef05200000)]
  0x000002d2d0d2ced0 JavaThread "AWT-Shutdown" [_thread_blocked, id=3752, stack(0x000000ef05200000,0x000000ef05300000)]
  0x000002d2d0d2d3a0 JavaThread "AWT-Windows" daemon [_thread_in_native, id=7220, stack(0x000000ef05300000,0x000000ef05400000)]
  0x000002d2d0ee2800 JavaThread "AWT-EventQueue-0" [_thread_blocked, id=6008, stack(0x000000ef05400000,0x000000ef05500000)]
  0x000002d2b321d4d0 JavaThread "DestroyJavaVM" [_thread_blocked, id=6416, stack(0x000000ef03d00000,0x000000ef03e00000)]
  0x000002d2d1743360 JavaThread "Image Fetcher 0" daemon [_thread_blocked, id=8472, stack(0x000000ef05500000,0x000000ef05600000)]
  0x000002d2d18d2bf0 JavaThread "Image Fetcher 1" daemon [_thread_blocked, id=5772, stack(0x000000ef05800000,0x000000ef05900000)]

Other Threads:
=>0x000002d2b32fd500 VMThread "VM Thread" [stack: 0x000000ef04400000,0x000000ef04500000] [id=4652]
  0x000002d2d0c61ba0 WatcherThread [stack: 0x000000ef05000000,0x000000ef05100000] [id=7280]
  0x000002d2b3249d90 GCTaskThread "GC Thread#0" [stack: 0x000000ef03f00000,0x000000ef04000000] [id=2568]
  0x000002d2d0c9ef00 GCTaskThread "GC Thread#1" [stack: 0x000000ef05600000,0x000000ef05700000] [id=8564]
  0x000002d2b3252750 ConcurrentGCThread "G1 Main Marker" [stack: 0x000000ef04000000,0x000000ef04100000] [id=6840]
  0x000002d2b3253160 ConcurrentGCThread "G1 Conc#0" [stack: 0x000000ef04100000,0x000000ef04200000] [id=7184]
  0x000002d2b328a060 ConcurrentGCThread "G1 Refine#0" [stack: 0x000000ef04200000,0x000000ef04300000] [id=6296]
  0x000002d2d1807480 ConcurrentGCThread "G1 Refine#1" [stack: 0x000000ef05700000,0x000000ef05800000] [id=2852]
  0x000002d2b328aa80 ConcurrentGCThread "G1 Service" [stack: 0x000000ef04300000,0x000000ef04400000] [id=6936]

Threads with active compile tasks:

VM state: at safepoint (normal execution)

VM Mutex/Monitor currently owned by a thread:  ([mutex/lock_event])
[0x000002d2b3219680] Threads_lock - owner thread: 0x000002d2b32fd500
[0x000002d2b3219830] Heap_lock - owner thread: 0x000002d2b3252750

Heap address: 0x00000000c2c00000, size: 980 MB, Compressed Oops mode: 32-bit

CDS archive(s) mapped at: [0x0000000800000000-0x0000000800bc0000-0x0000000800bc0000), size 12320768, SharedBaseAddress: 0x0000000800000000, ArchiveRelocationMode: 0.
Compressed class space mapped at: 0x0000000800c00000-0x0000000840c00000, reserved size: 1073741824
Narrow klass base: 0x0000000800000000, Narrow klass shift: 0, Narrow klass range: 0x100000000

GC Precious Log:
 CPUs: 2 total, 2 available
 Memory: 3918M
 Large Page Support: Disabled
 NUMA Support: Disabled
 Compressed Oops: Enabled (32-bit)
 Heap Region Size: 1M
 Heap Min Capacity: 8M
 Heap Initial Capacity: 62M
 Heap Max Capacity: 980M
 Pre-touch: Disabled
 Parallel Workers: 2
 Concurrent Workers: 1
 Concurrent Refinement Workers: 2
 Periodic GC: Disabled

Heap:
 garbage-first heap   total 157696K, used 97120K [0x00000000c2c00000, 0x0000000100000000)
  region size 1024K, 2 young (2048K), 1 survivors (1024K)
 Metaspace       used 7070K, committed 7296K, reserved 1056768K
  class space    used 806K, committed 896K, reserved 1048576K

Heap Regions: E=young(eden), S=young(survivor), O=old, HS=humongous(starts), HC=humongous(continues), CS=collection set, F=free, OA=open archive, CA=closed archive, TAMS=top-at-mark-start (previous, next)
|   0|0x00000000c2c00000, 0x00000000c2d00000, 0x00000000c2d00000|100%| O|  |TAMS 0x00000000c2d00000, 0x00000000c2c00000| Untracked 
|   1|0x00000000c2d00000, 0x00000000c2e00000, 0x00000000c2e00000|100%| O|  |TAMS 0x00000000c2e00000, 0x00000000c2d00000| Untracked 
|   2|0x00000000c2e00000, 0x00000000c2e58c00, 0x00000000c2f00000| 34%| O|  |TAMS 0x00000000c2e58c00, 0x00000000c2e00000| Updating 
|   3|0x00000000c2f00000, 0x00000000c2f00000, 0x00000000c3000000|  0%| F|  |TAMS 0x00000000c2f00000, 0x00000000c2f00000| Untracked 
|   4|0x00000000c3000000, 0x00000000c3000000, 0x00000000c3100000|  0%| F|  |TAMS 0x00000000c3000000, 0x00000000c3000000| Untracked 
|   5|0x00000000c3100000, 0x00000000c3100000, 0x00000000c3200000|  0%| F|  |TAMS 0x00000000c3100000, 0x00000000c3100000| Untracked 
|   6|0x00000000c3200000, 0x00000000c3200000, 0x00000000c3300000|  0%| F|  |TAMS 0x00000000c3200000, 0x00000000c3200000| Untracked 
|   7|0x00000000c3300000, 0x00000000c3300000, 0x00000000c3400000|  0%| F|  |TAMS 0x00000000c3300000, 0x00000000c3300000| Untracked 
|   8|0x00000000c3400000, 0x00000000c3400000, 0x00000000c3500000|  0%| F|  |TAMS 0x00000000c3400000, 0x00000000c3400000| Untracked 
|   9|0x00000000c3500000, 0x00000000c3500000, 0x00000000c3600000|  0%| F|  |TAMS 0x00000000c3500000, 0x00000000c3500000| Untracked 
|  10|0x00000000c3600000, 0x00000000c3600000, 0x00000000c3700000|  0%| F|  |TAMS 0x00000000c3600000, 0x00000000c3600000| Untracked 
|  11|0x00000000c3700000, 0x00000000c3700000, 0x00000000c3800000|  0%| F|  |TAMS 0x00000000c3700000, 0x00000000c3700000| Untracked 
|  12|0x00000000c3800000, 0x00000000c3800000, 0x00000000c3900000|  0%| F|  |TAMS 0x00000000c3800000, 0x00000000c3800000| Untracked 
|  13|0x00000000c3900000, 0x00000000c3900000, 0x00000000c3a00000|  0%| F|  |TAMS 0x00000000c3900000, 0x00000000c3900000| Untracked 
|  14|0x00000000c3a00000, 0x00000000c3a00000, 0x00000000c3b00000|  0%| F|  |TAMS 0x00000000c3a00000, 0x00000000c3a00000| Untracked 
|  15|0x00000000c3b00000, 0x00000000c3b00000, 0x00000000c3c00000|  0%| F|  |TAMS 0x00000000c3b00000, 0x00000000c3b00000| Untracked 
|  16|0x00000000c3c00000, 0x00000000c3c00000, 0x00000000c3d00000|  0%| F|  |TAMS 0x00000000c3c00000, 0x00000000c3c00000| Untracked 
|  17|0x00000000c3d00000, 0x00000000c3d00000, 0x00000000c3e00000|  0%| F|  |TAMS 0x00000000c3d00000, 0x00000000c3d00000| Untracked 
|  18|0x00000000c3e00000, 0x00000000c3e00000, 0x00000000c3f00000|  0%| F|  |TAMS 0x00000000c3e00000, 0x00000000c3e00000| Untracked 
|  19|0x00000000c3f00000, 0x00000000c3f00000, 0x00000000c4000000|  0%| F|  |TAMS 0x00000000c3f00000, 0x00000000c3f00000| Untracked 
|  20|0x00000000c4000000, 0x00000000c4000000, 0x00000000c4100000|  0%| F|  |TAMS 0x00000000c4000000, 0x00000000c4000000| Untracked 
|  21|0x00000000c4100000, 0x00000000c4100000, 0x00000000c4200000|  0%| F|  |TAMS 0x00000000c4100000, 0x00000000c4100000| Untracked 
|  22|0x00000000c4200000, 0x00000000c4200000, 0x00000000c4300000|  0%| F|  |TAMS 0x00000000c4200000, 0x00000000c4200000| Untracked 
|  23|0x00000000c4300000, 0x00000000c4300000, 0x00000000c4400000|  0%| F|  |TAMS 0x00000000c4300000, 0x00000000c4300000| Untracked 
|  24|0x00000000c4400000, 0x00000000c447f670, 0x00000000c4500000| 49%| S|CS|TAMS 0x00000000c4400000, 0x00000000c4400000| Complete 
|  25|0x00000000c4500000, 0x00000000c4500000, 0x00000000c4600000|  0%| F|  |TAMS 0x00000000c4500000, 0x00000000c4500000| Untracked 
|  26|0x00000000c4600000, 0x00000000c4600000, 0x00000000c4700000|  0%| F|  |TAMS 0x00000000c4600000, 0x00000000c4600000| Untracked 
|  27|0x00000000c4700000, 0x00000000c4700000, 0x00000000c4800000|  0%| F|  |TAMS 0x00000000c4700000, 0x00000000c4700000| Untracked 
|  28|0x00000000c4800000, 0x00000000c4800000, 0x00000000c4900000|  0%| F|  |TAMS 0x00000000c4800000, 0x00000000c4800000| Untracked 
|  29|0x00000000c4900000, 0x00000000c4900000, 0x00000000c4a00000|  0%| F|  |TAMS 0x00000000c4900000, 0x00000000c4900000| Untracked 
|  30|0x00000000c4a00000, 0x00000000c4a00000, 0x00000000c4b00000|  0%| F|  |TAMS 0x00000000c4a00000, 0x00000000c4a00000| Untracked 
|  31|0x00000000c4b00000, 0x00000000c4b00000, 0x00000000c4c00000|  0%| F|  |TAMS 0x00000000c4b00000, 0x00000000c4b00000| Untracked 
|  32|0x00000000c4c00000, 0x00000000c4c00000, 0x00000000c4d00000|  0%| F|  |TAMS 0x00000000c4c00000, 0x00000000c4c00000| Untracked 
|  33|0x00000000c4d00000, 0x00000000c4d00000, 0x00000000c4e00000|  0%| F|  |TAMS 0x00000000c4d00000, 0x00000000c4d00000| Untracked 
|  34|0x00000000c4e00000, 0x00000000c4e00000, 0x00000000c4f00000|  0%| F|  |TAMS 0x00000000c4e00000, 0x00000000c4e00000| Untracked 
|  35|0x00000000c4f00000, 0x00000000c4f00000, 0x00000000c5000000|  0%| F|  |TAMS 0x00000000c4f00000, 0x00000000c4f00000| Untracked 
|  36|0x00000000c5000000, 0x00000000c5000000, 0x00000000c5100000|  0%| F|  |TAMS 0x00000000c5000000, 0x00000000c5000000| Untracked 
|  37|0x00000000c5100000, 0x00000000c5100000, 0x00000000c5200000|  0%| F|  |TAMS 0x00000000c5100000, 0x00000000c5100000| Untracked 
|  38|0x00000000c5200000, 0x00000000c5200000, 0x00000000c5300000|  0%| F|  |TAMS 0x00000000c5200000, 0x00000000c5200000| Untracked 
|  39|0x00000000c5300000, 0x00000000c5300000, 0x00000000c5400000|  0%| F|  |TAMS 0x00000000c5300000, 0x00000000c5300000| Untracked 
|  40|0x00000000c5400000, 0x00000000c5400000, 0x00000000c5500000|  0%| F|  |TAMS 0x00000000c5400000, 0x00000000c5400000| Untracked 
|  41|0x00000000c5500000, 0x00000000c5500000, 0x00000000c5600000|  0%| F|  |TAMS 0x00000000c5500000, 0x00000000c5500000| Untracked 
|  42|0x00000000c5600000, 0x00000000c5600000, 0x00000000c5700000|  0%| F|  |TAMS 0x00000000c5600000, 0x00000000c5600000| Untracked 
|  43|0x00000000c5700000, 0x00000000c5700000, 0x00000000c5800000|  0%| F|  |TAMS 0x00000000c5700000, 0x00000000c5700000| Untracked 
|  44|0x00000000c5800000, 0x00000000c5800000, 0x00000000c5900000|  0%| F|  |TAMS 0x00000000c5800000, 0x00000000c5800000| Untracked 
|  45|0x00000000c5900000, 0x00000000c5900000, 0x00000000c5a00000|  0%| F|  |TAMS 0x00000000c5900000, 0x00000000c5900000| Untracked 
|  46|0x00000000c5a00000, 0x00000000c5a00000, 0x00000000c5b00000|  0%| F|  |TAMS 0x00000000c5a00000, 0x00000000c5a00000| Untracked 
|  47|0x00000000c5b00000, 0x00000000c5b00000, 0x00000000c5c00000|  0%| F|  |TAMS 0x00000000c5b00000, 0x00000000c5b00000| Untracked 
|  48|0x00000000c5c00000, 0x00000000c5c00000, 0x00000000c5d00000|  0%| F|  |TAMS 0x00000000c5c00000, 0x00000000c5c00000| Untracked 
|  49|0x00000000c5d00000, 0x00000000c5d00000, 0x00000000c5e00000|  0%| F|  |TAMS 0x00000000c5d00000, 0x00000000c5d00000| Untracked 
|  50|0x00000000c5e00000, 0x00000000c5e00000, 0x00000000c5f00000|  0%| F|  |TAMS 0x00000000c5e00000, 0x00000000c5e00000| Untracked 
|  51|0x00000000c5f00000, 0x00000000c5f00000, 0x00000000c6000000|  0%| F|  |TAMS 0x00000000c5f00000, 0x00000000c5f00000| Untracked 
|  52|0x00000000c6000000, 0x00000000c6000000, 0x00000000c6100000|  0%| F|  |TAMS 0x00000000c6000000, 0x00000000c6000000| Untracked 
|  53|0x00000000c6100000, 0x00000000c6100000, 0x00000000c6200000|  0%| F|  |TAMS 0x00000000c6100000, 0x00000000c6100000| Untracked 
|  54|0x00000000c6200000, 0x00000000c6200000, 0x00000000c6300000|  0%| F|  |TAMS 0x00000000c6200000, 0x00000000c6200000| Untracked 
|  55|0x00000000c6300000, 0x00000000c6300000, 0x00000000c6400000|  0%| F|  |TAMS 0x00000000c6300000, 0x00000000c6300000| Untracked 
|  56|0x00000000c6400000, 0x00000000c6400000, 0x00000000c6500000|  0%| F|  |TAMS 0x00000000c6400000, 0x00000000c6400000| Untracked 
|  57|0x00000000c6500000, 0x00000000c6500000, 0x00000000c6600000|  0%| F|  |TAMS 0x00000000c6500000, 0x00000000c6500000| Untracked 
|  58|0x00000000c6600000, 0x00000000c6600000, 0x00000000c6700000|  0%| F|  |TAMS 0x00000000c6600000, 0x00000000c6600000| Untracked 
|  59|0x00000000c6700000, 0x00000000c6700000, 0x00000000c6800000|  0%| F|  |TAMS 0x00000000c6700000, 0x00000000c6700000| Untracked 
|  60|0x00000000c6800000, 0x00000000c6800000, 0x00000000c6900000|  0%| F|  |TAMS 0x00000000c6800000, 0x00000000c6800000| Untracked 
|  61|0x00000000c6900000, 0x00000000c6905dd0, 0x00000000c6a00000|  2%| E|  |TAMS 0x00000000c6900000, 0x00000000c6900000| Complete 
|  62|0x00000000c6a00000, 0x00000000c6b00000, 0x00000000c6b00000|100%|HS|  |TAMS 0x00000000c6b00000, 0x00000000c6a00000| Complete 
|  63|0x00000000c6b00000, 0x00000000c6c00000, 0x00000000c6c00000|100%|HC|  |TAMS 0x00000000c6c00000, 0x00000000c6b00000| Complete 
|  64|0x00000000c6c00000, 0x00000000c6d00000, 0x00000000c6d00000|100%|HC|  |TAMS 0x00000000c6d00000, 0x00000000c6c00000| Complete 
|  65|0x00000000c6d00000, 0x00000000c6e00000, 0x00000000c6e00000|100%|HC|  |TAMS 0x00000000c6e00000, 0x00000000c6d00000| Complete 
|  66|0x00000000c6e00000, 0x00000000c6f00000, 0x00000000c6f00000|100%|HC|  |TAMS 0x00000000c6f00000, 0x00000000c6e00000| Complete 
|  67|0x00000000c6f00000, 0x00000000c7000000, 0x00000000c7000000|100%|HC|  |TAMS 0x00000000c7000000, 0x00000000c6f00000| Complete 
|  68|0x00000000c7000000, 0x00000000c7100000, 0x00000000c7100000|100%|HC|  |TAMS 0x00000000c7100000, 0x00000000c7000000| Complete 
|  69|0x00000000c7100000, 0x00000000c7200000, 0x00000000c7200000|100%|HC|  |TAMS 0x00000000c7200000, 0x00000000c7100000| Complete 
|  70|0x00000000c7200000, 0x00000000c7300000, 0x00000000c7300000|100%|HC|  |TAMS 0x00000000c7300000, 0x00000000c7200000| Complete 
|  71|0x00000000c7300000, 0x00000000c7400000, 0x00000000c7400000|100%|HC|  |TAMS 0x00000000c7400000, 0x00000000c7300000| Complete 
|  72|0x00000000c7400000, 0x00000000c7500000, 0x00000000c7500000|100%|HC|  |TAMS 0x00000000c7500000, 0x00000000c7400000| Complete 
|  73|0x00000000c7500000, 0x00000000c7600000, 0x00000000c7600000|100%|HC|  |TAMS 0x00000000c7600000, 0x00000000c7500000| Complete 
|  74|0x00000000c7600000, 0x00000000c7700000, 0x00000000c7700000|100%|HC|  |TAMS 0x00000000c7700000, 0x00000000c7600000| Complete 
|  75|0x00000000c7700000, 0x00000000c7800000, 0x00000000c7800000|100%|HC|  |TAMS 0x00000000c7800000, 0x00000000c7700000| Complete 
|  76|0x00000000c7800000, 0x00000000c7900000, 0x00000000c7900000|100%|HC|  |TAMS 0x00000000c7900000, 0x00000000c7800000| Complete 
|  77|0x00000000c7900000, 0x00000000c7a00000, 0x00000000c7a00000|100%|HC|  |TAMS 0x00000000c7a00000, 0x00000000c7900000| Complete 
|  78|0x00000000c7a00000, 0x00000000c7b00000, 0x00000000c7b00000|100%|HC|  |TAMS 0x00000000c7b00000, 0x00000000c7a00000| Complete 
|  79|0x00000000c7b00000, 0x00000000c7c00000, 0x00000000c7c00000|100%|HC|  |TAMS 0x00000000c7c00000, 0x00000000c7b00000| Complete 
|  80|0x00000000c7c00000, 0x00000000c7d00000, 0x00000000c7d00000|100%|HC|  |TAMS 0x00000000c7d00000, 0x00000000c7c00000| Complete 
|  81|0x00000000c7d00000, 0x00000000c7e00000, 0x00000000c7e00000|100%|HC|  |TAMS 0x00000000c7e00000, 0x00000000c7d00000| Complete 
|  82|0x00000000c7e00000, 0x00000000c7f00000, 0x00000000c7f00000|100%|HC|  |TAMS 0x00000000c7f00000, 0x00000000c7e00000| Complete 
|  83|0x00000000c7f00000, 0x00000000c8000000, 0x00000000c8000000|100%|HC|  |TAMS 0x00000000c8000000, 0x00000000c7f00000| Complete 
|  84|0x00000000c8000000, 0x00000000c8100000, 0x00000000c8100000|100%|HC|  |TAMS 0x00000000c8100000, 0x00000000c8000000| Complete 
|  85|0x00000000c8100000, 0x00000000c8200000, 0x00000000c8200000|100%|HC|  |TAMS 0x00000000c8200000, 0x00000000c8100000| Complete 
|  86|0x00000000c8200000, 0x00000000c8300000, 0x00000000c8300000|100%|HC|  |TAMS 0x00000000c8300000, 0x00000000c8200000| Complete 
|  87|0x00000000c8300000, 0x00000000c8400000, 0x00000000c8400000|100%|HC|  |TAMS 0x00000000c8400000, 0x00000000c8300000| Complete 
|  88|0x00000000c8400000, 0x00000000c8500000, 0x00000000c8500000|100%|HC|  |TAMS 0x00000000c8500000, 0x00000000c8400000| Complete 
|  89|0x00000000c8500000, 0x00000000c8600000, 0x00000000c8600000|100%|HC|  |TAMS 0x00000000c8600000, 0x00000000c8500000| Complete 
|  90|0x00000000c8600000, 0x00000000c8700000, 0x00000000c8700000|100%|HC|  |TAMS 0x00000000c8700000, 0x00000000c8600000| Complete 
|  91|0x00000000c8700000, 0x00000000c8800000, 0x00000000c8800000|100%|HC|  |TAMS 0x00000000c8800000, 0x00000000c8700000| Complete 
|  92|0x00000000c8800000, 0x00000000c8900000, 0x00000000c8900000|100%|HC|  |TAMS 0x00000000c8900000, 0x00000000c8800000| Complete 
|  93|0x00000000c8900000, 0x00000000c8a00000, 0x00000000c8a00000|100%|HC|  |TAMS 0x00000000c8a00000, 0x00000000c8900000| Complete 
|  94|0x00000000c8a00000, 0x00000000c8b00000, 0x00000000c8b00000|100%|HC|  |TAMS 0x00000000c8b00000, 0x00000000c8a00000| Complete 
|  95|0x00000000c8b00000, 0x00000000c8c00000, 0x00000000c8c00000|100%|HC|  |TAMS 0x00000000c8c00000, 0x00000000c8b00000| Complete 
|  96|0x00000000c8c00000, 0x00000000c8d00000, 0x00000000c8d00000|100%|HC|  |TAMS 0x00000000c8d00000, 0x00000000c8c00000| Complete 
|  97|0x00000000c8d00000, 0x00000000c8e00000, 0x00000000c8e00000|100%|HC|  |TAMS 0x00000000c8e00000, 0x00000000c8d00000| Complete 
|  98|0x00000000c8e00000, 0x00000000c8f00000, 0x00000000c8f00000|100%|HC|  |TAMS 0x00000000c8f00000, 0x00000000c8e00000| Complete 
|  99|0x00000000c8f00000, 0x00000000c9000000, 0x00000000c9000000|100%|HC|  |TAMS 0x00000000c9000000, 0x00000000c8f00000| Complete 
| 100|0x00000000c9000000, 0x00000000c9100000, 0x00000000c9100000|100%|HC|  |TAMS 0x00000000c9100000, 0x00000000c9000000| Complete 
| 101|0x00000000c9100000, 0x00000000c9200000, 0x00000000c9200000|100%|HC|  |TAMS 0x00000000c9200000, 0x00000000c9100000| Complete 
| 102|0x00000000c9200000, 0x00000000c9300000, 0x00000000c9300000|100%|HC|  |TAMS 0x00000000c9300000, 0x00000000c9200000| Complete 
| 103|0x00000000c9300000, 0x00000000c9400000, 0x00000000c9400000|100%|HC|  |TAMS 0x00000000c9400000, 0x00000000c9300000| Complete 
| 104|0x00000000c9400000, 0x00000000c9500000, 0x00000000c9500000|100%|HC|  |TAMS 0x00000000c9500000, 0x00000000c9400000| Complete 
| 105|0x00000000c9500000, 0x00000000c9600000, 0x00000000c9600000|100%|HC|  |TAMS 0x00000000c9600000, 0x00000000c9500000| Complete 
| 106|0x00000000c9600000, 0x00000000c9700000, 0x00000000c9700000|100%|HC|  |TAMS 0x00000000c9700000, 0x00000000c9600000| Complete 
| 107|0x00000000c9700000, 0x00000000c9800000, 0x00000000c9800000|100%|HC|  |TAMS 0x00000000c9800000, 0x00000000c9700000| Complete 
| 108|0x00000000c9800000, 0x00000000c9900000, 0x00000000c9900000|100%|HC|  |TAMS 0x00000000c9900000, 0x00000000c9800000| Complete 
| 109|0x00000000c9900000, 0x00000000c9a00000, 0x00000000c9a00000|100%|HC|  |TAMS 0x00000000c9a00000, 0x00000000c9900000| Complete 
| 110|0x00000000c9a00000, 0x00000000c9b00000, 0x00000000c9b00000|100%|HC|  |TAMS 0x00000000c9b00000, 0x00000000c9a00000| Complete 
| 111|0x00000000c9b00000, 0x00000000c9c00000, 0x00000000c9c00000|100%|HC|  |TAMS 0x00000000c9c00000, 0x00000000c9b00000| Complete 
| 112|0x00000000c9c00000, 0x00000000c9d00000, 0x00000000c9d00000|100%|HC|  |TAMS 0x00000000c9d00000, 0x00000000c9c00000| Complete 
| 113|0x00000000c9d00000, 0x00000000c9e00000, 0x00000000c9e00000|100%|HC|  |TAMS 0x00000000c9e00000, 0x00000000c9d00000| Complete 
| 114|0x00000000c9e00000, 0x00000000c9f00000, 0x00000000c9f00000|100%|HC|  |TAMS 0x00000000c9f00000, 0x00000000c9e00000| Complete 
| 115|0x00000000c9f00000, 0x00000000ca000000, 0x00000000ca000000|100%|HC|  |TAMS 0x00000000ca000000, 0x00000000c9f00000| Complete 
| 116|0x00000000ca000000, 0x00000000ca100000, 0x00000000ca100000|100%|HC|  |TAMS 0x00000000ca100000, 0x00000000ca000000| Complete 
| 117|0x00000000ca100000, 0x00000000ca200000, 0x00000000ca200000|100%|HC|  |TAMS 0x00000000ca200000, 0x00000000ca100000| Complete 
| 118|0x00000000ca200000, 0x00000000ca300000, 0x00000000ca300000|100%|HC|  |TAMS 0x00000000ca300000, 0x00000000ca200000| Complete 
| 119|0x00000000ca300000, 0x00000000ca400000, 0x00000000ca400000|100%|HC|  |TAMS 0x00000000ca400000, 0x00000000ca300000| Complete 
| 120|0x00000000ca400000, 0x00000000ca500000, 0x00000000ca500000|100%|HC|  |TAMS 0x00000000ca500000, 0x00000000ca400000| Complete 
| 121|0x00000000ca500000, 0x00000000ca600000, 0x00000000ca600000|100%|HC|  |TAMS 0x00000000ca600000, 0x00000000ca500000| Complete 
| 122|0x00000000ca600000, 0x00000000ca700000, 0x00000000ca700000|100%|HC|  |TAMS 0x00000000ca700000, 0x00000000ca600000| Complete 
| 123|0x00000000ca700000, 0x00000000ca800000, 0x00000000ca800000|100%|HC|  |TAMS 0x00000000ca800000, 0x00000000ca700000| Complete 
| 124|0x00000000ca800000, 0x00000000ca900000, 0x00000000ca900000|100%|HC|  |TAMS 0x00000000ca900000, 0x00000000ca800000| Complete 
| 125|0x00000000ca900000, 0x00000000caa00000, 0x00000000caa00000|100%|HC|  |TAMS 0x00000000caa00000, 0x00000000ca900000| Complete 
| 126|0x00000000caa00000, 0x00000000cab00000, 0x00000000cab00000|100%|HC|  |TAMS 0x00000000cab00000, 0x00000000caa00000| Complete 
| 127|0x00000000cab00000, 0x00000000cac00000, 0x00000000cac00000|100%|HC|  |TAMS 0x00000000cac00000, 0x00000000cab00000| Complete 
| 128|0x00000000cac00000, 0x00000000cad00000, 0x00000000cad00000|100%|HC|  |TAMS 0x00000000cad00000, 0x00000000cac00000| Complete 
| 129|0x00000000cad00000, 0x00000000cae00000, 0x00000000cae00000|100%|HC|  |TAMS 0x00000000cae00000, 0x00000000cad00000| Complete 
| 130|0x00000000cae00000, 0x00000000caf00000, 0x00000000caf00000|100%|HC|  |TAMS 0x00000000caf00000, 0x00000000cae00000| Complete 
| 131|0x00000000caf00000, 0x00000000cb000000, 0x00000000cb000000|100%|HC|  |TAMS 0x00000000cb000000, 0x00000000caf00000| Complete 
| 132|0x00000000cb000000, 0x00000000cb100000, 0x00000000cb100000|100%|HC|  |TAMS 0x00000000cb100000, 0x00000000cb000000| Complete 
| 133|0x00000000cb100000, 0x00000000cb200000, 0x00000000cb200000|100%|HC|  |TAMS 0x00000000cb200000, 0x00000000cb100000| Complete 
| 134|0x00000000cb200000, 0x00000000cb300000, 0x00000000cb300000|100%|HC|  |TAMS 0x00000000cb300000, 0x00000000cb200000| Complete 
| 135|0x00000000cb300000, 0x00000000cb400000, 0x00000000cb400000|100%|HC|  |TAMS 0x00000000cb400000, 0x00000000cb300000| Complete 
| 136|0x00000000cb400000, 0x00000000cb500000, 0x00000000cb500000|100%|HC|  |TAMS 0x00000000cb500000, 0x00000000cb400000| Complete 
| 137|0x00000000cb500000, 0x00000000cb600000, 0x00000000cb600000|100%|HC|  |TAMS 0x00000000cb600000, 0x00000000cb500000| Complete 
| 138|0x00000000cb600000, 0x00000000cb700000, 0x00000000cb700000|100%|HC|  |TAMS 0x00000000cb700000, 0x00000000cb600000| Complete 
| 139|0x00000000cb700000, 0x00000000cb800000, 0x00000000cb800000|100%|HC|  |TAMS 0x00000000cb800000, 0x00000000cb700000| Complete 
| 140|0x00000000cb800000, 0x00000000cb900000, 0x00000000cb900000|100%|HC|  |TAMS 0x00000000cb900000, 0x00000000cb800000| Complete 
| 141|0x00000000cb900000, 0x00000000cba00000, 0x00000000cba00000|100%|HC|  |TAMS 0x00000000cba00000, 0x00000000cb900000| Complete 
| 142|0x00000000cba00000, 0x00000000cbb00000, 0x00000000cbb00000|100%|HC|  |TAMS 0x00000000cbb00000, 0x00000000cba00000| Complete 
| 143|0x00000000cbb00000, 0x00000000cbc00000, 0x00000000cbc00000|100%|HC|  |TAMS 0x00000000cbc00000, 0x00000000cbb00000| Complete 
| 144|0x00000000cbc00000, 0x00000000cbd00000, 0x00000000cbd00000|100%|HC|  |TAMS 0x00000000cbd00000, 0x00000000cbc00000| Complete 
| 145|0x00000000cbd00000, 0x00000000cbe00000, 0x00000000cbe00000|100%|HC|  |TAMS 0x00000000cbe00000, 0x00000000cbd00000| Complete 
| 146|0x00000000cbe00000, 0x00000000cbf00000, 0x00000000cbf00000|100%|HC|  |TAMS 0x00000000cbf00000, 0x00000000cbe00000| Complete 
| 147|0x00000000cbf00000, 0x00000000cc000000, 0x00000000cc000000|100%|HC|  |TAMS 0x00000000cc000000, 0x00000000cbf00000| Complete 
| 148|0x00000000cc000000, 0x00000000cc100000, 0x00000000cc100000|100%|HC|  |TAMS 0x00000000cc100000, 0x00000000cc000000| Complete 
| 149|0x00000000cc100000, 0x00000000cc200000, 0x00000000cc200000|100%|HC|  |TAMS 0x00000000cc200000, 0x00000000cc100000| Complete 
| 150|0x00000000cc200000, 0x00000000cc300000, 0x00000000cc300000|100%|HC|  |TAMS 0x00000000cc300000, 0x00000000cc200000| Complete 
| 151|0x00000000cc300000, 0x00000000cc400000, 0x00000000cc400000|100%|HC|  |TAMS 0x00000000cc400000, 0x00000000cc300000| Complete 
| 152|0x00000000cc400000, 0x00000000cc500000, 0x00000000cc500000|100%|HC|  |TAMS 0x00000000cc500000, 0x00000000cc400000| Complete 
| 153|0x00000000cc500000, 0x00000000cc600000, 0x00000000cc600000|100%|HC|  |TAMS 0x00000000cc600000, 0x00000000cc500000| Complete 

Card table byte_map: [0x000002d2cbac0000,0x000002d2cbcb0000] _byte_map_base: 0x000002d2cb4aa000

Marking Bits (Prev, Next): (CMBitMap*) 0x000002d2b324a3e0, (CMBitMap*) 0x000002d2b324a3a0
 Prev Bits: [0x000002d2ccdf0000, 0x000002d2cdd40000)
 Next Bits: [0x000002d2cbea0000, 0x000002d2ccdf0000)

Polling page: 0x000002d2b3300000

Metaspace:

Usage:
  Non-class:      6.12 MB used.
      Class:    806.68 KB used.
       Both:      6.90 MB used.

Virtual space:
  Non-class space:        8.00 MB reserved,       6.25 MB ( 78%) committed,  1 nodes.
      Class space:        1.00 GB reserved,     896.00 KB ( <1%) committed,  1 nodes.
             Both:        1.01 GB reserved,       7.12 MB ( <1%) committed. 

Chunk freelists:
   Non-Class:  1008.00 KB
       Class:  3.00 MB
        Both:  3.98 MB

MaxMetaspaceSize: unlimited
CompressedClassSpaceSize: 1.00 GB
Initial GC threshold: 21.00 MB
Current GC threshold: 21.00 MB
CDS: on
MetaspaceReclaimPolicy: balanced
 - commit_granule_bytes: 65536.
 - commit_granule_words: 8192.
 - virtual_space_node_default_size: 1048576.
 - enlarge_chunks_in_place: 1.
 - new_chunks_are_fully_committed: 0.
 - uncommit_free_chunks: 1.
 - use_allocation_guard: 0.
 - handle_deallocations: 1.


Internal statistics:

num_allocs_failed_limit: 0.
num_arena_births: 100.
num_arena_deaths: 0.
num_vsnodes_births: 2.
num_vsnodes_deaths: 0.
num_space_committed: 114.
num_space_uncommitted: 0.
num_chunks_returned_to_freelist: 0.
num_chunks_taken_from_freelist: 145.
num_chunk_merges: 0.
num_chunk_splits: 78.
num_chunks_enlarged: 22.
num_purges: 0.
num_inconsistent_stats: 0.

CodeHeap 'non-profiled nmethods': size=120064Kb used=223Kb max_used=223Kb free=119840Kb
 bounds [0x000002d2c3f80000, 0x000002d2c41f0000, 0x000002d2cb4c0000]
CodeHeap 'profiled nmethods': size=120000Kb used=1329Kb max_used=1329Kb free=118670Kb
 bounds [0x000002d2bca50000, 0x000002d2bccc0000, 0x000002d2c3f80000]
CodeHeap 'non-nmethods': size=5696Kb used=1230Kb max_used=1245Kb free=4465Kb
 bounds [0x000002d2bc4c0000, 0x000002d2bc730000, 0x000002d2bca50000]
 total_blobs=1357 nmethods=808 adapters=463
 compilation: enabled
              stopped_count=0, restarted_count=0
 full_count=0

Compilation events (20 events):
Event: 1.459 Thread 0x000002d2d00f2b30  801       3       sun.awt.image.IntegerInterleavedRaster::setDataElements (134 bytes)
Event: 1.460 Thread 0x000002d2d00f2b30 nmethod 801 0x000002d2bcb94c10 code [0x000002d2bcb94e00, 0x000002d2bcb95498]
Event: 1.460 Thread 0x000002d2d00f2b30  800   !   3       sun.awt.image.ImageRepresentation::setPixels (527 bytes)
Event: 1.462 Thread 0x000002d2d00f2b30 nmethod 800 0x000002d2bcb95710 code [0x000002d2bcb95aa0, 0x000002d2bcb97b08]
Event: 1.467 Thread 0x000002d2d00f2b30  802  s    3       java.io.BufferedInputStream::available (35 bytes)
Event: 1.467 Thread 0x000002d2d00f2b30 nmethod 802 0x000002d2bcb98b90 code [0x000002d2bcb98d60, 0x000002d2bcb991b8]
Event: 1.614 Thread 0x000002d2d00f2b30  803       3       sun.awt.image.ImageWatched$WeakLink$$Lambda$147/0x0000000800ccc060::<init> (44 bytes)
Event: 1.614 Thread 0x000002d2d00f2b30 nmethod 803 0x000002d2bcb99310 code [0x000002d2bcb994c0, 0x000002d2bcb996f8]
Event: 1.614 Thread 0x000002d2d00f2b30  804       3       sun.awt.image.ImageWatched$WeakLink$$Lambda$147/0x0000000800ccc060::run (32 bytes)
Event: 1.614 Thread 0x000002d2d00f2b30 nmethod 804 0x000002d2bcb99810 code [0x000002d2bcb999a0, 0x000002d2bcb99b08]
Event: 1.614 Thread 0x000002d2d00f2b30  805       3       java.awt.ImageMediaEntry::imageUpdate (51 bytes)
Event: 1.615 Thread 0x000002d2d00f2b30 nmethod 805 0x000002d2bcb99b90 code [0x000002d2bcb99d80, 0x000002d2bcb9a468]
Event: 1.644 Thread 0x000002d2d00f2b30  806       3       sun.awt.image.JPEGImageDecoder::sendPixels (40 bytes)
Event: 1.644 Thread 0x000002d2d00f2b30 nmethod 806 0x000002d2bcb9a690 code [0x000002d2bcb9a840, 0x000002d2bcb9aae8]
Event: 1.992 Thread 0x000002d2d00f2b30  807       3       sun.awt.image.ImageWatched$WeakLink::lambda$update$0 (19 bytes)
Event: 1.992 Thread 0x000002d2d00f2b30 nmethod 807 0x000002d2bcb9ac10 code [0x000002d2bcb9adc0, 0x000002d2bcb9b068]
Event: 2.642 Thread 0x000002d2d00f2b30  808       3       java.io.FileInputStream::read (8 bytes)
Event: 2.643 Thread 0x000002d2d00f2b30 nmethod 808 0x000002d2bcb9b190 code [0x000002d2bcb9b320, 0x000002d2bcb9b468]
Event: 2.831 Thread 0x000002d2d00f2b30  810       3       java.io.BufferedInputStream::fill (203 bytes)
Event: 2.833 Thread 0x000002d2d00f2b30 nmethod 810 0x000002d2bcb9b510 code [0x000002d2bcb9b780, 0x000002d2bcb9c3e8]

GC Heap History (8 events):
Event: 0.868 GC heap before
{Heap before GC invocations=0 (full 0):
 garbage-first heap   total 63488K, used 6144K [0x00000000c2c00000, 0x0000000100000000)
  region size 1024K, 6 young (6144K), 0 survivors (0K)
 Metaspace       used 6739K, committed 6848K, reserved 1056768K
  class space    used 783K, committed 832K, reserved 1048576K
}
Event: 0.878 GC heap after
{Heap after GC invocations=1 (full 0):
 garbage-first heap   total 63488K, used 2301K [0x00000000c2c00000, 0x0000000100000000)
  region size 1024K, 1 young (1024K), 1 survivors (1024K)
 Metaspace       used 6739K, committed 6848K, reserved 1056768K
  class space    used 783K, committed 832K, reserved 1048576K
}
Event: 1.105 GC heap before
{Heap before GC invocations=1 (full 0):
 garbage-first heap   total 63488K, used 3325K [0x00000000c2c00000, 0x0000000100000000)
  region size 1024K, 3 young (3072K), 1 survivors (1024K)
 Metaspace       used 7050K, committed 7232K, reserved 1056768K
  class space    used 806K, committed 896K, reserved 1048576K
}
Event: 1.127 GC heap after
{Heap after GC invocations=2 (full 0):
 garbage-first heap   total 63488K, used 3007K [0x00000000c2c00000, 0x0000000100000000)
  region size 1024K, 1 young (1024K), 1 survivors (1024K)
 Metaspace       used 7050K, committed 7232K, reserved 1056768K
  class space    used 806K, committed 896K, reserved 1048576K
}
Event: 1.942 GC heap before
{Heap before GC invocations=2 (full 0):
 garbage-first heap   total 157696K, used 103359K [0x00000000c2c00000, 0x0000000100000000)
  region size 1024K, 8 young (8192K), 1 survivors (1024K)
 Metaspace       used 7069K, committed 7296K, reserved 1056768K
  class space    used 806K, committed 896K, reserved 1048576K
}
Event: 1.956 GC heap after
{Heap after GC invocations=3 (full 0):
 garbage-first heap   total 157696K, used 97127K [0x00000000c2c00000, 0x0000000100000000)
  region size 1024K, 1 young (1024K), 1 survivors (1024K)
 Metaspace       used 7069K, committed 7296K, reserved 1056768K
  class space    used 806K, committed 896K, reserved 1048576K
}
Event: 3.228 GC heap before
{Heap before GC invocations=3 (full 0):
 garbage-first heap   total 157696K, used 132967K [0x00000000c2c00000, 0x0000000100000000)
  region size 1024K, 37 young (37888K), 1 survivors (1024K)
 Metaspace       used 7070K, committed 7296K, reserved 1056768K
  class space    used 806K, committed 896K, reserved 1048576K
}
Event: 3.231 GC heap after
{Heap after GC invocations=4 (full 0):
 garbage-first heap   total 157696K, used 97120K [0x00000000c2c00000, 0x0000000100000000)
  region size 1024K, 1 young (1024K), 1 survivors (1024K)
 Metaspace       used 7070K, committed 7296K, reserved 1056768K
  class space    used 806K, committed 896K, reserved 1048576K
}

Deoptimization events (20 events):
Event: 0.609 Thread 0x000002d2b321d4d0 Uncommon trap: trap_request=0xffffffde fr.pc=0x000002d2c3f8de00 relative=0x00000000000007a0
Event: 0.609 Thread 0x000002d2b321d4d0 Uncommon trap: reason=class_check action=maybe_recompile pc=0x000002d2c3f8de00 method=java.util.HashMap.putVal(ILjava/lang/Object;Ljava/lang/Object;ZZ)Ljava/lang/Object; @ 152 c2
Event: 0.609 Thread 0x000002d2b321d4d0 DEOPT PACKING pc=0x000002d2c3f8de00 sp=0x000000ef03dfc860
Event: 0.609 Thread 0x000002d2b321d4d0 DEOPT UNPACKING pc=0x000002d2bc51239d sp=0x000000ef03dfc7e0 mode 2
Event: 0.670 Thread 0x000002d2b321d4d0 Uncommon trap: trap_request=0xffffffc6 fr.pc=0x000002d2c3fa65b0 relative=0x0000000000000930
Event: 0.670 Thread 0x000002d2b321d4d0 Uncommon trap: reason=bimorphic_or_optimized_type_check action=maybe_recompile pc=0x000002d2c3fa65b0 method=java.util.HashMap.putVal(ILjava/lang/Object;Ljava/lang/Object;ZZ)Ljava/lang/Object; @ 152 c2
Event: 0.670 Thread 0x000002d2b321d4d0 DEOPT PACKING pc=0x000002d2c3fa65b0 sp=0x000000ef03dfe820
Event: 0.670 Thread 0x000002d2b321d4d0 DEOPT UNPACKING pc=0x000002d2bc51239d sp=0x000000ef03dfe7a0 mode 2
Event: 0.670 Thread 0x000002d2b321d4d0 Uncommon trap: trap_request=0xffffffc6 fr.pc=0x000002d2c3fa65b0 relative=0x0000000000000930
Event: 0.670 Thread 0x000002d2b321d4d0 Uncommon trap: reason=bimorphic_or_optimized_type_check action=maybe_recompile pc=0x000002d2c3fa65b0 method=java.util.HashMap.putVal(ILjava/lang/Object;Ljava/lang/Object;ZZ)Ljava/lang/Object; @ 152 c2
Event: 0.670 Thread 0x000002d2b321d4d0 DEOPT PACKING pc=0x000002d2c3fa65b0 sp=0x000000ef03dfe820
Event: 0.670 Thread 0x000002d2b321d4d0 DEOPT UNPACKING pc=0x000002d2bc51239d sp=0x000000ef03dfe7a0 mode 2
Event: 0.670 Thread 0x000002d2b321d4d0 Uncommon trap: trap_request=0xffffffc6 fr.pc=0x000002d2c3fa65b0 relative=0x0000000000000930
Event: 0.671 Thread 0x000002d2b321d4d0 Uncommon trap: reason=bimorphic_or_optimized_type_check action=maybe_recompile pc=0x000002d2c3fa65b0 method=java.util.HashMap.putVal(ILjava/lang/Object;Ljava/lang/Object;ZZ)Ljava/lang/Object; @ 152 c2
Event: 0.671 Thread 0x000002d2b321d4d0 DEOPT PACKING pc=0x000002d2c3fa65b0 sp=0x000000ef03dfe820
Event: 0.671 Thread 0x000002d2b321d4d0 DEOPT UNPACKING pc=0x000002d2bc51239d sp=0x000000ef03dfe7a0 mode 2
Event: 0.671 Thread 0x000002d2b321d4d0 Uncommon trap: trap_request=0xffffffc6 fr.pc=0x000002d2c3fa65b0 relative=0x0000000000000930
Event: 0.671 Thread 0x000002d2b321d4d0 Uncommon trap: reason=bimorphic_or_optimized_type_check action=maybe_recompile pc=0x000002d2c3fa65b0 method=java.util.HashMap.putVal(ILjava/lang/Object;Ljava/lang/Object;ZZ)Ljava/lang/Object; @ 152 c2
Event: 0.671 Thread 0x000002d2b321d4d0 DEOPT PACKING pc=0x000002d2c3fa65b0 sp=0x000000ef03dfe820
Event: 0.671 Thread 0x000002d2b321d4d0 DEOPT UNPACKING pc=0x000002d2bc51239d sp=0x000000ef03dfe7a0 mode 2

Classes unloaded (0 events):
No events

Classes redefined (0 events):
No events

Internal exceptions (20 events):
Event: 0.659 Thread 0x000002d2b321d4d0 Exception <a 'java/lang/ClassNotFoundException'{0x00000000c6528de0}: TextArea> (0x00000000c6528de0) 
thrown [e:\jenkins\tmp\workspace\build\src\src\hotspot\share\classfile\systemDictionary.cpp, line 256]
Event: 0.662 Thread 0x000002d2b321d4d0 Exception <a 'java/lang/ClassNotFoundException'{0x00000000c6529720}: TextPane> (0x00000000c6529720) 
thrown [e:\jenkins\tmp\workspace\build\src\src\hotspot\share\classfile\systemDictionary.cpp, line 256]
Event: 0.662 Thread 0x000002d2b321d4d0 Exception <a 'java/lang/ClassNotFoundException'{0x00000000c6529b88}: EditorPane> (0x00000000c6529b88) 
thrown [e:\jenkins\tmp\workspace\build\src\src\hotspot\share\classfile\systemDictionary.cpp, line 256]
Event: 0.663 Thread 0x000002d2b321d4d0 Exception <a 'java/lang/ClassNotFoundException'{0x00000000c652a4e8}: ToolBar> (0x00000000c652a4e8) 
thrown [e:\jenkins\tmp\workspace\build\src\src\hotspot\share\classfile\systemDictionary.cpp, line 256]
Event: 0.663 Thread 0x000002d2b321d4d0 Exception <a 'java/lang/ClassNotFoundException'{0x00000000c652a9e0}: ToolBar> (0x00000000c652a9e0) 
thrown [e:\jenkins\tmp\workspace\build\src\src\hotspot\share\classfile\systemDictionary.cpp, line 256]
Event: 0.663 Thread 0x000002d2b321d4d0 Exception <a 'java/lang/ClassNotFoundException'{0x00000000c652ad40}: Button> (0x00000000c652ad40) 
thrown [e:\jenkins\tmp\workspace\build\src\src\hotspot\share\classfile\systemDictionary.cpp, line 256]
Event: 0.663 Thread 0x000002d2b321d4d0 Exception <a 'java/lang/ClassNotFoundException'{0x00000000c652b208}: ToolBar> (0x00000000c652b208) 
thrown [e:\jenkins\tmp\workspace\build\src\src\hotspot\share\classfile\systemDictionary.cpp, line 256]
Event: 0.663 Thread 0x000002d2b321d4d0 Exception <a 'java/lang/ClassNotFoundException'{0x00000000c652b578}: ToggleButton> (0x00000000c652b578) 
thrown [e:\jenkins\tmp\workspace\build\src\src\hotspot\share\classfile\systemDictionary.cpp, line 256]
Event: 0.663 Thread 0x000002d2b321d4d0 Exception <a 'java/lang/ClassNotFoundException'{0x00000000c652b9b8}: javax/swing/JToolBarSeparator> (0x00000000c652b9b8) 
thrown [e:\jenkins\tmp\workspace\build\src\src\hotspot\share\classfile\systemDictionary.cpp, line 256]
Event: 0.663 Thread 0x000002d2b321d4d0 Exception <a 'java/lang/ClassNotFoundException'{0x00000000c652bcc0}: ToolBarSeparator> (0x00000000c652bcc0) 
thrown [e:\jenkins\tmp\workspace\build\src\src\hotspot\share\classfile\systemDictionary.cpp, line 256]
Event: 0.664 Thread 0x000002d2b321d4d0 Exception <a 'java/lang/ClassNotFoundException'{0x00000000c652c1d8}: ToolTip> (0x00000000c652c1d8) 
thrown [e:\jenkins\tmp\workspace\build\src\src\hotspot\share\classfile\systemDictionary.cpp, line 256]
Event: 0.666 Thread 0x000002d2b321d4d0 Exception <a 'java/lang/ClassNotFoundException'{0x00000000c652cb28}: Tree> (0x00000000c652cb28) 
thrown [e:\jenkins\tmp\workspace\build\src\src\hotspot\share\classfile\systemDictionary.cpp, line 256]
Event: 0.666 Thread 0x000002d2b321d4d0 Exception <a 'java/lang/ClassNotFoundException'{0x00000000c652d020}: Tree> (0x00000000c652d020) 
thrown [e:\jenkins\tmp\workspace\build\src\src\hotspot\share\classfile\systemDictionary.cpp, line 256]
Event: 0.666 Thread 0x000002d2b321d4d0 Exception <a 'java/lang/ClassNotFoundException'{0x00000000c652d390}: javax/swing/JTreeCell> (0x00000000c652d390) 
thrown [e:\jenkins\tmp\workspace\build\src\src\hotspot\share\classfile\systemDictionary.cpp, line 256]
Event: 0.666 Thread 0x000002d2b321d4d0 Exception <a 'java/lang/ClassNotFoundException'{0x00000000c652d690}: TreeCell> (0x00000000c652d690) 
thrown [e:\jenkins\tmp\workspace\build\src\src\hotspot\share\classfile\systemDictionary.cpp, line 256]
Event: 0.667 Thread 0x000002d2b321d4d0 Exception <a 'java/lang/ClassNotFoundException'{0x00000000c652de50}: RootPane> (0x00000000c652de50) 
thrown [e:\jenkins\tmp\workspace\build\src\src\hotspot\share\classfile\systemDictionary.cpp, line 256]
Event: 0.669 Thread 0x000002d2b321d4d0 Exception <a 'java/lang/ClassNotFoundException'{0x00000000c6530ca0}: com/sun/swing/internal/plaf/metal/resources/spi/metalProvider> (0x00000000c6530ca0) 
thrown [e:\jenkins\tmp\workspace\build\src\src\hotspot\share\classfile\systemDictionary.cpp, line 256]
Event: 0.671 Thread 0x000002d2b321d4d0 Exception <a 'java/lang/ClassNotFoundException'{0x00000000c6535458}: com/sun/swing/internal/plaf/basic/resources/spi/basicProvider> (0x00000000c6535458) 
thrown [e:\jenkins\tmp\workspace\build\src\src\hotspot\share\classfile\systemDictionary.cpp, line 256]
Event: 0.714 Thread 0x000002d2d0ee2800 Exception <a 'java/lang/ClassNotFoundException'{0x00000000c65af988}: com/sun/swing/internal/plaf/synth/resources/spi/synthProvider> (0x00000000c65af988) 
thrown [e:\jenkins\tmp\workspace\build\src\src\hotspot\share\classfile\systemDictionary.cpp, line 256]
Event: 0.918 Thread 0x000002d2d1743360 Exception <a 'java/lang/NoSuchMethodError'{0x00000000c69c3a28}: 'java.lang.Object java.lang.invoke.DirectMethodHandle$Holder.newInvokeSpecial(java.lang.Object, java.lang.Object, java.lang.Object, int, int, int, int, int)'> (0x00000000c69c3a28) 
thrown [e:\jenkins\tmp\workspace\build\src\src\hotspot\share\interpreter\linkResolver.cpp, line 766]

VM Operations (11 events):
Event: 0.608 Executing VM operation: HandshakeAllThreads
Event: 0.608 Executing VM operation: HandshakeAllThreads done
Event: 0.868 Executing VM operation: G1CollectForAllocation
Event: 0.882 Executing VM operation: G1CollectForAllocation done
Event: 1.105 Executing VM operation: G1TryInitiateConcMark
Event: 1.127 Executing VM operation: G1TryInitiateConcMark done
Event: 1.942 Executing VM operation: G1CollectForAllocation
Event: 1.956 Executing VM operation: G1CollectForAllocation done
Event: 3.228 Executing VM operation: G1CollectForAllocation
Event: 3.232 Executing VM operation: G1CollectForAllocation done
Event: 3.246 Executing VM operation: G1Concurrent

Events (20 events):
Event: 0.923 loading class java/awt/image/SampleModel done
Event: 0.923 loading class java/awt/image/SinglePixelPackedSampleModel done
Event: 0.923 loading class sun/awt/image/IntegerInterleavedRaster
Event: 0.923 loading class sun/awt/image/IntegerComponentRaster
Event: 0.923 loading class sun/awt/image/IntegerComponentRaster done
Event: 0.923 loading class sun/awt/image/IntegerInterleavedRaster done
Event: 0.924 loading class java/awt/image/BufferedImage
Event: 0.925 loading class java/awt/image/WritableRenderedImage
Event: 0.925 loading class java/awt/image/RenderedImage
Event: 0.925 loading class java/awt/image/RenderedImage done
Event: 0.925 loading class java/awt/image/WritableRenderedImage done
Event: 0.925 loading class java/awt/image/BufferedImage done
Event: 0.925 loading class java/awt/image/BufferedImage$1
Event: 0.925 loading class java/awt/image/BufferedImage$1 done
Event: 0.948 Thread 0x000002d2d18d2bf0 Thread added: 0x000002d2d18d2bf0
Event: 1.052 loading class sun/awt/image/JPEGImageDecoder
Event: 1.062 loading class sun/awt/image/JPEGImageDecoder done
Event: 1.062 loading class sun/awt/image/JPEGImageDecoder$1
Event: 1.062 loading class sun/awt/image/JPEGImageDecoder$1 done
Event: 1.083 Loaded shared library C:\Program Files\Eclipse Adoptium\jdk-17.0.1.12-hotspot\bin\javajpeg.dll


Dynamic libraries:
0x00007ff62e620000 - 0x00007ff62e62e000 	C:\Program Files\Eclipse Adoptium\jdk-17.0.1.12-hotspot\bin\java.exe
0x00007ffded680000 - 0x00007ffded889000 	C:\WINDOWS\SYSTEM32\ntdll.dll
0x00007ffdec290000 - 0x00007ffdec34d000 	C:\WINDOWS\System32\KERNEL32.DLL
0x00007ffdeb080000 - 0x00007ffdeb3f4000 	C:\WINDOWS\System32\KERNELBASE.dll
0x00007ffdeb400000 - 0x00007ffdeb511000 	C:\WINDOWS\System32\ucrtbase.dll
0x00007ffde0e40000 - 0x00007ffde0e58000 	C:\Program Files\Eclipse Adoptium\jdk-17.0.1.12-hotspot\bin\jli.dll
0x00007ffdecfa0000 - 0x00007ffded14c000 	C:\WINDOWS\System32\USER32.dll
0x00007ffdeabf0000 - 0x00007ffdeac16000 	C:\WINDOWS\System32\win32u.dll
0x00007ffded260000 - 0x00007ffded289000 	C:\WINDOWS\System32\GDI32.dll
0x00007ffdeaef0000 - 0x00007ffdeb002000 	C:\WINDOWS\System32\gdi32full.dll
0x00007ffdeac20000 - 0x00007ffdeacbd000 	C:\WINDOWS\System32\msvcp_win.dll
0x00007ffde7ac0000 - 0x00007ffde7ad9000 	C:\Program Files\Eclipse Adoptium\jdk-17.0.1.12-hotspot\bin\VCRUNTIME140.dll
0x00007ffddb830000 - 0x00007ffddbad5000 	C:\WINDOWS\WinSxS\amd64_microsoft.windows.common-controls_6595b64144ccf1df_6.0.22000.120_none_9d947278b86cc467\COMCTL32.dll
0x00007ffded290000 - 0x00007ffded333000 	C:\WINDOWS\System32\msvcrt.dll
0x00007ffdecd20000 - 0x00007ffdecd51000 	C:\WINDOWS\System32\IMM32.DLL
0x00007ffde7ab0000 - 0x00007ffde7abc000 	C:\Program Files\Eclipse Adoptium\jdk-17.0.1.12-hotspot\bin\vcruntime140_1.dll
0x00007ffdd1fa0000 - 0x00007ffdd2031000 	C:\Program Files\Eclipse Adoptium\jdk-17.0.1.12-hotspot\bin\msvcp140.dll
0x00007ffdb58e0000 - 0x00007ffdb6526000 	C:\Program Files\Eclipse Adoptium\jdk-17.0.1.12-hotspot\bin\server\jvm.dll
0x00007ffdece80000 - 0x00007ffdecf2e000 	C:\WINDOWS\System32\ADVAPI32.dll
0x00007ffdebb20000 - 0x00007ffdebbbe000 	C:\WINDOWS\System32\sechost.dll
0x00007ffdecd60000 - 0x00007ffdece80000 	C:\WINDOWS\System32\RPCRT4.dll
0x00007ffdec350000 - 0x00007ffdec358000 	C:\WINDOWS\System32\PSAPI.DLL
0x00007ffde7ae0000 - 0x00007ffde7ae9000 	C:\WINDOWS\SYSTEM32\WSOCK32.dll
0x00007ffded5d0000 - 0x00007ffded63f000 	C:\WINDOWS\System32\WS2_32.dll
0x00007ffde5ba0000 - 0x00007ffde5bd3000 	C:\WINDOWS\SYSTEM32\WINMM.dll
0x00007ffde61d0000 - 0x00007ffde61da000 	C:\WINDOWS\SYSTEM32\VERSION.dll
0x00007ffde9c70000 - 0x00007ffde9c88000 	C:\WINDOWS\SYSTEM32\kernel.appcore.dll
0x00007ffde5800000 - 0x00007ffde580a000 	C:\Program Files\Eclipse Adoptium\jdk-17.0.1.12-hotspot\bin\jimage.dll
0x00007ffde87c0000 - 0x00007ffde89e1000 	C:\WINDOWS\SYSTEM32\DBGHELP.DLL
0x00007ffdd9c30000 - 0x00007ffdd9c61000 	C:\WINDOWS\SYSTEM32\dbgcore.DLL
0x00007ffdeab70000 - 0x00007ffdeabef000 	C:\WINDOWS\System32\bcryptPrimitives.dll
0x00007ffde0840000 - 0x00007ffde0865000 	C:\Program Files\Eclipse Adoptium\jdk-17.0.1.12-hotspot\bin\java.dll
0x00007ffde0760000 - 0x00007ffde0836000 	C:\Program Files\Eclipse Adoptium\jdk-17.0.1.12-hotspot\bin\svml.dll
0x00007ffdec570000 - 0x00007ffdecd1f000 	C:\WINDOWS\System32\SHELL32.dll
0x00007ffde8ce0000 - 0x00007ffde9548000 	C:\WINDOWS\SYSTEM32\windows.storage.dll
0x00007ffdebdf0000 - 0x00007ffdec168000 	C:\WINDOWS\System32\combase.dll
0x00007ffde8b70000 - 0x00007ffde8cd6000 	C:\WINDOWS\SYSTEM32\wintypes.dll
0x00007ffded340000 - 0x00007ffded42a000 	C:\WINDOWS\System32\SHCORE.dll
0x00007ffdecf40000 - 0x00007ffdecf9d000 	C:\WINDOWS\System32\shlwapi.dll
0x00007ffdeaaa0000 - 0x00007ffdeaac1000 	C:\WINDOWS\SYSTEM32\profapi.dll
0x00007ffde3da0000 - 0x00007ffde3db9000 	C:\Program Files\Eclipse Adoptium\jdk-17.0.1.12-hotspot\bin\net.dll
0x00007ffde5e90000 - 0x00007ffde5f9c000 	C:\WINDOWS\SYSTEM32\WINHTTP.dll
0x00007ffdea0a0000 - 0x00007ffdea107000 	C:\WINDOWS\system32\mswsock.dll
0x00007ffde0740000 - 0x00007ffde0755000 	C:\Program Files\Eclipse Adoptium\jdk-17.0.1.12-hotspot\bin\nio.dll
0x00007ffddc360000 - 0x00007ffddc378000 	C:\Program Files\Eclipse Adoptium\jdk-17.0.1.12-hotspot\bin\zip.dll
0x00007ffdd14b0000 - 0x00007ffdd163e000 	C:\Program Files\Eclipse Adoptium\jdk-17.0.1.12-hotspot\bin\awt.dll
0x00007ffdec410000 - 0x00007ffdec4e6000 	C:\WINDOWS\System32\OLEAUT32.dll
0x00007ffde7da0000 - 0x00007ffde7e31000 	C:\WINDOWS\SYSTEM32\apphelp.dll
0x00007ffde7f70000 - 0x00007ffde801c000 	C:\WINDOWS\system32\uxtheme.dll
0x00007ffdec170000 - 0x00007ffdec28e000 	C:\WINDOWS\System32\MSCTF.dll
0x00007ffded430000 - 0x00007ffded5ca000 	C:\WINDOWS\System32\ole32.dll
0x00007ffde84f0000 - 0x00007ffde851f000 	C:\WINDOWS\system32\DWMAPI.DLL
0x00007ffdd1420000 - 0x00007ffdd14a9000 	C:\Program Files\Eclipse Adoptium\jdk-17.0.1.12-hotspot\bin\freetype.dll
0x00007ffdd1370000 - 0x00007ffdd1418000 	C:\Program Files\Eclipse Adoptium\jdk-17.0.1.12-hotspot\bin\fontmanager.dll
0x00007ffdd1af0000 - 0x00007ffdd1bf1000 	C:\WINDOWS\system32\opengl32.dll
0x00007ffdd9b20000 - 0x00007ffdd9b4d000 	C:\WINDOWS\SYSTEM32\GLU32.dll
0x00007ffde80b0000 - 0x00007ffde80e8000 	C:\WINDOWS\SYSTEM32\dxcore.dll
0x00007ffde0ef0000 - 0x00007ffde0f1d000 	C:\Program Files\Eclipse Adoptium\jdk-17.0.1.12-hotspot\bin\javajpeg.dll

dbghelp: loaded successfully - version: 4.0.5 - missing functions: none
symbol engine: initialized successfully - sym options: 0x614 - pdb path: .;C:\Program Files\Eclipse Adoptium\jdk-17.0.1.12-hotspot\bin;C:\WINDOWS\SYSTEM32;C:\WINDOWS\WinSxS\amd64_microsoft.windows.common-controls_6595b64144ccf1df_6.0.22000.120_none_9d947278b86cc467;C:\Program Files\Eclipse Adoptium\jdk-17.0.1.12-hotspot\bin\server

VM Arguments:
jvm_args: -Dfile.encoding=UTF-8 --module-path=C:\Users\edwin\Documents\NetBeansProjects\A_Pruebas\build\classes 
java_command: Main
java_class_path (initial): C:\Program Files\NetBeans-13\netbeans\java\modules\ext\AbsoluteLayout.jar;C:\Users\edwin\Documents\NetBeansProjects\A_Pruebas\build\classes
Launcher Type: SUN_STANDARD

[Global flags]
     intx CICompilerCount                          = 2                                         {product} {ergonomic}
     uint ConcGCThreads                            = 1                                         {product} {ergonomic}
     uint G1ConcRefinementThreads                  = 2                                         {product} {ergonomic}
   size_t G1HeapRegionSize                         = 1048576                                   {product} {ergonomic}
    uintx GCDrainStackTargetSize                   = 64                                        {product} {ergonomic}
   size_t InitialHeapSize                          = 65011712                                  {product} {ergonomic}
   size_t MarkStackSize                            = 4194304                                   {product} {ergonomic}
   size_t MaxHeapSize                              = 1027604480                                {product} {ergonomic}
   size_t MaxNewSize                               = 616562688                                 {product} {ergonomic}
   size_t MinHeapDeltaBytes                        = 1048576                                   {product} {ergonomic}
   size_t MinHeapSize                              = 8388608                                   {product} {ergonomic}
    uintx NonNMethodCodeHeapSize                   = 5826188                                {pd product} {ergonomic}
    uintx NonProfiledCodeHeapSize                  = 122916026                              {pd product} {ergonomic}
    uintx ProfiledCodeHeapSize                     = 122916026                              {pd product} {ergonomic}
    uintx ReservedCodeCacheSize                    = 251658240                              {pd product} {ergonomic}
     bool SegmentedCodeCache                       = true                                      {product} {ergonomic}
   size_t SoftMaxHeapSize                          = 1027604480                             {manageable} {ergonomic}
     bool UseCompressedClassPointers               = true                           {product lp64_product} {ergonomic}
     bool UseCompressedOops                        = true                           {product lp64_product} {ergonomic}
     bool UseG1GC                                  = true                                      {product} {ergonomic}
     bool UseLargePagesIndividualAllocation        = false                                  {pd product} {ergonomic}

Logging:
Log output configuration:
 #0: stdout all=warning uptime,level,tags
 #1: stderr all=off uptime,level,tags

Environment Variables:
JAVA_HOME=C:\Program Files\Eclipse Adoptium\jdk-17.0.1.12-hotspot\
PATH=C:\Program Files\Python310\Scripts\;C:\Program Files\Python310\;C:\Program Files\Microsoft\jdk-11.0.12.7-hotspot\bin;C:\Program Files\Eclipse Adoptium\jdk-17.0.1.12-hotspot\bin;C:\Program Files (x86)\Intel\TXE Components\iCLS\;C:\Program Files\Intel\TXE Components\iCLS\;C:\WINDOWS\system32;C:\WINDOWS;C:\WINDOWS\System32\Wbem;C:\WINDOWS\System32\WindowsPowerShell\v1.0\;C:\WINDOWS\System32\OpenSSH\;C:\Program Files\Intel\TXE Components\DAL\;C:\Program Files (x86)\Intel\TXE Components\DAL\;C:\Program Files\Intel\TXE Components\IPT\;C:\Program Files (x86)\Intel\TXE Components\IPT\;C:\TDM-GCC-64\bin;C:\Program Files\Go\bin;C:\Program Files\dotnet\;C:\Users\edwin\AppData\Local\Microsoft\WindowsApps;C:\Users\edwin\AppData\Local\Programs\Microsoft VS Code\bin;C:\C-C++\bin;C:\Users\edwin\go\bin;C:\Users\edwin\.dotnet\tools;C:\ProgramData\Microsoft\Windows\Start Menu\Programs\Python 3.10\Python 3.10 (64-bit).lnk;
USERNAME=edwin
OS=Windows_NT
PROCESSOR_IDENTIFIER=Intel64 Family 6 Model 122 Stepping 1, GenuineIntel



---------------  S Y S T E M  ---------------

OS:
 Windows 10 , 64 bit Build 22000 (10.0.22000.613)
OS uptime: 1 days 7:39 hours

CPU: total 2 (initial active 2) (2 cores per cpu, 1 threads per core) family 6 model 122 stepping 1 microcode 0x36, cx8, cmov, fxsr, mmx, 3dnowpref, sse, sse2, sse3, ssse3, sse4.1, sse4.2, popcnt, tsc, tscinvbit, aes, erms, clmul, sha, clflush, clflushopt

Memory: 4k page, system-wide physical 3918M (122M free)
TotalPageFile size 5718M (AvailPageFile size 9M)
current process WorkingSet (physical memory assigned to process): 248M, peak: 250M
current process commit charge ("private bytes"): 307M, peak: 315M

vm_info: OpenJDK 64-Bit Server VM (17.0.1+12) for windows-amd64 JRE (17.0.1+12), built on Oct 20 2021 07:42:55 by "" with MS VC++ 16.7 (VS2019)

END.
