#
# There is insufficient memory for the Java Runtime Environment to continue.
# Native memory allocation (mmap) failed to map 65536 bytes for Failed to commit metaspace.
# Possible reasons:
#   The system is out of physical RAM or swap space
#   The process is running with CompressedOops enabled, and the Java Heap may be blocking the growth of the native heap
# Possible solutions:
#   Reduce memory load on the system
#   Increase physical memory or swap space
#   Check if swap backing store is full
#   Decrease Java heap size (-Xmx/-Xms)
#   Decrease number of Java threads
#   Decrease Java thread stack sizes (-Xss)
#   Set larger code cache with -XX:ReservedCodeCacheSize=
#   JVM is running with Unscaled Compressed Oops mode in which the Java heap is
#     placed in the first 4GB address space. The Java Heap base address is the
#     maximum limit for the native heap growth. Please use -XX:HeapBaseMinAddress
#     to set the Java Heap base and to place the Java Heap above 4GB virtual address.
# This output file may be truncated or incomplete.
#
#  Out of Memory Error (virtualSpaceNode.cpp:110), pid=9000, tid=6800
#
# JRE version: OpenJDK Runtime Environment Temurin-17.0.1+12 (17.0.1+12) (build 17.0.1+12)
# Java VM: OpenJDK 64-Bit Server VM Temurin-17.0.1+12 (17.0.1+12, mixed mode, tiered, compressed oops, compressed class ptrs, g1 gc, windows-amd64)
# No core dump will be written. Minidumps are not enabled by default on client versions of Windows
#

---------------  S U M M A R Y ------------

Command Line: -Dfile.encoding=UTF-8 --module-path=C:\Users\edwin\Documents\NetBeansProjects\A_Pruebas\build\classes Main

Host: Intel(R) Celeron(R) N4000 CPU @ 1.10GHz, 2 cores, 3G,  Windows 10 , 64 bit Build 22000 (10.0.22000.675)
Time: Sat May 21 22:12:57 2022 Hora de verano central (México) elapsed time: 0.661748 seconds (0d 0h 0m 0s)

---------------  T H R E A D  ---------------

Current thread (0x000001be95870fb0):  JavaThread "main" [_thread_in_vm, id=6800, stack(0x0000009b03d00000,0x0000009b03e00000)]

Stack: [0x0000009b03d00000,0x0000009b03e00000]
Native frames: (J=compiled Java code, j=interpreted, Vv=VM code, C=native code)
V  [jvm.dll+0x6744da]
V  [jvm.dll+0x82e144]
V  [jvm.dll+0x82f8ee]
V  [jvm.dll+0x82ff53]
V  [jvm.dll+0x245175]
V  [jvm.dll+0x82a0eb]
V  [jvm.dll+0x619566]
V  [jvm.dll+0x1bff1e]
V  [jvm.dll+0x61beb1]
V  [jvm.dll+0x619f06]
V  [jvm.dll+0x65666b]
V  [jvm.dll+0x36aff5]
V  [jvm.dll+0x36af18]
V  [jvm.dll+0x37eba7]
C  0x000001be9d35b55d

Java frames: (J=compiled Java code, j=interpreted, Vv=VM code)
j  java.util.concurrent.TimeUnit.$values()[Ljava/util/concurrent/TimeUnit;+2 java.base@17.0.1
j  java.util.concurrent.TimeUnit.<clinit>()V+111 java.base@17.0.1
v  ~StubRoutines::call_stub
j  sun.nio.fs.WindowsFileAttributes.toFileTime(J)Ljava/nio/file/attribute/FileTime;+19 java.base@17.0.1
j  sun.nio.fs.WindowsFileAttributes.lastModifiedTime()Ljava/nio/file/attribute/FileTime;+4 java.base@17.0.1
j  java.util.zip.ZipFile$Source$Key.hashCode()I+20 java.base@17.0.1
J 138 c1 java.util.HashMap.put(Ljava/lang/Object;Ljava/lang/Object;)Ljava/lang/Object; java.base@17.0.1 (13 bytes) @ 0x000001be9d8f776c [0x000001be9d8f75c0+0x00000000000001ac]
j  java.util.zip.ZipFile$Source.get(Ljava/io/File;ZLjava/util/zip/ZipCoder;)Ljava/util/zip/ZipFile$Source;+162 java.base@17.0.1
j  java.util.zip.ZipFile$CleanableResource.<init>(Ljava/util/zip/ZipFile;Ljava/util/zip/ZipCoder;Ljava/io/File;I)V+56 java.base@17.0.1
j  java.util.zip.ZipFile.<init>(Ljava/io/File;ILjava/nio/charset/Charset;)V+123 java.base@17.0.1
j  java.util.zip.ZipFile.<init>(Ljava/io/File;I)V+6 java.base@17.0.1
j  java.util.jar.JarFile.<init>(Ljava/io/File;ZILjava/lang/Runtime$Version;)V+3 java.base@17.0.1
j  jdk.internal.loader.URLClassPath$JarLoader.getJarFile(Ljava/net/URL;)Ljava/util/jar/JarFile;+56 java.base@17.0.1
j  jdk.internal.loader.URLClassPath$JarLoader$1.run()Ljava/lang/Void;+55 java.base@17.0.1
j  jdk.internal.loader.URLClassPath$JarLoader$1.run()Ljava/lang/Object;+1 java.base@17.0.1
j  java.security.AccessController.executePrivileged(Ljava/security/PrivilegedExceptionAction;Ljava/security/AccessControlContext;Ljava/lang/Class;)Ljava/lang/Object;+29 java.base@17.0.1
j  java.security.AccessController.doPrivileged(Ljava/security/PrivilegedExceptionAction;Ljava/security/AccessControlContext;)Ljava/lang/Object;+13 java.base@17.0.1
j  jdk.internal.loader.URLClassPath$JarLoader.ensureOpen()V+19 java.base@17.0.1
j  jdk.internal.loader.URLClassPath$JarLoader.<init>(Ljava/net/URL;Ljava/net/URLStreamHandler;Ljava/util/HashMap;Ljava/security/AccessControlContext;)V+63 java.base@17.0.1
j  jdk.internal.loader.URLClassPath$3.run()Ljdk/internal/loader/URLClassPath$Loader;+168 java.base@17.0.1
j  jdk.internal.loader.URLClassPath$3.run()Ljava/lang/Object;+1 java.base@17.0.1
j  java.security.AccessController.executePrivileged(Ljava/security/PrivilegedExceptionAction;Ljava/security/AccessControlContext;Ljava/lang/Class;)Ljava/lang/Object;+29 java.base@17.0.1
j  java.security.AccessController.doPrivileged(Ljava/security/PrivilegedExceptionAction;Ljava/security/AccessControlContext;)Ljava/lang/Object;+13 java.base@17.0.1
j  jdk.internal.loader.URLClassPath.getLoader(Ljava/net/URL;)Ljdk/internal/loader/URLClassPath$Loader;+13 java.base@17.0.1
j  jdk.internal.loader.URLClassPath.getLoader(I)Ljdk/internal/loader/URLClassPath$Loader;+81 java.base@17.0.1
j  jdk.internal.loader.URLClassPath.getResource(Ljava/lang/String;Z)Ljdk/internal/loader/Resource;+42 java.base@17.0.1
j  jdk.internal.loader.BuiltinClassLoader.findClassOnClassPathOrNull(Ljava/lang/String;)Ljava/lang/Class;+26 java.base@17.0.1
j  jdk.internal.loader.BuiltinClassLoader.loadClassOrNull(Ljava/lang/String;Z)Ljava/lang/Class;+111 java.base@17.0.1
j  jdk.internal.loader.BuiltinClassLoader.loadClass(Ljava/lang/String;Z)Ljava/lang/Class;+3 java.base@17.0.1
j  jdk.internal.loader.ClassLoaders$AppClassLoader.loadClass(Ljava/lang/String;Z)Ljava/lang/Class;+36 java.base@17.0.1
j  java.lang.ClassLoader.loadClass(Ljava/lang/String;)Ljava/lang/Class;+3 java.base@17.0.1
v  ~StubRoutines::call_stub
j  java.lang.Class.forName0(Ljava/lang/String;ZLjava/lang/ClassLoader;Ljava/lang/Class;)Ljava/lang/Class;+0 java.base@17.0.1
j  java.lang.Class.forName(Ljava/lang/String;ZLjava/lang/ClassLoader;)Ljava/lang/Class;+43 java.base@17.0.1
j  sun.launcher.LauncherHelper.loadMainClass(ILjava/lang/String;)Ljava/lang/Class;+95 java.base@17.0.1
j  sun.launcher.LauncherHelper.checkAndLoadMain(ZILjava/lang/String;)Ljava/lang/Class;+42 java.base@17.0.1
v  ~StubRoutines::call_stub

---------------  P R O C E S S  ---------------

Threads class SMR info:
_java_thread_list=0x000001beb161ee70, length=12, elements={
0x000001be95870fb0, 0x000001beb083d250, 0x000001beb083dc10, 0x000001beb0829070,
0x000001beb0829930, 0x000001beb082a1f0, 0x000001beb082aab0, 0x000001beb082b6a0,
0x000001beb084b3c0, 0x000001beb1404110, 0x000001beb14da030, 0x000001beb15a2b20
}

Java Threads: ( => current thread )
=>0x000001be95870fb0 JavaThread "main" [_thread_in_vm, id=6800, stack(0x0000009b03d00000,0x0000009b03e00000)]
  0x000001beb083d250 JavaThread "Reference Handler" daemon [_thread_blocked, id=1696, stack(0x0000009b04400000,0x0000009b04500000)]
  0x000001beb083dc10 JavaThread "Finalizer" daemon [_thread_blocked, id=8864, stack(0x0000009b04500000,0x0000009b04600000)]
  0x000001beb0829070 JavaThread "Signal Dispatcher" daemon [_thread_blocked, id=2564, stack(0x0000009b04600000,0x0000009b04700000)]
  0x000001beb0829930 JavaThread "Attach Listener" daemon [_thread_blocked, id=2124, stack(0x0000009b04700000,0x0000009b04800000)]
  0x000001beb082a1f0 JavaThread "Service Thread" daemon [_thread_blocked, id=3616, stack(0x0000009b04800000,0x0000009b04900000)]
  0x000001beb082aab0 JavaThread "Monitor Deflation Thread" daemon [_thread_blocked, id=8688, stack(0x0000009b04900000,0x0000009b04a00000)]
  0x000001beb082b6a0 JavaThread "C2 CompilerThread0" daemon [_thread_blocked, id=5384, stack(0x0000009b04a00000,0x0000009b04b00000)]
  0x000001beb084b3c0 JavaThread "C1 CompilerThread0" daemon [_thread_blocked, id=7988, stack(0x0000009b04b00000,0x0000009b04c00000)]
  0x000001beb1404110 JavaThread "Sweeper thread" daemon [_thread_blocked, id=4528, stack(0x0000009b04c00000,0x0000009b04d00000)]
  0x000001beb14da030 JavaThread "Common-Cleaner" daemon [_thread_blocked, id=8148, stack(0x0000009b04d00000,0x0000009b04e00000)]
  0x000001beb15a2b20 JavaThread "Notification Thread" daemon [_thread_blocked, id=1632, stack(0x0000009b04e00000,0x0000009b04f00000)]

Other Threads:
  0x000001beb07be950 VMThread "VM Thread" [stack: 0x0000009b04300000,0x0000009b04400000] [id=8340]
  0x000001beb15b21e0 WatcherThread [stack: 0x0000009b04f00000,0x0000009b05000000] [id=4112]
  0x000001be9589ca70 GCTaskThread "GC Thread#0" [stack: 0x0000009b03e00000,0x0000009b03f00000] [id=8776]
  0x000001be958a5430 ConcurrentGCThread "G1 Main Marker" [stack: 0x0000009b03f00000,0x0000009b04000000] [id=5636]
  0x000001be958a65e0 ConcurrentGCThread "G1 Conc#0" [stack: 0x0000009b04000000,0x0000009b04100000] [id=2600]
  0x000001be958e0440 ConcurrentGCThread "G1 Refine#0" [stack: 0x0000009b04100000,0x0000009b04200000] [id=6476]
  0x000001be958e1d80 ConcurrentGCThread "G1 Service" [stack: 0x0000009b04200000,0x0000009b04300000] [id=2852]

Threads with active compile tasks:

VM state: not at safepoint (normal execution)

VM Mutex/Monitor currently owned by a thread:  ([mutex/lock_event])
[0x000001be95868490] Metaspace_lock - owner thread: 0x000001be95870fb0
[0x000001be9586a540] MultiArray_lock - owner thread: 0x000001be95870fb0

Heap address: 0x00000000c2c00000, size: 980 MB, Compressed Oops mode: 32-bit

CDS archive(s) not mapped
Compressed class space mapped at: 0x0000000100000000-0x0000000140000000, reserved size: 1073741824
Narrow klass base: 0x0000000000000000, Narrow klass shift: 3, Narrow klass range: 0x140000000

GC Precious Log:
 CPUs: 2 total, 2 available
 Memory: 3918M
 Large Page Support: Disabled
 NUMA Support: Disabled
 Compressed Oops: Enabled (32-bit)
 Heap Region Size: 1M
 Heap Min Capacity: 8M
 Heap Initial Capacity: 62M
 Heap Max Capacity: 980M
 Pre-touch: Disabled
 Parallel Workers: 2
 Concurrent Workers: 1
 Concurrent Refinement Workers: 2
 Periodic GC: Disabled

Heap:
 garbage-first heap   total 63488K, used 1024K [0x00000000c2c00000, 0x0000000100000000)
  region size 1024K, 2 young (2048K), 0 survivors (0K)
 Metaspace       used 6028K, committed 6144K, reserved 1056768K
  class space    used 510K, committed 512K, reserved 1048576K

Heap Regions: E=young(eden), S=young(survivor), O=old, HS=humongous(starts), HC=humongous(continues), CS=collection set, F=free, OA=open archive, CA=closed archive, TAMS=top-at-mark-start (previous, next)
|   0|0x00000000c2c00000, 0x00000000c2c00000, 0x00000000c2d00000|  0%| F|  |TAMS 0x00000000c2c00000, 0x00000000c2c00000| Untracked 
|   1|0x00000000c2d00000, 0x00000000c2d00000, 0x00000000c2e00000|  0%| F|  |TAMS 0x00000000c2d00000, 0x00000000c2d00000| Untracked 
|   2|0x00000000c2e00000, 0x00000000c2e00000, 0x00000000c2f00000|  0%| F|  |TAMS 0x00000000c2e00000, 0x00000000c2e00000| Untracked 
|   3|0x00000000c2f00000, 0x00000000c2f00000, 0x00000000c3000000|  0%| F|  |TAMS 0x00000000c2f00000, 0x00000000c2f00000| Untracked 
|   4|0x00000000c3000000, 0x00000000c3000000, 0x00000000c3100000|  0%| F|  |TAMS 0x00000000c3000000, 0x00000000c3000000| Untracked 
|   5|0x00000000c3100000, 0x00000000c3100000, 0x00000000c3200000|  0%| F|  |TAMS 0x00000000c3100000, 0x00000000c3100000| Untracked 
|   6|0x00000000c3200000, 0x00000000c3200000, 0x00000000c3300000|  0%| F|  |TAMS 0x00000000c3200000, 0x00000000c3200000| Untracked 
|   7|0x00000000c3300000, 0x00000000c3300000, 0x00000000c3400000|  0%| F|  |TAMS 0x00000000c3300000, 0x00000000c3300000| Untracked 
|   8|0x00000000c3400000, 0x00000000c3400000, 0x00000000c3500000|  0%| F|  |TAMS 0x00000000c3400000, 0x00000000c3400000| Untracked 
|   9|0x00000000c3500000, 0x00000000c3500000, 0x00000000c3600000|  0%| F|  |TAMS 0x00000000c3500000, 0x00000000c3500000| Untracked 
|  10|0x00000000c3600000, 0x00000000c3600000, 0x00000000c3700000|  0%| F|  |TAMS 0x00000000c3600000, 0x00000000c3600000| Untracked 
|  11|0x00000000c3700000, 0x00000000c3700000, 0x00000000c3800000|  0%| F|  |TAMS 0x00000000c3700000, 0x00000000c3700000| Untracked 
|  12|0x00000000c3800000, 0x00000000c3800000, 0x00000000c3900000|  0%| F|  |TAMS 0x00000000c3800000, 0x00000000c3800000| Untracked 
|  13|0x00000000c3900000, 0x00000000c3900000, 0x00000000c3a00000|  0%| F|  |TAMS 0x00000000c3900000, 0x00000000c3900000| Untracked 
|  14|0x00000000c3a00000, 0x00000000c3a00000, 0x00000000c3b00000|  0%| F|  |TAMS 0x00000000c3a00000, 0x00000000c3a00000| Untracked 
|  15|0x00000000c3b00000, 0x00000000c3b00000, 0x00000000c3c00000|  0%| F|  |TAMS 0x00000000c3b00000, 0x00000000c3b00000| Untracked 
|  16|0x00000000c3c00000, 0x00000000c3c00000, 0x00000000c3d00000|  0%| F|  |TAMS 0x00000000c3c00000, 0x00000000c3c00000| Untracked 
|  17|0x00000000c3d00000, 0x00000000c3d00000, 0x00000000c3e00000|  0%| F|  |TAMS 0x00000000c3d00000, 0x00000000c3d00000| Untracked 
|  18|0x00000000c3e00000, 0x00000000c3e00000, 0x00000000c3f00000|  0%| F|  |TAMS 0x00000000c3e00000, 0x00000000c3e00000| Untracked 
|  19|0x00000000c3f00000, 0x00000000c3f00000, 0x00000000c4000000|  0%| F|  |TAMS 0x00000000c3f00000, 0x00000000c3f00000| Untracked 
|  20|0x00000000c4000000, 0x00000000c4000000, 0x00000000c4100000|  0%| F|  |TAMS 0x00000000c4000000, 0x00000000c4000000| Untracked 
|  21|0x00000000c4100000, 0x00000000c4100000, 0x00000000c4200000|  0%| F|  |TAMS 0x00000000c4100000, 0x00000000c4100000| Untracked 
|  22|0x00000000c4200000, 0x00000000c4200000, 0x00000000c4300000|  0%| F|  |TAMS 0x00000000c4200000, 0x00000000c4200000| Untracked 
|  23|0x00000000c4300000, 0x00000000c4300000, 0x00000000c4400000|  0%| F|  |TAMS 0x00000000c4300000, 0x00000000c4300000| Untracked 
|  24|0x00000000c4400000, 0x00000000c4400000, 0x00000000c4500000|  0%| F|  |TAMS 0x00000000c4400000, 0x00000000c4400000| Untracked 
|  25|0x00000000c4500000, 0x00000000c4500000, 0x00000000c4600000|  0%| F|  |TAMS 0x00000000c4500000, 0x00000000c4500000| Untracked 
|  26|0x00000000c4600000, 0x00000000c4600000, 0x00000000c4700000|  0%| F|  |TAMS 0x00000000c4600000, 0x00000000c4600000| Untracked 
|  27|0x00000000c4700000, 0x00000000c4700000, 0x00000000c4800000|  0%| F|  |TAMS 0x00000000c4700000, 0x00000000c4700000| Untracked 
|  28|0x00000000c4800000, 0x00000000c4800000, 0x00000000c4900000|  0%| F|  |TAMS 0x00000000c4800000, 0x00000000c4800000| Untracked 
|  29|0x00000000c4900000, 0x00000000c4900000, 0x00000000c4a00000|  0%| F|  |TAMS 0x00000000c4900000, 0x00000000c4900000| Untracked 
|  30|0x00000000c4a00000, 0x00000000c4a00000, 0x00000000c4b00000|  0%| F|  |TAMS 0x00000000c4a00000, 0x00000000c4a00000| Untracked 
|  31|0x00000000c4b00000, 0x00000000c4b00000, 0x00000000c4c00000|  0%| F|  |TAMS 0x00000000c4b00000, 0x00000000c4b00000| Untracked 
|  32|0x00000000c4c00000, 0x00000000c4c00000, 0x00000000c4d00000|  0%| F|  |TAMS 0x00000000c4c00000, 0x00000000c4c00000| Untracked 
|  33|0x00000000c4d00000, 0x00000000c4d00000, 0x00000000c4e00000|  0%| F|  |TAMS 0x00000000c4d00000, 0x00000000c4d00000| Untracked 
|  34|0x00000000c4e00000, 0x00000000c4e00000, 0x00000000c4f00000|  0%| F|  |TAMS 0x00000000c4e00000, 0x00000000c4e00000| Untracked 
|  35|0x00000000c4f00000, 0x00000000c4f00000, 0x00000000c5000000|  0%| F|  |TAMS 0x00000000c4f00000, 0x00000000c4f00000| Untracked 
|  36|0x00000000c5000000, 0x00000000c5000000, 0x00000000c5100000|  0%| F|  |TAMS 0x00000000c5000000, 0x00000000c5000000| Untracked 
|  37|0x00000000c5100000, 0x00000000c5100000, 0x00000000c5200000|  0%| F|  |TAMS 0x00000000c5100000, 0x00000000c5100000| Untracked 
|  38|0x00000000c5200000, 0x00000000c5200000, 0x00000000c5300000|  0%| F|  |TAMS 0x00000000c5200000, 0x00000000c5200000| Untracked 
|  39|0x00000000c5300000, 0x00000000c5300000, 0x00000000c5400000|  0%| F|  |TAMS 0x00000000c5300000, 0x00000000c5300000| Untracked 
|  40|0x00000000c5400000, 0x00000000c5400000, 0x00000000c5500000|  0%| F|  |TAMS 0x00000000c5400000, 0x00000000c5400000| Untracked 
|  41|0x00000000c5500000, 0x00000000c5500000, 0x00000000c5600000|  0%| F|  |TAMS 0x00000000c5500000, 0x00000000c5500000| Untracked 
|  42|0x00000000c5600000, 0x00000000c5600000, 0x00000000c5700000|  0%| F|  |TAMS 0x00000000c5600000, 0x00000000c5600000| Untracked 
|  43|0x00000000c5700000, 0x00000000c5700000, 0x00000000c5800000|  0%| F|  |TAMS 0x00000000c5700000, 0x00000000c5700000| Untracked 
|  44|0x00000000c5800000, 0x00000000c5800000, 0x00000000c5900000|  0%| F|  |TAMS 0x00000000c5800000, 0x00000000c5800000| Untracked 
|  45|0x00000000c5900000, 0x00000000c5900000, 0x00000000c5a00000|  0%| F|  |TAMS 0x00000000c5900000, 0x00000000c5900000| Untracked 
|  46|0x00000000c5a00000, 0x00000000c5a00000, 0x00000000c5b00000|  0%| F|  |TAMS 0x00000000c5a00000, 0x00000000c5a00000| Untracked 
|  47|0x00000000c5b00000, 0x00000000c5b00000, 0x00000000c5c00000|  0%| F|  |TAMS 0x00000000c5b00000, 0x00000000c5b00000| Untracked 
|  48|0x00000000c5c00000, 0x00000000c5c00000, 0x00000000c5d00000|  0%| F|  |TAMS 0x00000000c5c00000, 0x00000000c5c00000| Untracked 
|  49|0x00000000c5d00000, 0x00000000c5d00000, 0x00000000c5e00000|  0%| F|  |TAMS 0x00000000c5d00000, 0x00000000c5d00000| Untracked 
|  50|0x00000000c5e00000, 0x00000000c5e00000, 0x00000000c5f00000|  0%| F|  |TAMS 0x00000000c5e00000, 0x00000000c5e00000| Untracked 
|  51|0x00000000c5f00000, 0x00000000c5f00000, 0x00000000c6000000|  0%| F|  |TAMS 0x00000000c5f00000, 0x00000000c5f00000| Untracked 
|  52|0x00000000c6000000, 0x00000000c6000000, 0x00000000c6100000|  0%| F|  |TAMS 0x00000000c6000000, 0x00000000c6000000| Untracked 
|  53|0x00000000c6100000, 0x00000000c6100000, 0x00000000c6200000|  0%| F|  |TAMS 0x00000000c6100000, 0x00000000c6100000| Untracked 
|  54|0x00000000c6200000, 0x00000000c6200000, 0x00000000c6300000|  0%| F|  |TAMS 0x00000000c6200000, 0x00000000c6200000| Untracked 
|  55|0x00000000c6300000, 0x00000000c6300000, 0x00000000c6400000|  0%| F|  |TAMS 0x00000000c6300000, 0x00000000c6300000| Untracked 
|  56|0x00000000c6400000, 0x00000000c6400000, 0x00000000c6500000|  0%| F|  |TAMS 0x00000000c6400000, 0x00000000c6400000| Untracked 
|  57|0x00000000c6500000, 0x00000000c6500000, 0x00000000c6600000|  0%| F|  |TAMS 0x00000000c6500000, 0x00000000c6500000| Untracked 
|  58|0x00000000c6600000, 0x00000000c6600000, 0x00000000c6700000|  0%| F|  |TAMS 0x00000000c6600000, 0x00000000c6600000| Untracked 
|  59|0x00000000c6700000, 0x00000000c6700000, 0x00000000c6800000|  0%| F|  |TAMS 0x00000000c6700000, 0x00000000c6700000| Untracked 
|  60|0x00000000c6800000, 0x00000000c68b8df0, 0x00000000c6900000| 72%| E|  |TAMS 0x00000000c6800000, 0x00000000c6800000| Complete 
|  61|0x00000000c6900000, 0x00000000c6a00000, 0x00000000c6a00000|100%| E|CS|TAMS 0x00000000c6900000, 0x00000000c6900000| Complete 

Card table byte_map: [0x000001beac340000,0x000001beac530000] _byte_map_base: 0x000001beabd2a000

Marking Bits (Prev, Next): (CMBitMap*) 0x000001be9589d080, (CMBitMap*) 0x000001be9589d0c0
 Prev Bits: [0x000001beac720000, 0x000001bead670000)
 Next Bits: [0x000001bead670000, 0x000001beae5c0000)

Polling page: 0x000001be95050000

Metaspace:

Usage:
  Non-class:      5.39 MB used.
      Class:    510.05 KB used.
       Both:      5.89 MB used.

Virtual space:
  Non-class space:        8.00 MB reserved,       5.50 MB ( 69%) committed,  1 nodes.
      Class space:        1.00 GB reserved,     512.00 KB ( <1%) committed,  1 nodes.
             Both:        1.01 GB reserved,       6.00 MB ( <1%) committed. 

Chunk freelists:
   Non-Class:  2.50 MB
       Class:  3.25 MB
        Both:  5.75 MB

MaxMetaspaceSize: unlimited
CompressedClassSpaceSize: 1.00 GB
Initial GC threshold: 21.00 MB
Current GC threshold: 21.00 MB
CDS: off
MetaspaceReclaimPolicy: balanced
 - commit_granule_bytes: 65536.
 - commit_granule_words: 8192.
 - virtual_space_node_default_size: 1048576.
 - enlarge_chunks_in_place: 1.
 - new_chunks_are_fully_committed: 0.
 - uncommit_free_chunks: 1.
 - use_allocation_guard: 0.
 - handle_deallocations: 1.


Internal statistics:

num_allocs_failed_limit: 0.
num_arena_births: 4.
num_arena_deaths: 0.
num_vsnodes_births: 2.
num_vsnodes_deaths: 0.
num_space_committed: 96.
num_space_uncommitted: 0.
num_chunks_returned_to_freelist: 0.
num_chunks_taken_from_freelist: 14.
num_chunk_merges: 0.
num_chunk_splits: 4.
num_chunks_enlarged: 1.
num_purges: 0.
num_inconsistent_stats: 0.

CodeHeap 'non-profiled nmethods': size=120064Kb used=63Kb max_used=63Kb free=120000Kb
 bounds [0x000001bea4e00000, 0x000001bea5070000, 0x000001beac340000]
CodeHeap 'profiled nmethods': size=120000Kb used=224Kb max_used=224Kb free=119775Kb
 bounds [0x000001be9d8d0000, 0x000001be9db40000, 0x000001bea4e00000]
CodeHeap 'non-nmethods': size=5696Kb used=1087Kb max_used=1098Kb free=4608Kb
 bounds [0x000001be9d340000, 0x000001be9d5b0000, 0x000001be9d8d0000]
 total_blobs=566 nmethods=204 adapters=276
 compilation: enabled
              stopped_count=0, restarted_count=0
 full_count=0

Compilation events (20 events):
Event: 0.622 Thread 0x000001beb084b3c0  195       3       java.lang.module.ResolvedModule::name (11 bytes)
Event: 0.622 Thread 0x000001beb084b3c0 nmethod 195 0x000001be9d905f10 code [0x000001be9d9060a0, 0x000001be9d9061f8]
Event: 0.622 Thread 0x000001beb084b3c0  196       3       java.util.HashSet::<init> (16 bytes)
Event: 0.623 Thread 0x000001beb084b3c0 nmethod 196 0x000001be9d906310 code [0x000001be9d9064e0, 0x000001be9d9068f8]
Event: 0.627 Thread 0x000001beb084b3c0  197       1       java.lang.module.ResolvedModule::configuration (5 bytes)
Event: 0.628 Thread 0x000001beb084b3c0 nmethod 197 0x000001bea4e0f190 code [0x000001bea4e0f320, 0x000001bea4e0f3f8]
Event: 0.628 Thread 0x000001beb084b3c0  198       1       java.lang.module.ModuleDescriptor::isOpen (5 bytes)
Event: 0.628 Thread 0x000001beb084b3c0 nmethod 198 0x000001bea4e0f490 code [0x000001bea4e0f620, 0x000001bea4e0f6f8]
Event: 0.629 Thread 0x000001beb084b3c0  199       1       java.util.HashMap::size (5 bytes)
Event: 0.630 Thread 0x000001beb084b3c0 nmethod 199 0x000001bea4e0f790 code [0x000001bea4e0f920, 0x000001bea4e0f9f8]
Event: 0.630 Thread 0x000001beb084b3c0  200       1       java.lang.module.ModuleDescriptor$Provides::service (5 bytes)
Event: 0.631 Thread 0x000001beb084b3c0 nmethod 200 0x000001bea4e0fa90 code [0x000001bea4e0fc20, 0x000001bea4e0fcf8]
Event: 0.636 Thread 0x000001beb084b3c0  201       3       java.lang.StringUTF16::getChar (60 bytes)
Event: 0.636 Thread 0x000001beb084b3c0 nmethod 201 0x000001be9d906a90 code [0x000001be9d906c20, 0x000001be9d906d98]
Event: 0.652 Thread 0x000001beb084b3c0  202       3       java.lang.StringBuilder::append (8 bytes)
Event: 0.653 Thread 0x000001beb084b3c0 nmethod 202 0x000001be9d906e90 code [0x000001be9d907020, 0x000001be9d907168]
Event: 0.653 Thread 0x000001beb084b3c0  203       3       java.lang.AbstractStringBuilder::append (77 bytes)
Event: 0.653 Thread 0x000001beb084b3c0 nmethod 203 0x000001be9d907210 code [0x000001be9d907420, 0x000001be9d907aa8]
Event: 0.655 Thread 0x000001beb084b3c0  204       3       sun.nio.fs.WindowsPathParser::isSlash (18 bytes)
Event: 0.655 Thread 0x000001beb084b3c0 nmethod 204 0x000001be9d907d10 code [0x000001be9d907ea0, 0x000001be9d908018]

GC Heap History (0 events):
No events

Deoptimization events (4 events):
Event: 0.636 Thread 0x000001be95870fb0 Uncommon trap: trap_request=0xffffff45 fr.pc=0x000001bea4e06fdc relative=0x000000000000005c
Event: 0.636 Thread 0x000001be95870fb0 Uncommon trap: reason=unstable_if action=reinterpret pc=0x000001bea4e06fdc method=java.lang.String.isLatin1()Z @ 10 c2
Event: 0.636 Thread 0x000001be95870fb0 DEOPT PACKING pc=0x000001bea4e06fdc sp=0x0000009b03dfe280
Event: 0.636 Thread 0x000001be95870fb0 DEOPT UNPACKING pc=0x000001be9d39239d sp=0x0000009b03dfe210 mode 2

Classes unloaded (0 events):
No events

Classes redefined (0 events):
No events

Internal exceptions (4 events):
Event: 0.571 Thread 0x000001be95870fb0 Exception <a 'sun/nio/fs/WindowsException'{0x00000000c680de08}> (0x00000000c680de08) 
thrown [e:\jenkins\tmp\workspace\build\src\src\hotspot\share\prims\jni.cpp, line 516]
Event: 0.572 Thread 0x000001be95870fb0 Exception <a 'sun/nio/fs/WindowsException'{0x00000000c680e330}> (0x00000000c680e330) 
thrown [e:\jenkins\tmp\workspace\build\src\src\hotspot\share\prims\jni.cpp, line 516]
Event: 0.575 Thread 0x000001be95870fb0 Exception <a 'sun/nio/fs/WindowsException'{0x00000000c68109d0}> (0x00000000c68109d0) 
thrown [e:\jenkins\tmp\workspace\build\src\src\hotspot\share\prims\jni.cpp, line 516]
Event: 0.575 Thread 0x000001be95870fb0 Exception <a 'sun/nio/fs/WindowsException'{0x00000000c6811468}> (0x00000000c6811468) 
thrown [e:\jenkins\tmp\workspace\build\src\src\hotspot\share\prims\jni.cpp, line 516]

VM Operations (2 events):
Event: 0.584 Executing VM operation: HandshakeAllThreads
Event: 0.584 Executing VM operation: HandshakeAllThreads done

Events (20 events):
Event: 0.654 loading class java/net/URI$Parser
Event: 0.654 loading class java/net/URI$Parser done
Event: 0.655 loading class java/io/RandomAccessFile
Event: 0.655 loading class java/io/DataOutput
Event: 0.655 loading class java/io/DataOutput done
Event: 0.655 loading class java/io/DataInput
Event: 0.655 loading class java/io/DataInput done
Event: 0.655 loading class java/io/RandomAccessFile done
Event: 0.656 loading class java/io/RandomAccessFile$2
Event: 0.656 loading class jdk/internal/access/JavaIORandomAccessFileAccess
Event: 0.656 loading class jdk/internal/access/JavaIORandomAccessFileAccess done
Event: 0.656 loading class java/io/RandomAccessFile$2 done
Event: 0.656 loading class java/io/FileCleanable
Event: 0.656 loading class java/io/FileCleanable done
Event: 0.656 loading class java/util/zip/ZipFile$Source$End
Event: 0.656 loading class java/util/zip/ZipFile$Source$End done
Event: 0.656 loading class java/util/zip/ZipUtils
Event: 0.656 loading class java/util/zip/ZipUtils done
Event: 0.657 loading class java/util/concurrent/TimeUnit
Event: 0.657 loading class java/util/concurrent/TimeUnit done


Dynamic libraries:
0x00007ff7ca9d0000 - 0x00007ff7ca9de000 	C:\Program Files\Eclipse Adoptium\jdk-17.0.1.12-hotspot\bin\java.exe
0x00007ffa23740000 - 0x00007ffa23949000 	C:\WINDOWS\SYSTEM32\ntdll.dll
0x00007ffa21b10000 - 0x00007ffa21bcd000 	C:\WINDOWS\System32\KERNEL32.DLL
0x00007ffa20fd0000 - 0x00007ffa21349000 	C:\WINDOWS\System32\KERNELBASE.dll
0x00007ffa214c0000 - 0x00007ffa215d1000 	C:\WINDOWS\System32\ucrtbase.dll
0x00007ffa11ec0000 - 0x00007ffa11ed8000 	C:\Program Files\Eclipse Adoptium\jdk-17.0.1.12-hotspot\bin\jli.dll
0x00007ffa22d50000 - 0x00007ffa22efc000 	C:\WINDOWS\System32\USER32.dll
0x00007ffa20c30000 - 0x00007ffa20c56000 	C:\WINDOWS\System32\win32u.dll
0x00007ffa22250000 - 0x00007ffa22279000 	C:\WINDOWS\System32\GDI32.dll
0x00007ffa20d90000 - 0x00007ffa20ea2000 	C:\WINDOWS\System32\gdi32full.dll
0x00007ffa20eb0000 - 0x00007ffa20f4d000 	C:\WINDOWS\System32\msvcp_win.dll
0x00007ffa19fc0000 - 0x00007ffa19fd9000 	C:\Program Files\Eclipse Adoptium\jdk-17.0.1.12-hotspot\bin\VCRUNTIME140.dll
0x00007ffa0df10000 - 0x00007ffa0e1b5000 	C:\WINDOWS\WinSxS\amd64_microsoft.windows.common-controls_6595b64144ccf1df_6.0.22000.120_none_9d947278b86cc467\COMCTL32.dll
0x00007ffa22130000 - 0x00007ffa221d3000 	C:\WINDOWS\System32\msvcrt.dll
0x00007ffa23290000 - 0x00007ffa232c1000 	C:\WINDOWS\System32\IMM32.DLL
0x00007ffa1b4d0000 - 0x00007ffa1b4dc000 	C:\Program Files\Eclipse Adoptium\jdk-17.0.1.12-hotspot\bin\vcruntime140_1.dll
0x00007ff9fa480000 - 0x00007ff9fa511000 	C:\Program Files\Eclipse Adoptium\jdk-17.0.1.12-hotspot\bin\msvcp140.dll
0x00007ff9d4880000 - 0x00007ff9d54c6000 	C:\Program Files\Eclipse Adoptium\jdk-17.0.1.12-hotspot\bin\server\jvm.dll
0x00007ffa215e0000 - 0x00007ffa2168e000 	C:\WINDOWS\System32\ADVAPI32.dll
0x00007ffa217d0000 - 0x00007ffa2186e000 	C:\WINDOWS\System32\sechost.dll
0x00007ffa219f0000 - 0x00007ffa21b10000 	C:\WINDOWS\System32\RPCRT4.dll
0x00007ffa23340000 - 0x00007ffa23348000 	C:\WINDOWS\System32\PSAPI.DLL
0x00007ffa1d220000 - 0x00007ffa1d229000 	C:\WINDOWS\SYSTEM32\WSOCK32.dll
0x00007ffa220c0000 - 0x00007ffa2212f000 	C:\WINDOWS\System32\WS2_32.dll
0x00007ffa1ab90000 - 0x00007ffa1abc3000 	C:\WINDOWS\SYSTEM32\WINMM.dll
0x00007ffa1b3d0000 - 0x00007ffa1b3da000 	C:\WINDOWS\SYSTEM32\VERSION.dll
0x00007ffa1fd30000 - 0x00007ffa1fd48000 	C:\WINDOWS\SYSTEM32\kernel.appcore.dll
0x00007ffa19f80000 - 0x00007ffa19f8a000 	C:\Program Files\Eclipse Adoptium\jdk-17.0.1.12-hotspot\bin\jimage.dll
0x00007ffa1f3c0000 - 0x00007ffa1f5e1000 	C:\WINDOWS\SYSTEM32\DBGHELP.DLL
0x00007ffa0dd60000 - 0x00007ffa0dd91000 	C:\WINDOWS\SYSTEM32\dbgcore.DLL
0x00007ffa20f50000 - 0x00007ffa20fcf000 	C:\WINDOWS\System32\bcryptPrimitives.dll
0x00007ffa0eb50000 - 0x00007ffa0eb75000 	C:\Program Files\Eclipse Adoptium\jdk-17.0.1.12-hotspot\bin\java.dll
0x00007ffa012a0000 - 0x00007ffa01376000 	C:\Program Files\Eclipse Adoptium\jdk-17.0.1.12-hotspot\bin\svml.dll
0x00007ffa222a0000 - 0x00007ffa22a4f000 	C:\WINDOWS\System32\SHELL32.dll
0x00007ffa1eb50000 - 0x00007ffa1f3b8000 	C:\WINDOWS\SYSTEM32\windows.storage.dll
0x00007ffa22f10000 - 0x00007ffa23288000 	C:\WINDOWS\System32\combase.dll
0x00007ffa1e930000 - 0x00007ffa1ea96000 	C:\WINDOWS\SYSTEM32\wintypes.dll
0x00007ffa23470000 - 0x00007ffa2355a000 	C:\WINDOWS\System32\SHCORE.dll
0x00007ffa221e0000 - 0x00007ffa2223d000 	C:\WINDOWS\System32\shlwapi.dll
0x00007ffa20b60000 - 0x00007ffa20b81000 	C:\WINDOWS\SYSTEM32\profapi.dll
0x00007ffa146a0000 - 0x00007ffa146b9000 	C:\Program Files\Eclipse Adoptium\jdk-17.0.1.12-hotspot\bin\net.dll
0x00007ffa1bee0000 - 0x00007ffa1bfec000 	C:\WINDOWS\SYSTEM32\WINHTTP.dll
0x00007ffa20160000 - 0x00007ffa201c7000 	C:\WINDOWS\system32\mswsock.dll
0x00007ffa12e20000 - 0x00007ffa12e35000 	C:\Program Files\Eclipse Adoptium\jdk-17.0.1.12-hotspot\bin\nio.dll

dbghelp: loaded successfully - version: 4.0.5 - missing functions: none
symbol engine: initialized successfully - sym options: 0x614 - pdb path: .;C:\Program Files\Eclipse Adoptium\jdk-17.0.1.12-hotspot\bin;C:\WINDOWS\SYSTEM32;C:\WINDOWS\WinSxS\amd64_microsoft.windows.common-controls_6595b64144ccf1df_6.0.22000.120_none_9d947278b86cc467;C:\Program Files\Eclipse Adoptium\jdk-17.0.1.12-hotspot\bin\server

VM Arguments:
jvm_args: -Dfile.encoding=UTF-8 --module-path=C:\Users\edwin\Documents\NetBeansProjects\A_Pruebas\build\classes 
java_command: Main
java_class_path (initial): C:\Program Files\NetBeans-13\netbeans\java\modules\ext\AbsoluteLayout.jar;C:\Users\edwin\Documents\NetBeansProjects\A_Pruebas\build\classes
Launcher Type: SUN_STANDARD

[Global flags]
     intx CICompilerCount                          = 2                                         {product} {ergonomic}
     uint ConcGCThreads                            = 1                                         {product} {ergonomic}
     uint G1ConcRefinementThreads                  = 2                                         {product} {ergonomic}
   size_t G1HeapRegionSize                         = 1048576                                   {product} {ergonomic}
    uintx GCDrainStackTargetSize                   = 64                                        {product} {ergonomic}
   size_t InitialHeapSize                          = 65011712                                  {product} {ergonomic}
   size_t MarkStackSize                            = 4194304                                   {product} {ergonomic}
   size_t MaxHeapSize                              = 1027604480                                {product} {ergonomic}
   size_t MaxNewSize                               = 616562688                                 {product} {ergonomic}
   size_t MinHeapDeltaBytes                        = 1048576                                   {product} {ergonomic}
   size_t MinHeapSize                              = 8388608                                   {product} {ergonomic}
    uintx NonNMethodCodeHeapSize                   = 5826188                                {pd product} {ergonomic}
    uintx NonProfiledCodeHeapSize                  = 122916026                              {pd product} {ergonomic}
    uintx ProfiledCodeHeapSize                     = 122916026                              {pd product} {ergonomic}
    uintx ReservedCodeCacheSize                    = 251658240                              {pd product} {ergonomic}
     bool SegmentedCodeCache                       = true                                      {product} {ergonomic}
   size_t SoftMaxHeapSize                          = 1027604480                             {manageable} {ergonomic}
     bool UseCompressedClassPointers               = true                           {product lp64_product} {ergonomic}
     bool UseCompressedOops                        = true                           {product lp64_product} {ergonomic}
     bool UseG1GC                                  = true                                      {product} {ergonomic}
     bool UseLargePagesIndividualAllocation        = false                                  {pd product} {ergonomic}

Logging:
Log output configuration:
 #0: stdout all=warning uptime,level,tags
 #1: stderr all=off uptime,level,tags

Environment Variables:
JAVA_HOME=C:\Program Files\Eclipse Adoptium\jdk-17.0.1.12-hotspot\
PATH=C:\Program Files\Python310\Scripts\;C:\Program Files\Python310\;C:\Program Files\Microsoft\jdk-11.0.12.7-hotspot\bin;C:\Program Files\Eclipse Adoptium\jdk-17.0.1.12-hotspot\bin;C:\Program Files (x86)\Intel\TXE Components\iCLS\;C:\Program Files\Intel\TXE Components\iCLS\;C:\WINDOWS\system32;C:\WINDOWS;C:\WINDOWS\System32\Wbem;C:\WINDOWS\System32\WindowsPowerShell\v1.0\;C:\WINDOWS\System32\OpenSSH\;C:\Program Files\Intel\TXE Components\DAL\;C:\Program Files (x86)\Intel\TXE Components\DAL\;C:\Program Files\Intel\TXE Components\IPT\;C:\Program Files (x86)\Intel\TXE Components\IPT\;C:\TDM-GCC-64\bin;C:\Program Files\Go\bin;C:\Program Files\dotnet\;C:\Users\edwin\AppData\Local\Microsoft\WindowsApps;C:\Users\edwin\AppData\Local\Programs\Microsoft VS Code\bin;C:\C-C++\bin;C:\Users\edwin\go\bin;C:\Users\edwin\.dotnet\tools;C:\ProgramData\Microsoft\Windows\Start Menu\Programs\Python 3.10\Python 3.10 (64-bit).lnk;
USERNAME=edwin
OS=Windows_NT
PROCESSOR_IDENTIFIER=Intel64 Family 6 Model 122 Stepping 1, GenuineIntel



---------------  S Y S T E M  ---------------

OS:
 Windows 10 , 64 bit Build 22000 (10.0.22000.675)
OS uptime: 1 days 5:29 hours

CPU: total 2 (initial active 2) (2 cores per cpu, 1 threads per core) family 6 model 122 stepping 1 microcode 0x36, cx8, cmov, fxsr, mmx, 3dnowpref, sse, sse2, sse3, ssse3, sse4.1, sse4.2, popcnt, tsc, tscinvbit, aes, erms, clmul, sha, clflush, clflushopt

Memory: 4k page, system-wide physical 3918M (491M free)
TotalPageFile size 5718M (AvailPageFile size 2M)
current process WorkingSet (physical memory assigned to process): 30M, peak: 30M
current process commit charge ("private bytes"): 124M, peak: 124M

vm_info: OpenJDK 64-Bit Server VM (17.0.1+12) for windows-amd64 JRE (17.0.1+12), built on Oct 20 2021 07:42:55 by "" with MS VC++ 16.7 (VS2019)

END.
