#
# There is insufficient memory for the Java Runtime Environment to continue.
# Native memory allocation (mmap) failed to map 65536 bytes for Failed to commit metaspace.
# Possible reasons:
#   The system is out of physical RAM or swap space
#   The process is running with CompressedOops enabled, and the Java Heap may be blocking the growth of the native heap
# Possible solutions:
#   Reduce memory load on the system
#   Increase physical memory or swap space
#   Check if swap backing store is full
#   Decrease Java heap size (-Xmx/-Xms)
#   Decrease number of Java threads
#   Decrease Java thread stack sizes (-Xss)
#   Set larger code cache with -XX:ReservedCodeCacheSize=
#   JVM is running with Unscaled Compressed Oops mode in which the Java heap is
#     placed in the first 4GB address space. The Java Heap base address is the
#     maximum limit for the native heap growth. Please use -XX:HeapBaseMinAddress
#     to set the Java Heap base and to place the Java Heap above 4GB virtual address.
# This output file may be truncated or incomplete.
#
#  Out of Memory Error (virtualSpaceNode.cpp:110), pid=8656, tid=6132
#
# JRE version: OpenJDK Runtime Environment Temurin-17.0.1+12 (17.0.1+12) (build 17.0.1+12)
# Java VM: OpenJDK 64-Bit Server VM Temurin-17.0.1+12 (17.0.1+12, mixed mode, sharing, tiered, compressed oops, compressed class ptrs, g1 gc, windows-amd64)
# No core dump will be written. Minidumps are not enabled by default on client versions of Windows
#

---------------  S U M M A R Y ------------

Command Line: -Dfile.encoding=UTF-8 --module-path=C:\Users\edwin\Documents\NetBeansProjects\A_Pruebas\build\classes Main

Host: Intel(R) Celeron(R) N4000 CPU @ 1.10GHz, 2 cores, 3G,  Windows 10 , 64 bit Build 22000 (10.0.22000.675)
Time: Sat May 21 22:12:34 2022 Hora de verano central (México) elapsed time: 0.709315 seconds (0d 0h 0m 0s)

---------------  T H R E A D  ---------------

Current thread (0x000001e1c96df340):  JavaThread "main" [_thread_in_vm, id=6132, stack(0x000000dc47700000,0x000000dc47800000)]

Stack: [0x000000dc47700000,0x000000dc47800000]
Native frames: (J=compiled Java code, j=interpreted, Vv=VM code, C=native code)
V  [jvm.dll+0x6744da]
V  [jvm.dll+0x82e144]
V  [jvm.dll+0x82f8ee]
V  [jvm.dll+0x82ff53]
V  [jvm.dll+0x245175]
V  [jvm.dll+0x82a0eb]
V  [jvm.dll+0x619566]
V  [jvm.dll+0x6195ca]
V  [jvm.dll+0x61bdea]
V  [jvm.dll+0x619f06]
V  [jvm.dll+0x2396df]
V  [jvm.dll+0x623b45]
V  [jvm.dll+0x1e9e4b]
V  [jvm.dll+0x1ea385]
V  [jvm.dll+0x1eadbf]
V  [jvm.dll+0x1e0261]
V  [jvm.dll+0x53b150]
V  [jvm.dll+0x7a94fd]
V  [jvm.dll+0x7a945a]
V  [jvm.dll+0x40c674]
V  [jvm.dll+0x41ff5b]
C  [java.dll+0x1657]

Java frames: (J=compiled Java code, j=interpreted, Vv=VM code)
j  java.lang.ClassLoader.defineClass0(Ljava/lang/ClassLoader;Ljava/lang/Class;Ljava/lang/String;[BIILjava/security/ProtectionDomain;ZILjava/lang/Object;)Ljava/lang/Class;+0 java.base@17.0.1
j  java.lang.System$2.defineClass(Ljava/lang/ClassLoader;Ljava/lang/Class;Ljava/lang/String;[BLjava/security/ProtectionDomain;ZILjava/lang/Object;)Ljava/lang/Class;+17 java.base@17.0.1
j  java.lang.invoke.MethodHandles$Lookup$ClassDefiner.defineClass(ZLjava/lang/Object;)Ljava/lang/Class;+54 java.base@17.0.1
j  java.lang.invoke.MethodHandles$Lookup$ClassDefiner.defineClassAsLookup(Z)Ljava/lang/invoke/MethodHandles$Lookup;+3 java.base@17.0.1
j  java.lang.invoke.MethodHandles$Lookup.defineHiddenClass([BZ[Ljava/lang/invoke/MethodHandles$Lookup$ClassOption;)Ljava/lang/invoke/MethodHandles$Lookup;+65 java.base@17.0.1
j  java.lang.invoke.InnerClassLambdaMetafactory.generateInnerClass()Ljava/lang/Class;+580 java.base@17.0.1
j  java.lang.invoke.InnerClassLambdaMetafactory.spinInnerClass()Ljava/lang/Class;+107 java.base@17.0.1
j  java.lang.invoke.InnerClassLambdaMetafactory.buildCallSite()Ljava/lang/invoke/CallSite;+1 java.base@17.0.1
j  java.lang.invoke.LambdaMetafactory.metafactory(Ljava/lang/invoke/MethodHandles$Lookup;Ljava/lang/String;Ljava/lang/invoke/MethodType;Ljava/lang/invoke/MethodType;Ljava/lang/invoke/MethodHandle;Ljava/lang/invoke/MethodType;)Ljava/lang/invoke/CallSite;+67 java.base@17.0.1
j  java.lang.invoke.DirectMethodHandle$Holder.invokeStatic(Ljava/lang/Object;Ljava/lang/Object;Ljava/lang/Object;Ljava/lang/Object;Ljava/lang/Object;Ljava/lang/Object;Ljava/lang/Object;)Ljava/lang/Object;+20 java.base@17.0.1
j  java.lang.invoke.Invokers$Holder.invokeExact_MT(Ljava/lang/Object;Ljava/lang/Object;Ljava/lang/Object;Ljava/lang/Object;Ljava/lang/Object;Ljava/lang/Object;Ljava/lang/Object;Ljava/lang/Object;)Ljava/lang/Object;+28 java.base@17.0.1
j  java.lang.invoke.BootstrapMethodInvoker.invoke(Ljava/lang/Class;Ljava/lang/invoke/MethodHandle;Ljava/lang/String;Ljava/lang/Object;Ljava/lang/Object;Ljava/lang/Class;)Ljava/lang/Object;+319 java.base@17.0.1
j  java.lang.invoke.CallSite.makeSite(Ljava/lang/invoke/MethodHandle;Ljava/lang/String;Ljava/lang/invoke/MethodType;Ljava/lang/Object;Ljava/lang/Class;)Ljava/lang/invoke/CallSite;+8 java.base@17.0.1
j  java.lang.invoke.MethodHandleNatives.linkCallSiteImpl(Ljava/lang/Class;Ljava/lang/invoke/MethodHandle;Ljava/lang/String;Ljava/lang/invoke/MethodType;Ljava/lang/Object;[Ljava/lang/Object;)Ljava/lang/invoke/MemberName;+6 java.base@17.0.1
j  java.lang.invoke.MethodHandleNatives.linkCallSite(Ljava/lang/Object;ILjava/lang/Object;Ljava/lang/Object;Ljava/lang/Object;Ljava/lang/Object;[Ljava/lang/Object;)Ljava/lang/invoke/MemberName;+46 java.base@17.0.1
v  ~StubRoutines::call_stub
j  javax.swing.plaf.metal.MetalLookAndFeel.initComponentDefaults(Ljavax/swing/UIDefaults;)V+3810 java.desktop@17.0.1
j  javax.swing.plaf.basic.BasicLookAndFeel.getDefaults()Ljavax/swing/UIDefaults;+25 java.desktop@17.0.1
j  javax.swing.plaf.metal.MetalLookAndFeel.getDefaults()Ljavax/swing/UIDefaults;+9 java.desktop@17.0.1
j  javax.swing.UIManager.setLookAndFeel(Ljavax/swing/LookAndFeel;)V+66 java.desktop@17.0.1
j  javax.swing.UIManager.setLookAndFeel(Ljava/lang/String;)V+16 java.desktop@17.0.1
j  javax.swing.UIManager.initializeDefaultLAF(Ljava/util/Properties;)V+58 java.desktop@17.0.1
j  javax.swing.UIManager.initialize()V+9 java.desktop@17.0.1
j  javax.swing.UIManager.maybeInitialize()V+22 java.desktop@17.0.1
j  javax.swing.UIManager.getInstalledLookAndFeels()[Ljavax/swing/UIManager$LookAndFeelInfo;+0 java.desktop@17.0.1
j  Main.main([Ljava/lang/String;)V+0
v  ~StubRoutines::call_stub

---------------  P R O C E S S  ---------------

Threads class SMR info:
_java_thread_list=0x000001e1e5124310, length=15, elements={
0x000001e1c96df340, 0x000001e1e4552910, 0x000001e1e4553f20, 0x000001e1e4569bf0,
0x000001e1e456a5a0, 0x000001e1e456af50, 0x000001e1e456b900, 0x000001e1e456c690,
0x000001e1e45d9f80, 0x000001e1e45dfc60, 0x000001e1c97b26e0, 0x000001e1e509cee0,
0x000001e1e512a500, 0x000001e1e5254020, 0x000001e1e52544f0
}

Java Threads: ( => current thread )
=>0x000001e1c96df340 JavaThread "main" [_thread_in_vm, id=6132, stack(0x000000dc47700000,0x000000dc47800000)]
  0x000001e1e4552910 JavaThread "Reference Handler" daemon [_thread_blocked, id=8040, stack(0x000000dc47e00000,0x000000dc47f00000)]
  0x000001e1e4553f20 JavaThread "Finalizer" daemon [_thread_blocked, id=8608, stack(0x000000dc47f00000,0x000000dc48000000)]
  0x000001e1e4569bf0 JavaThread "Signal Dispatcher" daemon [_thread_blocked, id=5944, stack(0x000000dc48000000,0x000000dc48100000)]
  0x000001e1e456a5a0 JavaThread "Attach Listener" daemon [_thread_blocked, id=5520, stack(0x000000dc48100000,0x000000dc48200000)]
  0x000001e1e456af50 JavaThread "Service Thread" daemon [_thread_blocked, id=4920, stack(0x000000dc48200000,0x000000dc48300000)]
  0x000001e1e456b900 JavaThread "Monitor Deflation Thread" daemon [_thread_blocked, id=8052, stack(0x000000dc48300000,0x000000dc48400000)]
  0x000001e1e456c690 JavaThread "C2 CompilerThread0" daemon [_thread_blocked, id=6884, stack(0x000000dc48400000,0x000000dc48500000)]
  0x000001e1e45d9f80 JavaThread "C1 CompilerThread0" daemon [_thread_blocked, id=8664, stack(0x000000dc48500000,0x000000dc48600000)]
  0x000001e1e45dfc60 JavaThread "Sweeper thread" daemon [_thread_blocked, id=3020, stack(0x000000dc48600000,0x000000dc48700000)]
  0x000001e1c97b26e0 JavaThread "Common-Cleaner" daemon [_thread_blocked, id=1472, stack(0x000000dc48700000,0x000000dc48800000)]
  0x000001e1e509cee0 JavaThread "Notification Thread" daemon [_thread_blocked, id=7364, stack(0x000000dc48800000,0x000000dc48900000)]
  0x000001e1e512a500 JavaThread "Java2D Disposer" daemon [_thread_blocked, id=5188, stack(0x000000dc48a00000,0x000000dc48b00000)]
  0x000001e1e5254020 JavaThread "AWT-Shutdown" [_thread_blocked, id=5968, stack(0x000000dc48b00000,0x000000dc48c00000)]
  0x000001e1e52544f0 JavaThread "AWT-Windows" daemon [_thread_in_native, id=7892, stack(0x000000dc48c00000,0x000000dc48d00000)]

Other Threads:
  0x000001e1e454e580 VMThread "VM Thread" [stack: 0x000000dc47d00000,0x000000dc47e00000] [id=1700]
  0x000001e1c971c180 WatcherThread [stack: 0x000000dc48900000,0x000000dc48a00000] [id=3148]
  0x000001e1c970ae10 GCTaskThread "GC Thread#0" [stack: 0x000000dc47800000,0x000000dc47900000] [id=4520]
  0x000001e1c97137d0 ConcurrentGCThread "G1 Main Marker" [stack: 0x000000dc47900000,0x000000dc47a00000] [id=8300]
  0x000001e1c9714980 ConcurrentGCThread "G1 Conc#0" [stack: 0x000000dc47a00000,0x000000dc47b00000] [id=4952]
  0x000001e1c974f140 ConcurrentGCThread "G1 Refine#0" [stack: 0x000000dc47b00000,0x000000dc47c00000] [id=6768]
  0x000001e1c974fb60 ConcurrentGCThread "G1 Service" [stack: 0x000000dc47c00000,0x000000dc47d00000] [id=8260]

Threads with active compile tasks:

VM state: not at safepoint (normal execution)

VM Mutex/Monitor currently owned by a thread:  ([mutex/lock_event])
[0x000001e1c96d6790] Metaspace_lock - owner thread: 0x000001e1c96df340

Heap address: 0x00000000c2c00000, size: 980 MB, Compressed Oops mode: 32-bit

CDS archive(s) mapped at: [0x0000000800000000-0x0000000800bc0000-0x0000000800bc0000), size 12320768, SharedBaseAddress: 0x0000000800000000, ArchiveRelocationMode: 0.
Compressed class space mapped at: 0x0000000800c00000-0x0000000840c00000, reserved size: 1073741824
Narrow klass base: 0x0000000800000000, Narrow klass shift: 0, Narrow klass range: 0x100000000

GC Precious Log:
 CPUs: 2 total, 2 available
 Memory: 3918M
 Large Page Support: Disabled
 NUMA Support: Disabled
 Compressed Oops: Enabled (32-bit)
 Heap Region Size: 1M
 Heap Min Capacity: 8M
 Heap Initial Capacity: 62M
 Heap Max Capacity: 980M
 Pre-touch: Disabled
 Parallel Workers: 2
 Concurrent Workers: 1
 Concurrent Refinement Workers: 2
 Periodic GC: Disabled

Heap:
 garbage-first heap   total 63488K, used 3072K [0x00000000c2c00000, 0x0000000100000000)
  region size 1024K, 4 young (4096K), 0 survivors (0K)
 Metaspace       used 3211K, committed 3328K, reserved 1056768K
  class space    used 319K, committed 384K, reserved 1048576K

Heap Regions: E=young(eden), S=young(survivor), O=old, HS=humongous(starts), HC=humongous(continues), CS=collection set, F=free, OA=open archive, CA=closed archive, TAMS=top-at-mark-start (previous, next)
|   0|0x00000000c2c00000, 0x00000000c2c00000, 0x00000000c2d00000|  0%| F|  |TAMS 0x00000000c2c00000, 0x00000000c2c00000| Untracked 
|   1|0x00000000c2d00000, 0x00000000c2d00000, 0x00000000c2e00000|  0%| F|  |TAMS 0x00000000c2d00000, 0x00000000c2d00000| Untracked 
|   2|0x00000000c2e00000, 0x00000000c2e00000, 0x00000000c2f00000|  0%| F|  |TAMS 0x00000000c2e00000, 0x00000000c2e00000| Untracked 
|   3|0x00000000c2f00000, 0x00000000c2f00000, 0x00000000c3000000|  0%| F|  |TAMS 0x00000000c2f00000, 0x00000000c2f00000| Untracked 
|   4|0x00000000c3000000, 0x00000000c3000000, 0x00000000c3100000|  0%| F|  |TAMS 0x00000000c3000000, 0x00000000c3000000| Untracked 
|   5|0x00000000c3100000, 0x00000000c3100000, 0x00000000c3200000|  0%| F|  |TAMS 0x00000000c3100000, 0x00000000c3100000| Untracked 
|   6|0x00000000c3200000, 0x00000000c3200000, 0x00000000c3300000|  0%| F|  |TAMS 0x00000000c3200000, 0x00000000c3200000| Untracked 
|   7|0x00000000c3300000, 0x00000000c3300000, 0x00000000c3400000|  0%| F|  |TAMS 0x00000000c3300000, 0x00000000c3300000| Untracked 
|   8|0x00000000c3400000, 0x00000000c3400000, 0x00000000c3500000|  0%| F|  |TAMS 0x00000000c3400000, 0x00000000c3400000| Untracked 
|   9|0x00000000c3500000, 0x00000000c3500000, 0x00000000c3600000|  0%| F|  |TAMS 0x00000000c3500000, 0x00000000c3500000| Untracked 
|  10|0x00000000c3600000, 0x00000000c3600000, 0x00000000c3700000|  0%| F|  |TAMS 0x00000000c3600000, 0x00000000c3600000| Untracked 
|  11|0x00000000c3700000, 0x00000000c3700000, 0x00000000c3800000|  0%| F|  |TAMS 0x00000000c3700000, 0x00000000c3700000| Untracked 
|  12|0x00000000c3800000, 0x00000000c3800000, 0x00000000c3900000|  0%| F|  |TAMS 0x00000000c3800000, 0x00000000c3800000| Untracked 
|  13|0x00000000c3900000, 0x00000000c3900000, 0x00000000c3a00000|  0%| F|  |TAMS 0x00000000c3900000, 0x00000000c3900000| Untracked 
|  14|0x00000000c3a00000, 0x00000000c3a00000, 0x00000000c3b00000|  0%| F|  |TAMS 0x00000000c3a00000, 0x00000000c3a00000| Untracked 
|  15|0x00000000c3b00000, 0x00000000c3b00000, 0x00000000c3c00000|  0%| F|  |TAMS 0x00000000c3b00000, 0x00000000c3b00000| Untracked 
|  16|0x00000000c3c00000, 0x00000000c3c00000, 0x00000000c3d00000|  0%| F|  |TAMS 0x00000000c3c00000, 0x00000000c3c00000| Untracked 
|  17|0x00000000c3d00000, 0x00000000c3d00000, 0x00000000c3e00000|  0%| F|  |TAMS 0x00000000c3d00000, 0x00000000c3d00000| Untracked 
|  18|0x00000000c3e00000, 0x00000000c3e00000, 0x00000000c3f00000|  0%| F|  |TAMS 0x00000000c3e00000, 0x00000000c3e00000| Untracked 
|  19|0x00000000c3f00000, 0x00000000c3f00000, 0x00000000c4000000|  0%| F|  |TAMS 0x00000000c3f00000, 0x00000000c3f00000| Untracked 
|  20|0x00000000c4000000, 0x00000000c4000000, 0x00000000c4100000|  0%| F|  |TAMS 0x00000000c4000000, 0x00000000c4000000| Untracked 
|  21|0x00000000c4100000, 0x00000000c4100000, 0x00000000c4200000|  0%| F|  |TAMS 0x00000000c4100000, 0x00000000c4100000| Untracked 
|  22|0x00000000c4200000, 0x00000000c4200000, 0x00000000c4300000|  0%| F|  |TAMS 0x00000000c4200000, 0x00000000c4200000| Untracked 
|  23|0x00000000c4300000, 0x00000000c4300000, 0x00000000c4400000|  0%| F|  |TAMS 0x00000000c4300000, 0x00000000c4300000| Untracked 
|  24|0x00000000c4400000, 0x00000000c4400000, 0x00000000c4500000|  0%| F|  |TAMS 0x00000000c4400000, 0x00000000c4400000| Untracked 
|  25|0x00000000c4500000, 0x00000000c4500000, 0x00000000c4600000|  0%| F|  |TAMS 0x00000000c4500000, 0x00000000c4500000| Untracked 
|  26|0x00000000c4600000, 0x00000000c4600000, 0x00000000c4700000|  0%| F|  |TAMS 0x00000000c4600000, 0x00000000c4600000| Untracked 
|  27|0x00000000c4700000, 0x00000000c4700000, 0x00000000c4800000|  0%| F|  |TAMS 0x00000000c4700000, 0x00000000c4700000| Untracked 
|  28|0x00000000c4800000, 0x00000000c4800000, 0x00000000c4900000|  0%| F|  |TAMS 0x00000000c4800000, 0x00000000c4800000| Untracked 
|  29|0x00000000c4900000, 0x00000000c4900000, 0x00000000c4a00000|  0%| F|  |TAMS 0x00000000c4900000, 0x00000000c4900000| Untracked 
|  30|0x00000000c4a00000, 0x00000000c4a00000, 0x00000000c4b00000|  0%| F|  |TAMS 0x00000000c4a00000, 0x00000000c4a00000| Untracked 
|  31|0x00000000c4b00000, 0x00000000c4b00000, 0x00000000c4c00000|  0%| F|  |TAMS 0x00000000c4b00000, 0x00000000c4b00000| Untracked 
|  32|0x00000000c4c00000, 0x00000000c4c00000, 0x00000000c4d00000|  0%| F|  |TAMS 0x00000000c4c00000, 0x00000000c4c00000| Untracked 
|  33|0x00000000c4d00000, 0x00000000c4d00000, 0x00000000c4e00000|  0%| F|  |TAMS 0x00000000c4d00000, 0x00000000c4d00000| Untracked 
|  34|0x00000000c4e00000, 0x00000000c4e00000, 0x00000000c4f00000|  0%| F|  |TAMS 0x00000000c4e00000, 0x00000000c4e00000| Untracked 
|  35|0x00000000c4f00000, 0x00000000c4f00000, 0x00000000c5000000|  0%| F|  |TAMS 0x00000000c4f00000, 0x00000000c4f00000| Untracked 
|  36|0x00000000c5000000, 0x00000000c5000000, 0x00000000c5100000|  0%| F|  |TAMS 0x00000000c5000000, 0x00000000c5000000| Untracked 
|  37|0x00000000c5100000, 0x00000000c5100000, 0x00000000c5200000|  0%| F|  |TAMS 0x00000000c5100000, 0x00000000c5100000| Untracked 
|  38|0x00000000c5200000, 0x00000000c5200000, 0x00000000c5300000|  0%| F|  |TAMS 0x00000000c5200000, 0x00000000c5200000| Untracked 
|  39|0x00000000c5300000, 0x00000000c5300000, 0x00000000c5400000|  0%| F|  |TAMS 0x00000000c5300000, 0x00000000c5300000| Untracked 
|  40|0x00000000c5400000, 0x00000000c5400000, 0x00000000c5500000|  0%| F|  |TAMS 0x00000000c5400000, 0x00000000c5400000| Untracked 
|  41|0x00000000c5500000, 0x00000000c5500000, 0x00000000c5600000|  0%| F|  |TAMS 0x00000000c5500000, 0x00000000c5500000| Untracked 
|  42|0x00000000c5600000, 0x00000000c5600000, 0x00000000c5700000|  0%| F|  |TAMS 0x00000000c5600000, 0x00000000c5600000| Untracked 
|  43|0x00000000c5700000, 0x00000000c5700000, 0x00000000c5800000|  0%| F|  |TAMS 0x00000000c5700000, 0x00000000c5700000| Untracked 
|  44|0x00000000c5800000, 0x00000000c5800000, 0x00000000c5900000|  0%| F|  |TAMS 0x00000000c5800000, 0x00000000c5800000| Untracked 
|  45|0x00000000c5900000, 0x00000000c5900000, 0x00000000c5a00000|  0%| F|  |TAMS 0x00000000c5900000, 0x00000000c5900000| Untracked 
|  46|0x00000000c5a00000, 0x00000000c5a00000, 0x00000000c5b00000|  0%| F|  |TAMS 0x00000000c5a00000, 0x00000000c5a00000| Untracked 
|  47|0x00000000c5b00000, 0x00000000c5b00000, 0x00000000c5c00000|  0%| F|  |TAMS 0x00000000c5b00000, 0x00000000c5b00000| Untracked 
|  48|0x00000000c5c00000, 0x00000000c5c00000, 0x00000000c5d00000|  0%| F|  |TAMS 0x00000000c5c00000, 0x00000000c5c00000| Untracked 
|  49|0x00000000c5d00000, 0x00000000c5d00000, 0x00000000c5e00000|  0%| F|  |TAMS 0x00000000c5d00000, 0x00000000c5d00000| Untracked 
|  50|0x00000000c5e00000, 0x00000000c5e00000, 0x00000000c5f00000|  0%| F|  |TAMS 0x00000000c5e00000, 0x00000000c5e00000| Untracked 
|  51|0x00000000c5f00000, 0x00000000c5f00000, 0x00000000c6000000|  0%| F|  |TAMS 0x00000000c5f00000, 0x00000000c5f00000| Untracked 
|  52|0x00000000c6000000, 0x00000000c6000000, 0x00000000c6100000|  0%| F|  |TAMS 0x00000000c6000000, 0x00000000c6000000| Untracked 
|  53|0x00000000c6100000, 0x00000000c6100000, 0x00000000c6200000|  0%| F|  |TAMS 0x00000000c6100000, 0x00000000c6100000| Untracked 
|  54|0x00000000c6200000, 0x00000000c6200000, 0x00000000c6300000|  0%| F|  |TAMS 0x00000000c6200000, 0x00000000c6200000| Untracked 
|  55|0x00000000c6300000, 0x00000000c6300000, 0x00000000c6400000|  0%| F|  |TAMS 0x00000000c6300000, 0x00000000c6300000| Untracked 
|  56|0x00000000c6400000, 0x00000000c6400000, 0x00000000c6500000|  0%| F|  |TAMS 0x00000000c6400000, 0x00000000c6400000| Untracked 
|  57|0x00000000c6500000, 0x00000000c6500000, 0x00000000c6600000|  0%| F|  |TAMS 0x00000000c6500000, 0x00000000c6500000| Untracked 
|  58|0x00000000c6600000, 0x00000000c669a3d0, 0x00000000c6700000| 60%| E|  |TAMS 0x00000000c6600000, 0x00000000c6600000| Complete 
|  59|0x00000000c6700000, 0x00000000c6800000, 0x00000000c6800000|100%| E|CS|TAMS 0x00000000c6700000, 0x00000000c6700000| Complete 
|  60|0x00000000c6800000, 0x00000000c6900000, 0x00000000c6900000|100%| E|CS|TAMS 0x00000000c6800000, 0x00000000c6800000| Complete 
|  61|0x00000000c6900000, 0x00000000c6a00000, 0x00000000c6a00000|100%| E|CS|TAMS 0x00000000c6900000, 0x00000000c6900000| Complete 

Card table byte_map: [0x000001e1c94b0000,0x000001e1c96a0000] _byte_map_base: 0x000001e1c8e9a000

Marking Bits (Prev, Next): (CMBitMap*) 0x000001e1c970b420, (CMBitMap*) 0x000001e1c970b460
 Prev Bits: [0x000001e1e03a0000, 0x000001e1e12f0000)
 Next Bits: [0x000001e1e12f0000, 0x000001e1e2240000)

Polling page: 0x000001e1c7680000

Metaspace:

Usage:
  Non-class:      2.82 MB used.
      Class:    319.78 KB used.
       Both:      3.14 MB used.

Virtual space:
  Non-class space:        8.00 MB reserved,       2.88 MB ( 36%) committed,  1 nodes.
      Class space:        1.00 GB reserved,     384.00 KB ( <1%) committed,  1 nodes.
             Both:        1.01 GB reserved,       3.25 MB ( <1%) committed. 

Chunk freelists:
   Non-Class:  3.90 MB
       Class:  3.58 MB
        Both:  7.48 MB

MaxMetaspaceSize: unlimited
CompressedClassSpaceSize: 1.00 GB
Initial GC threshold: 21.00 MB
Current GC threshold: 21.00 MB
CDS: on
MetaspaceReclaimPolicy: balanced
 - commit_granule_bytes: 65536.
 - commit_granule_words: 8192.
 - virtual_space_node_default_size: 1048576.
 - enlarge_chunks_in_place: 1.
 - new_chunks_are_fully_committed: 0.
 - uncommit_free_chunks: 1.
 - use_allocation_guard: 0.
 - handle_deallocations: 1.


Internal statistics:

num_allocs_failed_limit: 0.
num_arena_births: 86.
num_arena_deaths: 0.
num_vsnodes_births: 2.
num_vsnodes_deaths: 0.
num_space_committed: 52.
num_space_uncommitted: 0.
num_chunks_returned_to_freelist: 0.
num_chunks_taken_from_freelist: 112.
num_chunk_merges: 0.
num_chunk_splits: 65.
num_chunks_enlarged: 21.
num_purges: 0.
num_inconsistent_stats: 0.

CodeHeap 'non-profiled nmethods': size=120064Kb used=137Kb max_used=137Kb free=119926Kb
 bounds [0x000001e1d8c70000, 0x000001e1d8ee0000, 0x000001e1e01b0000]
CodeHeap 'profiled nmethods': size=120000Kb used=644Kb max_used=644Kb free=119355Kb
 bounds [0x000001e1d1740000, 0x000001e1d19b0000, 0x000001e1d8c70000]
CodeHeap 'non-nmethods': size=5696Kb used=1168Kb max_used=1182Kb free=4527Kb
 bounds [0x000001e1d11b0000, 0x000001e1d1420000, 0x000001e1d1740000]
 total_blobs=931 nmethods=464 adapters=381
 compilation: enabled
              stopped_count=0, restarted_count=0
 full_count=0

Compilation events (20 events):
Event: 0.645 Thread 0x000001e1e45d9f80 nmethod 454 0x000001e1d17dcd90 code [0x000001e1d17dcf60, 0x000001e1d17dd288]
Event: 0.645 Thread 0x000001e1e45d9f80  455       3       jdk.internal.org.objectweb.asm.AnnotationWriter::computeAnnotationsSize (66 bytes)
Event: 0.645 Thread 0x000001e1e45d9f80 nmethod 455 0x000001e1d17dd410 code [0x000001e1d17dd5e0, 0x000001e1d17dd918]
Event: 0.646 Thread 0x000001e1e45d9f80  456       3       java.lang.invoke.MethodHandles$Lookup::<init> (84 bytes)
Event: 0.646 Thread 0x000001e1e45d9f80 nmethod 456 0x000001e1d17ddb10 code [0x000001e1d17ddcc0, 0x000001e1d17ddef8]
Event: 0.647 Thread 0x000001e1e45d9f80  457       3       jdk.internal.org.objectweb.asm.MethodVisitor::<init> (88 bytes)
Event: 0.648 Thread 0x000001e1e45d9f80 nmethod 457 0x000001e1d17ddf90 code [0x000001e1d17de1e0, 0x000001e1d17deac8]
Event: 0.649 Thread 0x000001e1e45d9f80  458       3       java.lang.invoke.MethodTypeForm::cachedLambdaForm (23 bytes)
Event: 0.649 Thread 0x000001e1e45d9f80 nmethod 458 0x000001e1d17ded90 code [0x000001e1d17def40, 0x000001e1d17df2a8]
Event: 0.650 Thread 0x000001e1e45d9f80  459       3       java.lang.invoke.MethodHandles$Lookup::isClassAccessible (53 bytes)
Event: 0.651 Thread 0x000001e1e45d9f80 nmethod 459 0x000001e1d17df410 code [0x000001e1d17df620, 0x000001e1d17dfbf8]
Event: 0.652 Thread 0x000001e1e456c690  460       4       java.util.concurrent.ConcurrentHashMap::casTabAt (21 bytes)
Event: 0.653 Thread 0x000001e1e456c690 nmethod 460 0x000001e1d8c92310 code [0x000001e1d8c92480, 0x000001e1d8c925b8]
Event: 0.655 Thread 0x000001e1e45d9f80  461       3       java.lang.invoke.MemberName::getType (19 bytes)
Event: 0.655 Thread 0x000001e1e45d9f80 nmethod 461 0x000001e1d17dfe10 code [0x000001e1d17dffe0, 0x000001e1d17e0398]
Event: 0.655 Thread 0x000001e1e45d9f80  462       3       java.lang.Class::cast (27 bytes)
Event: 0.656 Thread 0x000001e1e45d9f80 nmethod 462 0x000001e1d17e0510 code [0x000001e1d17e06c0, 0x000001e1d17e0978]
Event: 0.656 Thread 0x000001e1e45d9f80  463       3       jdk.internal.org.objectweb.asm.Label::<init> (5 bytes)
Event: 0.656 Thread 0x000001e1e45d9f80 nmethod 463 0x000001e1d17e0a90 code [0x000001e1d17e0c20, 0x000001e1d17e0d78]
Event: 0.656 Thread 0x000001e1e45d9f80  464       3       java.lang.invoke.MethodHandles$Lookup::checkSymbolicClass (25 bytes)

GC Heap History (0 events):
No events

Deoptimization events (4 events):
Event: 0.341 Thread 0x000001e1c96df340 Uncommon trap: trap_request=0xffffff45 fr.pc=0x000001e1d8c7ced0 relative=0x00000000000006f0
Event: 0.341 Thread 0x000001e1c96df340 Uncommon trap: reason=unstable_if action=reinterpret pc=0x000001e1d8c7ced0 method=java.util.HashMap.putVal(ILjava/lang/Object;Ljava/lang/Object;ZZ)Ljava/lang/Object; @ 236 c2
Event: 0.345 Thread 0x000001e1c96df340 DEOPT PACKING pc=0x000001e1d8c7ced0 sp=0x000000dc477fe930
Event: 0.345 Thread 0x000001e1c96df340 DEOPT UNPACKING pc=0x000001e1d120239d sp=0x000000dc477fe8d8 mode 2

Classes unloaded (0 events):
No events

Classes redefined (0 events):
No events

Internal exceptions (12 events):
Event: 0.270 Thread 0x000001e1c96df340 Exception <a 'sun/nio/fs/WindowsException'{0x00000000c69f3798}> (0x00000000c69f3798) 
thrown [e:\jenkins\tmp\workspace\build\src\src\hotspot\share\prims\jni.cpp, line 516]
Event: 0.270 Thread 0x000001e1c96df340 Exception <a 'sun/nio/fs/WindowsException'{0x00000000c69f3cc0}> (0x00000000c69f3cc0) 
thrown [e:\jenkins\tmp\workspace\build\src\src\hotspot\share\prims\jni.cpp, line 516]
Event: 0.274 Thread 0x000001e1c96df340 Exception <a 'sun/nio/fs/WindowsException'{0x00000000c69f6360}> (0x00000000c69f6360) 
thrown [e:\jenkins\tmp\workspace\build\src\src\hotspot\share\prims\jni.cpp, line 516]
Event: 0.275 Thread 0x000001e1c96df340 Exception <a 'sun/nio/fs/WindowsException'{0x00000000c69f6df8}> (0x00000000c69f6df8) 
thrown [e:\jenkins\tmp\workspace\build\src\src\hotspot\share\prims\jni.cpp, line 516]
Event: 0.424 Thread 0x000001e1c96df340 Exception <a 'java/lang/ClassNotFoundException'{0x00000000c68a38a8}: sun/awt/resources/spi/awtProvider> (0x00000000c68a38a8) 
thrown [e:\jenkins\tmp\workspace\build\src\src\hotspot\share\classfile\systemDictionary.cpp, line 256]
Event: 0.470 Thread 0x000001e1c96df340 Exception <a 'java/io/FileNotFoundException'{0x00000000c68f7540}> (0x00000000c68f7540) 
thrown [e:\jenkins\tmp\workspace\build\src\src\hotspot\share\prims\jni.cpp, line 516]
Event: 0.488 Thread 0x000001e1c96df340 Exception <a 'java/io/FileNotFoundException'{0x00000000c6724bb8}> (0x00000000c6724bb8) 
thrown [e:\jenkins\tmp\workspace\build\src\src\hotspot\share\prims\jni.cpp, line 516]
Event: 0.561 Thread 0x000001e1c96df340 Exception <a 'java/lang/NoSuchMethodError'{0x00000000c676f030}: 'java.lang.Object java.lang.invoke.DirectMethodHandle$Holder.invokeStaticInit(java.lang.Object)'> (0x00000000c676f030) 
thrown [e:\jenkins\tmp\workspace\build\src\src\hotspot\share\interpreter\linkResolver.cpp, line 766]
Event: 0.602 Thread 0x000001e1c96df340 Exception <a 'java/lang/NoSuchMethodError'{0x00000000c67ba648}: 'void java.lang.invoke.DirectMethodHandle$Holder.invokeSpecial(java.lang.Object, java.lang.Object, java.lang.Object)'> (0x00000000c67ba648) 
thrown [e:\jenkins\tmp\workspace\build\src\src\hotspot\share\interpreter\linkResolver.cpp, line 766]
Event: 0.617 Thread 0x000001e1c96df340 Exception <a 'java/lang/NoSuchMethodError'{0x00000000c67e4a48}: 'java.lang.Object java.lang.invoke.DirectMethodHandle$Holder.newInvokeSpecial(java.lang.Object, java.lang.Object, java.lang.Object, java.lang.Object, java.lang.Object)'> (0x00000000c67e4a48) 
thrown [e:\jenkins\tmp\workspace\build\src\src\hotspot\share\interpreter\linkResolver.cpp, line 766]
Event: 0.621 Thread 0x000001e1c96df340 Exception <a 'java/lang/NoSuchMethodError'{0x00000000c67f0410}: 'java.lang.Object java.lang.invoke.DirectMethodHandle$Holder.invokeStatic(java.lang.Object, int, java.lang.Object, java.lang.Object, java.lang.Object, java.lang.Object)'> (0x00000000c67f0410) 
thrown [e:\jenkins\tmp\workspace\build\src\src\hotspot\share\interpreter\linkResolver.cpp, line 766]
Event: 0.632 Thread 0x000001e1c96df340 Exception <a 'java/lang/NoSuchMethodError'{0x00000000c6616248}: 'java.lang.Object java.lang.invoke.DirectMethodHandle$Holder.invokeStatic(java.lang.Object, int, java.lang.Object)'> (0x00000000c6616248) 
thrown [e:\jenkins\tmp\workspace\build\src\src\hotspot\share\interpreter\linkResolver.cpp, line 766]

VM Operations (2 events):
Event: 0.281 Executing VM operation: HandshakeAllThreads
Event: 0.282 Executing VM operation: HandshakeAllThreads done

Events (20 events):
Event: 0.609 loading class javax/swing/UIDefaults$LazyValue
Event: 0.609 loading class javax/swing/UIDefaults$LazyValue done
Event: 0.611 loading class javax/swing/UIDefaults$ActiveValue
Event: 0.611 loading class javax/swing/UIDefaults$ActiveValue done
Event: 0.611 loading class javax/swing/plaf/InsetsUIResource
Event: 0.612 loading class javax/swing/plaf/InsetsUIResource done
Event: 0.616 loading class javax/swing/plaf/BorderUIResource$EmptyBorderUIResource
Event: 0.616 loading class javax/swing/border/EmptyBorder
Event: 0.616 loading class javax/swing/border/AbstractBorder
Event: 0.616 loading class javax/swing/border/AbstractBorder done
Event: 0.616 loading class javax/swing/border/EmptyBorder done
Event: 0.616 loading class javax/swing/plaf/BorderUIResource$EmptyBorderUIResource done
Event: 0.625 loading class javax/swing/plaf/basic/BasicLookAndFeel$2
Event: 0.626 loading class javax/swing/plaf/basic/BasicLookAndFeel$2 done
Event: 0.631 loading class javax/swing/plaf/DimensionUIResource
Event: 0.631 loading class javax/swing/plaf/DimensionUIResource done
Event: 0.636 loading class javax/swing/UIDefaults$LazyInputMap
Event: 0.636 loading class javax/swing/UIDefaults$LazyInputMap done
Event: 0.652 loading class javax/swing/plaf/metal/MetalLookAndFeel$FontActiveValue
Event: 0.652 loading class javax/swing/plaf/metal/MetalLookAndFeel$FontActiveValue done


Dynamic libraries:
0x00007ff7ca9d0000 - 0x00007ff7ca9de000 	C:\Program Files\Eclipse Adoptium\jdk-17.0.1.12-hotspot\bin\java.exe
0x00007ffa23740000 - 0x00007ffa23949000 	C:\WINDOWS\SYSTEM32\ntdll.dll
0x00007ffa21b10000 - 0x00007ffa21bcd000 	C:\WINDOWS\System32\KERNEL32.DLL
0x00007ffa20fd0000 - 0x00007ffa21349000 	C:\WINDOWS\System32\KERNELBASE.dll
0x00007ffa214c0000 - 0x00007ffa215d1000 	C:\WINDOWS\System32\ucrtbase.dll
0x00007ffa19fc0000 - 0x00007ffa19fd9000 	C:\Program Files\Eclipse Adoptium\jdk-17.0.1.12-hotspot\bin\VCRUNTIME140.dll
0x00007ffa11ec0000 - 0x00007ffa11ed8000 	C:\Program Files\Eclipse Adoptium\jdk-17.0.1.12-hotspot\bin\jli.dll
0x00007ffa22d50000 - 0x00007ffa22efc000 	C:\WINDOWS\System32\USER32.dll
0x00007ffa20c30000 - 0x00007ffa20c56000 	C:\WINDOWS\System32\win32u.dll
0x00007ffa22250000 - 0x00007ffa22279000 	C:\WINDOWS\System32\GDI32.dll
0x00007ffa20d90000 - 0x00007ffa20ea2000 	C:\WINDOWS\System32\gdi32full.dll
0x00007ffa20eb0000 - 0x00007ffa20f4d000 	C:\WINDOWS\System32\msvcp_win.dll
0x00007ffa0df10000 - 0x00007ffa0e1b5000 	C:\WINDOWS\WinSxS\amd64_microsoft.windows.common-controls_6595b64144ccf1df_6.0.22000.120_none_9d947278b86cc467\COMCTL32.dll
0x00007ffa22130000 - 0x00007ffa221d3000 	C:\WINDOWS\System32\msvcrt.dll
0x00007ffa23290000 - 0x00007ffa232c1000 	C:\WINDOWS\System32\IMM32.DLL
0x00007ffa1b4d0000 - 0x00007ffa1b4dc000 	C:\Program Files\Eclipse Adoptium\jdk-17.0.1.12-hotspot\bin\vcruntime140_1.dll
0x00007ff9fa480000 - 0x00007ff9fa511000 	C:\Program Files\Eclipse Adoptium\jdk-17.0.1.12-hotspot\bin\msvcp140.dll
0x00007ff9d4880000 - 0x00007ff9d54c6000 	C:\Program Files\Eclipse Adoptium\jdk-17.0.1.12-hotspot\bin\server\jvm.dll
0x00007ffa215e0000 - 0x00007ffa2168e000 	C:\WINDOWS\System32\ADVAPI32.dll
0x00007ffa217d0000 - 0x00007ffa2186e000 	C:\WINDOWS\System32\sechost.dll
0x00007ffa219f0000 - 0x00007ffa21b10000 	C:\WINDOWS\System32\RPCRT4.dll
0x00007ffa23340000 - 0x00007ffa23348000 	C:\WINDOWS\System32\PSAPI.DLL
0x00007ffa1d220000 - 0x00007ffa1d229000 	C:\WINDOWS\SYSTEM32\WSOCK32.dll
0x00007ffa220c0000 - 0x00007ffa2212f000 	C:\WINDOWS\System32\WS2_32.dll
0x00007ffa1ab90000 - 0x00007ffa1abc3000 	C:\WINDOWS\SYSTEM32\WINMM.dll
0x00007ffa1b3d0000 - 0x00007ffa1b3da000 	C:\WINDOWS\SYSTEM32\VERSION.dll
0x00007ffa1fd30000 - 0x00007ffa1fd48000 	C:\WINDOWS\SYSTEM32\kernel.appcore.dll
0x00007ffa19f80000 - 0x00007ffa19f8a000 	C:\Program Files\Eclipse Adoptium\jdk-17.0.1.12-hotspot\bin\jimage.dll
0x00007ffa1f3c0000 - 0x00007ffa1f5e1000 	C:\WINDOWS\SYSTEM32\DBGHELP.DLL
0x00007ffa0dd60000 - 0x00007ffa0dd91000 	C:\WINDOWS\SYSTEM32\dbgcore.DLL
0x00007ffa20f50000 - 0x00007ffa20fcf000 	C:\WINDOWS\System32\bcryptPrimitives.dll
0x00007ffa0eb50000 - 0x00007ffa0eb75000 	C:\Program Files\Eclipse Adoptium\jdk-17.0.1.12-hotspot\bin\java.dll
0x00007ffa012a0000 - 0x00007ffa01376000 	C:\Program Files\Eclipse Adoptium\jdk-17.0.1.12-hotspot\bin\svml.dll
0x00007ffa222a0000 - 0x00007ffa22a4f000 	C:\WINDOWS\System32\SHELL32.dll
0x00007ffa1eb50000 - 0x00007ffa1f3b8000 	C:\WINDOWS\SYSTEM32\windows.storage.dll
0x00007ffa22f10000 - 0x00007ffa23288000 	C:\WINDOWS\System32\combase.dll
0x00007ffa1e930000 - 0x00007ffa1ea96000 	C:\WINDOWS\SYSTEM32\wintypes.dll
0x00007ffa23470000 - 0x00007ffa2355a000 	C:\WINDOWS\System32\SHCORE.dll
0x00007ffa221e0000 - 0x00007ffa2223d000 	C:\WINDOWS\System32\shlwapi.dll
0x00007ffa20b60000 - 0x00007ffa20b81000 	C:\WINDOWS\SYSTEM32\profapi.dll
0x00007ffa146a0000 - 0x00007ffa146b9000 	C:\Program Files\Eclipse Adoptium\jdk-17.0.1.12-hotspot\bin\net.dll
0x00007ffa1bee0000 - 0x00007ffa1bfec000 	C:\WINDOWS\SYSTEM32\WINHTTP.dll
0x00007ffa20160000 - 0x00007ffa201c7000 	C:\WINDOWS\system32\mswsock.dll
0x00007ffa12e20000 - 0x00007ffa12e35000 	C:\Program Files\Eclipse Adoptium\jdk-17.0.1.12-hotspot\bin\nio.dll
0x00007ffa0ede0000 - 0x00007ffa0edf8000 	C:\Program Files\Eclipse Adoptium\jdk-17.0.1.12-hotspot\bin\zip.dll
0x00007ff9ec5a0000 - 0x00007ff9ec72e000 	C:\Program Files\Eclipse Adoptium\jdk-17.0.1.12-hotspot\bin\awt.dll
0x00007ffa21690000 - 0x00007ffa21766000 	C:\WINDOWS\System32\OLEAUT32.dll
0x00007ffa1df70000 - 0x00007ffa1e001000 	C:\WINDOWS\SYSTEM32\apphelp.dll
0x00007ffa1e030000 - 0x00007ffa1e0dc000 	C:\WINDOWS\system32\uxtheme.dll
0x00007ffa21870000 - 0x00007ffa2198e000 	C:\WINDOWS\System32\MSCTF.dll
0x00007ffa23560000 - 0x00007ffa236fa000 	C:\WINDOWS\System32\ole32.dll

dbghelp: loaded successfully - version: 4.0.5 - missing functions: none
symbol engine: initialized successfully - sym options: 0x614 - pdb path: .;C:\Program Files\Eclipse Adoptium\jdk-17.0.1.12-hotspot\bin;C:\WINDOWS\SYSTEM32;C:\WINDOWS\WinSxS\amd64_microsoft.windows.common-controls_6595b64144ccf1df_6.0.22000.120_none_9d947278b86cc467;C:\Program Files\Eclipse Adoptium\jdk-17.0.1.12-hotspot\bin\server

VM Arguments:
jvm_args: -Dfile.encoding=UTF-8 --module-path=C:\Users\edwin\Documents\NetBeansProjects\A_Pruebas\build\classes 
java_command: Main
java_class_path (initial): C:\Program Files\NetBeans-13\netbeans\java\modules\ext\AbsoluteLayout.jar;C:\Users\edwin\Documents\NetBeansProjects\A_Pruebas\build\classes
Launcher Type: SUN_STANDARD

[Global flags]
     intx CICompilerCount                          = 2                                         {product} {ergonomic}
     uint ConcGCThreads                            = 1                                         {product} {ergonomic}
     uint G1ConcRefinementThreads                  = 2                                         {product} {ergonomic}
   size_t G1HeapRegionSize                         = 1048576                                   {product} {ergonomic}
    uintx GCDrainStackTargetSize                   = 64                                        {product} {ergonomic}
   size_t InitialHeapSize                          = 65011712                                  {product} {ergonomic}
   size_t MarkStackSize                            = 4194304                                   {product} {ergonomic}
   size_t MaxHeapSize                              = 1027604480                                {product} {ergonomic}
   size_t MaxNewSize                               = 616562688                                 {product} {ergonomic}
   size_t MinHeapDeltaBytes                        = 1048576                                   {product} {ergonomic}
   size_t MinHeapSize                              = 8388608                                   {product} {ergonomic}
    uintx NonNMethodCodeHeapSize                   = 5826188                                {pd product} {ergonomic}
    uintx NonProfiledCodeHeapSize                  = 122916026                              {pd product} {ergonomic}
    uintx ProfiledCodeHeapSize                     = 122916026                              {pd product} {ergonomic}
    uintx ReservedCodeCacheSize                    = 251658240                              {pd product} {ergonomic}
     bool SegmentedCodeCache                       = true                                      {product} {ergonomic}
   size_t SoftMaxHeapSize                          = 1027604480                             {manageable} {ergonomic}
     bool UseCompressedClassPointers               = true                           {product lp64_product} {ergonomic}
     bool UseCompressedOops                        = true                           {product lp64_product} {ergonomic}
     bool UseG1GC                                  = true                                      {product} {ergonomic}
     bool UseLargePagesIndividualAllocation        = false                                  {pd product} {ergonomic}

Logging:
Log output configuration:
 #0: stdout all=warning uptime,level,tags
 #1: stderr all=off uptime,level,tags

Environment Variables:
JAVA_HOME=C:\Program Files\Eclipse Adoptium\jdk-17.0.1.12-hotspot\
PATH=C:\Program Files\Python310\Scripts\;C:\Program Files\Python310\;C:\Program Files\Microsoft\jdk-11.0.12.7-hotspot\bin;C:\Program Files\Eclipse Adoptium\jdk-17.0.1.12-hotspot\bin;C:\Program Files (x86)\Intel\TXE Components\iCLS\;C:\Program Files\Intel\TXE Components\iCLS\;C:\WINDOWS\system32;C:\WINDOWS;C:\WINDOWS\System32\Wbem;C:\WINDOWS\System32\WindowsPowerShell\v1.0\;C:\WINDOWS\System32\OpenSSH\;C:\Program Files\Intel\TXE Components\DAL\;C:\Program Files (x86)\Intel\TXE Components\DAL\;C:\Program Files\Intel\TXE Components\IPT\;C:\Program Files (x86)\Intel\TXE Components\IPT\;C:\TDM-GCC-64\bin;C:\Program Files\Go\bin;C:\Program Files\dotnet\;C:\Users\edwin\AppData\Local\Microsoft\WindowsApps;C:\Users\edwin\AppData\Local\Programs\Microsoft VS Code\bin;C:\C-C++\bin;C:\Users\edwin\go\bin;C:\Users\edwin\.dotnet\tools;C:\ProgramData\Microsoft\Windows\Start Menu\Programs\Python 3.10\Python 3.10 (64-bit).lnk;
USERNAME=edwin
OS=Windows_NT
PROCESSOR_IDENTIFIER=Intel64 Family 6 Model 122 Stepping 1, GenuineIntel



---------------  S Y S T E M  ---------------

OS:
 Windows 10 , 64 bit Build 22000 (10.0.22000.675)
OS uptime: 1 days 5:28 hours

CPU: total 2 (initial active 2) (2 cores per cpu, 1 threads per core) family 6 model 122 stepping 1 microcode 0x36, cx8, cmov, fxsr, mmx, 3dnowpref, sse, sse2, sse3, ssse3, sse4.1, sse4.2, popcnt, tsc, tscinvbit, aes, erms, clmul, sha, clflush, clflushopt

Memory: 4k page, system-wide physical 3918M (526M free)
TotalPageFile size 5718M (AvailPageFile size 4M)
current process WorkingSet (physical memory assigned to process): 42M, peak: 42M
current process commit charge ("private bytes"): 133M, peak: 133M

vm_info: OpenJDK 64-Bit Server VM (17.0.1+12) for windows-amd64 JRE (17.0.1+12), built on Oct 20 2021 07:42:55 by "" with MS VC++ 16.7 (VS2019)

END.
