#
# There is insufficient memory for the Java Runtime Environment to continue.
# Native memory allocation (mmap) failed to map 65011712 bytes for G1 virtual space
# Possible reasons:
#   The system is out of physical RAM or swap space
#   The process is running with CompressedOops enabled, and the Java Heap may be blocking the growth of the native heap
# Possible solutions:
#   Reduce memory load on the system
#   Increase physical memory or swap space
#   Check if swap backing store is full
#   Decrease Java heap size (-Xmx/-Xms)
#   Decrease number of Java threads
#   Decrease Java thread stack sizes (-Xss)
#   Set larger code cache with -XX:ReservedCodeCacheSize=
#   JVM is running with Unscaled Compressed Oops mode in which the Java heap is
#     placed in the first 4GB address space. The Java Heap base address is the
#     maximum limit for the native heap growth. Please use -XX:HeapBaseMinAddress
#     to set the Java Heap base and to place the Java Heap above 4GB virtual address.
# This output file may be truncated or incomplete.
#
#  Out of Memory Error (os_windows.cpp:3469), pid=9892, tid=10860
#
# JRE version:  (17.0.1+12) (build )
# Java VM: OpenJDK 64-Bit Server VM (17.0.1+12, mixed mode, sharing, tiered, compressed oops, compressed class ptrs, g1 gc, windows-amd64)
# No core dump will be written. Minidumps are not enabled by default on client versions of Windows
#

---------------  S U M M A R Y ------------

Command Line: -Dfile.encoding=UTF-8 --module-path=C:\Users\edwin\Documents\NetBeansProjects\A_Pruebas\build\classes Main

Host: Intel(R) Celeron(R) N4000 CPU @ 1.10GHz, 2 cores, 3G,  Windows 10 , 64 bit Build 22000 (10.0.22000.613)
Time: Thu Apr 28 19:01:16 2022 Hora de verano central (México) elapsed time: 0.212625 seconds (0d 0h 0m 0s)

---------------  T H R E A D  ---------------

Current thread (0x000001ec26fa0280):  JavaThread "Unknown thread" [_thread_in_vm, id=10860, stack(0x000000def4100000,0x000000def4200000)]

Stack: [0x000000def4100000,0x000000def4200000]
Native frames: (J=compiled Java code, j=interpreted, Vv=VM code, C=native code)
V  [jvm.dll+0x6744da]
V  [jvm.dll+0x82e144]
V  [jvm.dll+0x82f8ee]
V  [jvm.dll+0x82ff53]
V  [jvm.dll+0x245175]
V  [jvm.dll+0x6714c9]
V  [jvm.dll+0x665f92]
V  [jvm.dll+0x303c3b]
V  [jvm.dll+0x30b176]
V  [jvm.dll+0x35af1e]
V  [jvm.dll+0x35b14f]
V  [jvm.dll+0x2dab78]
V  [jvm.dll+0x2dbae4]
V  [jvm.dll+0x7ffdf1]
V  [jvm.dll+0x368c91]
V  [jvm.dll+0x7df2cc]
V  [jvm.dll+0x3eb59f]
V  [jvm.dll+0x3ed121]
C  [jli.dll+0x5277]
C  [ucrtbase.dll+0x26c0c]
C  [KERNEL32.DLL+0x154e0]
C  [ntdll.dll+0x485b]


---------------  P R O C E S S  ---------------

Threads class SMR info:
_java_thread_list=0x00007fff15694e58, length=0, elements={
}

Java Threads: ( => current thread )

Other Threads:
  0x000001ec26fcb720 GCTaskThread "GC Thread#0" [stack: 0x000000def4200000,0x000000def4300000] [id=6448]
  0x000001ec26fd40e0 ConcurrentGCThread "G1 Main Marker" [stack: 0x000000def4300000,0x000000def4400000] [id=9104]
  0x000001ec26fd5290 ConcurrentGCThread "G1 Conc#0" [stack: 0x000000def4400000,0x000000def4500000] [id=9728]

[error occurred during error reporting (printing all threads), id 0xc0000005, EXCEPTION_ACCESS_VIOLATION (0xc0000005) at pc=0x00007fff14e6b5f7]

VM state: not at safepoint (not fully initialized)

VM Mutex/Monitor currently owned by a thread:  ([mutex/lock_event])
[0x000001ec26f9a470] Heap_lock - owner thread: 0x000001ec26fa0280

Heap address: 0x00000000c2c00000, size: 980 MB, Compressed Oops mode: 32-bit

CDS archive(s) mapped at: [0x0000000000000000-0x0000000000000000-0x0000000000000000), size 0, SharedBaseAddress: 0x0000000800000000, ArchiveRelocationMode: 0.
Narrow klass base: 0x0000000000000000, Narrow klass shift: 0, Narrow klass range: 0x0

GC Precious Log:
<Empty>

Heap:
 garbage-first heap   total 0K, used 0K [0x00000000c2c00000, 0x0000000100000000)
  region size 1024K, 0 young (0K), 0 survivors (0K)

[error occurred during error reporting (printing heap information), id 0xc0000005, EXCEPTION_ACCESS_VIOLATION (0xc0000005) at pc=0x00007fff1524d729]

GC Heap History (0 events):
No events

Deoptimization events (0 events):
No events

Classes unloaded (0 events):
No events

Classes redefined (0 events):
No events

Internal exceptions (0 events):
No events

VM Operations (0 events):
No events

Events (1 events):
Event: 0.013 Loaded shared library C:\Program Files\Eclipse Adoptium\jdk-17.0.1.12-hotspot\bin\java.dll


Dynamic libraries:
0x00007ff6f7460000 - 0x00007ff6f746e000 	C:\Program Files\Eclipse Adoptium\jdk-17.0.1.12-hotspot\bin\java.exe
0x00007fff63780000 - 0x00007fff63989000 	C:\WINDOWS\SYSTEM32\ntdll.dll
0x00007fff62d10000 - 0x00007fff62dcd000 	C:\WINDOWS\System32\KERNEL32.DLL
0x00007fff60d30000 - 0x00007fff610a4000 	C:\WINDOWS\System32\KERNELBASE.dll
0x00007fff61450000 - 0x00007fff61561000 	C:\WINDOWS\System32\ucrtbase.dll
0x00007fff5cbb0000 - 0x00007fff5cbc9000 	C:\Program Files\Eclipse Adoptium\jdk-17.0.1.12-hotspot\bin\VCRUNTIME140.dll
0x00007fff4e920000 - 0x00007fff4e938000 	C:\Program Files\Eclipse Adoptium\jdk-17.0.1.12-hotspot\bin\jli.dll
0x00007fff617f0000 - 0x00007fff6199c000 	C:\WINDOWS\System32\USER32.dll
0x00007fff61570000 - 0x00007fff61596000 	C:\WINDOWS\System32\win32u.dll
0x00007fff620b0000 - 0x00007fff620d9000 	C:\WINDOWS\System32\GDI32.dll
0x00007fff61330000 - 0x00007fff61442000 	C:\WINDOWS\System32\gdi32full.dll
0x00007fff610b0000 - 0x00007fff6114d000 	C:\WINDOWS\System32\msvcp_win.dll
0x00007fff4f970000 - 0x00007fff4fc15000 	C:\WINDOWS\WinSxS\amd64_microsoft.windows.common-controls_6595b64144ccf1df_6.0.22000.120_none_9d947278b86cc467\COMCTL32.dll
0x00007fff62000000 - 0x00007fff620a3000 	C:\WINDOWS\System32\msvcrt.dll
0x00007fff619a0000 - 0x00007fff619d1000 	C:\WINDOWS\System32\IMM32.DLL
0x00007fff544a0000 - 0x00007fff544ac000 	C:\Program Files\Eclipse Adoptium\jdk-17.0.1.12-hotspot\bin\vcruntime140_1.dll
0x00007fff4e2b0000 - 0x00007fff4e341000 	C:\Program Files\Eclipse Adoptium\jdk-17.0.1.12-hotspot\bin\msvcp140.dll
0x00007fff14b80000 - 0x00007fff157c6000 	C:\Program Files\Eclipse Adoptium\jdk-17.0.1.12-hotspot\bin\server\jvm.dll
0x00007fff61b70000 - 0x00007fff61c1e000 	C:\WINDOWS\System32\ADVAPI32.dll
0x00007fff619e0000 - 0x00007fff61a7e000 	C:\WINDOWS\System32\sechost.dll
0x00007fff635a0000 - 0x00007fff636c0000 	C:\WINDOWS\System32\RPCRT4.dll
0x00007fff62140000 - 0x00007fff62148000 	C:\WINDOWS\System32\PSAPI.DLL
0x00007fff5cbd0000 - 0x00007fff5cbd9000 	C:\WINDOWS\SYSTEM32\WSOCK32.dll
0x00007fff62ca0000 - 0x00007fff62d0f000 	C:\WINDOWS\System32\WS2_32.dll
0x00007fff5bde0000 - 0x00007fff5be13000 	C:\WINDOWS\SYSTEM32\WINMM.dll
0x00007fff5aea0000 - 0x00007fff5aeaa000 	C:\WINDOWS\SYSTEM32\VERSION.dll
0x00007fff5fd70000 - 0x00007fff5fd88000 	C:\WINDOWS\SYSTEM32\kernel.appcore.dll
0x00007fff54490000 - 0x00007fff5449a000 	C:\Program Files\Eclipse Adoptium\jdk-17.0.1.12-hotspot\bin\jimage.dll
0x00007fff5f400000 - 0x00007fff5f621000 	C:\WINDOWS\SYSTEM32\DBGHELP.DLL
0x00007fff4fc20000 - 0x00007fff4fc51000 	C:\WINDOWS\SYSTEM32\dbgcore.DLL
0x00007fff615a0000 - 0x00007fff6161f000 	C:\WINDOWS\System32\bcryptPrimitives.dll
0x00007fff4f490000 - 0x00007fff4f4b5000 	C:\Program Files\Eclipse Adoptium\jdk-17.0.1.12-hotspot\bin\java.dll

dbghelp: loaded successfully - version: 4.0.5 - missing functions: none
symbol engine: initialized successfully - sym options: 0x614 - pdb path: .;C:\Program Files\Eclipse Adoptium\jdk-17.0.1.12-hotspot\bin;C:\WINDOWS\SYSTEM32;C:\WINDOWS\WinSxS\amd64_microsoft.windows.common-controls_6595b64144ccf1df_6.0.22000.120_none_9d947278b86cc467;C:\Program Files\Eclipse Adoptium\jdk-17.0.1.12-hotspot\bin\server

VM Arguments:
jvm_args: -Dfile.encoding=UTF-8 --module-path=C:\Users\edwin\Documents\NetBeansProjects\A_Pruebas\build\classes 
java_command: Main
java_class_path (initial): C:\Program Files\NetBeans-13\netbeans\java\modules\ext\AbsoluteLayout.jar;C:\Users\edwin\Documents\NetBeansProjects\A_Pruebas\build\classes
Launcher Type: SUN_STANDARD

[Global flags]
     intx CICompilerCount                          = 2                                         {product} {ergonomic}
     uint ConcGCThreads                            = 1                                         {product} {ergonomic}
     uint G1ConcRefinementThreads                  = 2                                         {product} {ergonomic}
   size_t G1HeapRegionSize                         = 1048576                                   {product} {ergonomic}
    uintx GCDrainStackTargetSize                   = 64                                        {product} {ergonomic}
   size_t InitialHeapSize                          = 65011712                                  {product} {ergonomic}
   size_t MarkStackSize                            = 4194304                                   {product} {ergonomic}
   size_t MaxHeapSize                              = 1027604480                                {product} {ergonomic}
   size_t MinHeapDeltaBytes                        = 1048576                                   {product} {ergonomic}
   size_t MinHeapSize                              = 8388608                                   {product} {ergonomic}
    uintx NonNMethodCodeHeapSize                   = 5826188                                {pd product} {ergonomic}
    uintx NonProfiledCodeHeapSize                  = 122916026                              {pd product} {ergonomic}
    uintx ProfiledCodeHeapSize                     = 122916026                              {pd product} {ergonomic}
    uintx ReservedCodeCacheSize                    = 251658240                              {pd product} {ergonomic}
     bool SegmentedCodeCache                       = true                                      {product} {ergonomic}
   size_t SoftMaxHeapSize                          = 1027604480                             {manageable} {ergonomic}
     bool UseCompressedClassPointers               = true                           {product lp64_product} {ergonomic}
     bool UseCompressedOops                        = true                           {product lp64_product} {ergonomic}
     bool UseG1GC                                  = true                                      {product} {ergonomic}
     bool UseLargePagesIndividualAllocation        = false                                  {pd product} {ergonomic}

Logging:
Log output configuration:
 #0: stdout all=warning uptime,level,tags
 #1: stderr all=off uptime,level,tags

Environment Variables:
JAVA_HOME=C:\Program Files\Eclipse Adoptium\jdk-17.0.1.12-hotspot\
PATH=C:\Program Files\Python310\Scripts\;C:\Program Files\Python310\;C:\Program Files\Microsoft\jdk-11.0.12.7-hotspot\bin;C:\Program Files\Eclipse Adoptium\jdk-17.0.1.12-hotspot\bin;C:\Program Files (x86)\Intel\TXE Components\iCLS\;C:\Program Files\Intel\TXE Components\iCLS\;C:\WINDOWS\system32;C:\WINDOWS;C:\WINDOWS\System32\Wbem;C:\WINDOWS\System32\WindowsPowerShell\v1.0\;C:\WINDOWS\System32\OpenSSH\;C:\Program Files\Intel\TXE Components\DAL\;C:\Program Files (x86)\Intel\TXE Components\DAL\;C:\Program Files\Intel\TXE Components\IPT\;C:\Program Files (x86)\Intel\TXE Components\IPT\;C:\TDM-GCC-64\bin;C:\Program Files\Go\bin;C:\Program Files\dotnet\;C:\Users\edwin\AppData\Local\Microsoft\WindowsApps;C:\Users\edwin\AppData\Local\Programs\Microsoft VS Code\bin;C:\C-C++\bin;C:\Users\edwin\go\bin;C:\Users\edwin\.dotnet\tools;C:\ProgramData\Microsoft\Windows\Start Menu\Programs\Python 3.10\Python 3.10 (64-bit).lnk;
USERNAME=edwin
OS=Windows_NT
PROCESSOR_IDENTIFIER=Intel64 Family 6 Model 122 Stepping 1, GenuineIntel



---------------  S Y S T E M  ---------------

OS:
 Windows 10 , 64 bit Build 22000 (10.0.22000.613)
OS uptime: 0 days 3:46 hours

CPU: total 2 (initial active 2) (2 cores per cpu, 1 threads per core) family 6 model 122 stepping 1 microcode 0x36, cx8, cmov, fxsr, mmx, 3dnowpref, sse, sse2, sse3, ssse3, sse4.1, sse4.2, popcnt, tsc, tscinvbit, aes, erms, clmul, sha, clflush, clflushopt

Memory: 4k page, system-wide physical 3918M (211M free)
TotalPageFile size 5718M (AvailPageFile size 45M)
current process WorkingSet (physical memory assigned to process): 10M, peak: 10M
current process commit charge ("private bytes"): 47M, peak: 109M

vm_info: OpenJDK 64-Bit Server VM (17.0.1+12) for windows-amd64 JRE (17.0.1+12), built on Oct 20 2021 07:42:55 by "" with MS VC++ 16.7 (VS2019)

END.
