#
# There is insufficient memory for the Java Runtime Environment to continue.
# Native memory allocation (malloc) failed to allocate 32744 bytes for ChunkPool::allocate
# Possible reasons:
#   The system is out of physical RAM or swap space
#   The process is running with CompressedOops enabled, and the Java Heap may be blocking the growth of the native heap
# Possible solutions:
#   Reduce memory load on the system
#   Increase physical memory or swap space
#   Check if swap backing store is full
#   Decrease Java heap size (-Xmx/-Xms)
#   Decrease number of Java threads
#   Decrease Java thread stack sizes (-Xss)
#   Set larger code cache with -XX:ReservedCodeCacheSize=
#   JVM is running with Unscaled Compressed Oops mode in which the Java heap is
#     placed in the first 4GB address space. The Java Heap base address is the
#     maximum limit for the native heap growth. Please use -XX:HeapBaseMinAddress
#     to set the Java Heap base and to place the Java Heap above 4GB virtual address.
# This output file may be truncated or incomplete.
#
#  Out of Memory Error (arena.cpp:78), pid=1528, tid=2992
#
# JRE version: OpenJDK Runtime Environment Temurin-17.0.1+12 (17.0.1+12) (build 17.0.1+12)
# Java VM: OpenJDK 64-Bit Server VM Temurin-17.0.1+12 (17.0.1+12, mixed mode, tiered, compressed oops, compressed class ptrs, g1 gc, windows-amd64)
# No core dump will be written. Minidumps are not enabled by default on client versions of Windows
#

---------------  S U M M A R Y ------------

Command Line: -Dfile.encoding=UTF-8 --module-path=C:\Users\edwin\Documents\NetBeansProjects\A_Pruebas\build\classes Main

Host: Intel(R) Celeron(R) N4000 CPU @ 1.10GHz, 2 cores, 3G,  Windows 10 , 64 bit Build 22000 (10.0.22000.675)
Time: Sat May 21 22:13:58 2022 Hora de verano central (México) elapsed time: 0.235481 seconds (0d 0h 0m 0s)

---------------  T H R E A D  ---------------

Current thread (0x00000283530b96b0):  JavaThread "C1 CompilerThread0" daemon [_thread_in_native, id=2992, stack(0x00000099f0300000,0x00000099f0400000)]


Current CompileTask:
C1:    235   41   !   3      
[error occurred during error reporting (printing current compile task), id 0xe0000001, Out of Memory Error (e:\jenkins\tmp\workspace\build\src\src\hotspot\share\memory\arena.cpp:78)]

Stack: [0x00000099f0300000,0x00000099f0400000]
Native frames: (J=compiled Java code, j=interpreted, Vv=VM code, C=native code)
V  [jvm.dll+0x6744da]
V  [jvm.dll+0x82e144]
V  [jvm.dll+0x82f8ee]
V  [jvm.dll+0x82ff53]
V  [jvm.dll+0x245175]
V  [jvm.dll+0xabaa0]
V  [jvm.dll+0xabdec]
V  [jvm.dll+0x79bc9c]
V  [jvm.dll+0x79bd89]
V  [jvm.dll+0x6285f9]
V  [jvm.dll+0x22b7c6]
V  [jvm.dll+0x22bd47]
V  [jvm.dll+0x82dfda]
V  [jvm.dll+0x82f8ee]
V  [jvm.dll+0x82ff53]
V  [jvm.dll+0x245175]
V  [jvm.dll+0xabaa0]
V  [jvm.dll+0xabdec]
V  [jvm.dll+0x1748ea]
V  [jvm.dll+0x1755a2]
V  [jvm.dll+0x17565e]
V  [jvm.dll+0x177f79]
V  [jvm.dll+0x179fb1]
V  [jvm.dll+0x1342b3]
V  [jvm.dll+0x133baf]
V  [jvm.dll+0x133de6]
V  [jvm.dll+0x13327a]
V  [jvm.dll+0x134f41]
V  [jvm.dll+0x226e38]
V  [jvm.dll+0x224f7c]
V  [jvm.dll+0x7e3f5b]
V  [jvm.dll+0x7de51a]
V  [jvm.dll+0x673305]
C  [ucrtbase.dll+0x26c0c]
C  [KERNEL32.DLL+0x154e0]
C  [ntdll.dll+0x485b]


---------------  P R O C E S S  ---------------

Threads class SMR info:
_java_thread_list=0x0000028353ca0820, length=11, elements={
0x00000283361af040, 0x00000283530546d0, 0x0000028353055540, 0x00000283530b2f40,
0x00000283530b3800, 0x00000283530b40c0, 0x00000283530b4980, 0x00000283530b5710,
0x00000283530b96b0, 0x0000028353119770, 0x0000028353d21340
}

Java Threads: ( => current thread )
  0x00000283361af040 JavaThread "main" [_thread_in_vm, id=2176, stack(0x00000099ef500000,0x00000099ef600000)]
  0x00000283530546d0 JavaThread "Reference Handler" daemon [_thread_blocked, id=2568, stack(0x00000099efc00000,0x00000099efd00000)]
  0x0000028353055540 JavaThread "Finalizer" daemon [_thread_blocked, id=5688, stack(0x00000099efd00000,0x00000099efe00000)]
  0x00000283530b2f40 JavaThread "Signal Dispatcher" daemon [_thread_blocked, id=7212, stack(0x00000099efe00000,0x00000099eff00000)]
  0x00000283530b3800 JavaThread "Attach Listener" daemon [_thread_blocked, id=7284, stack(0x00000099eff00000,0x00000099f0000000)]
  0x00000283530b40c0 JavaThread "Service Thread" daemon [_thread_blocked, id=7124, stack(0x00000099f0000000,0x00000099f0100000)]
  0x00000283530b4980 JavaThread "Monitor Deflation Thread" daemon [_thread_blocked, id=940, stack(0x00000099f0100000,0x00000099f0200000)]
  0x00000283530b5710 JavaThread "C2 CompilerThread0" daemon [_thread_in_native, id=1604, stack(0x00000099f0200000,0x00000099f0300000)]
=>0x00000283530b96b0 JavaThread "C1 CompilerThread0" daemon [_thread_in_native, id=2992, stack(0x00000099f0300000,0x00000099f0400000)]
  0x0000028353119770 JavaThread "Sweeper thread" daemon [_thread_blocked, id=7060, stack(0x00000099f0400000,0x00000099f0500000)]
  0x0000028353d21340 JavaThread "Common-Cleaner" daemon [_thread_blocked, id=6636, stack(0x00000099f0500000,0x00000099f0600000)]

Other Threads:
  0x000002835300a2a0 VMThread "VM Thread" [stack: 0x00000099efb00000,0x00000099efc00000] [id=3356]
  0x00000283361dab00 GCTaskThread "GC Thread#0" [stack: 0x00000099ef600000,0x00000099ef700000] [id=8396]
  0x00000283361e34c0 ConcurrentGCThread "G1 Main Marker" [stack: 0x00000099ef700000,0x00000099ef800000] [id=7120]
  0x00000283361e4670 ConcurrentGCThread "G1 Conc#0" [stack: 0x00000099ef800000,0x00000099ef900000] [id=7840]
  0x000002833621d0b0 ConcurrentGCThread "G1 Refine#0" [stack: 0x00000099ef900000,0x00000099efa00000] [id=8028]
  0x000002833621dad0 ConcurrentGCThread "G1 Service" [stack: 0x00000099efa00000,0x00000099efb00000] [id=3288]

Threads with active compile tasks:
C2 CompilerThread0      381   66       4       java.lang.String::charAt (25 bytes)
C1 CompilerThread0      381   41   !   3       java.util.concurrent.ConcurrentHashMap::putVal (432 bytes)

VM state: not at safepoint (normal execution)

VM Mutex/Monitor currently owned by a thread: None

Heap address: 0x00000000c2c00000, size: 980 MB, Compressed Oops mode: 32-bit

CDS archive(s) not mapped
Compressed class space mapped at: 0x0000000100000000-0x0000000140000000, reserved size: 1073741824
Narrow klass base: 0x0000000000000000, Narrow klass shift: 3, Narrow klass range: 0x140000000

GC Precious Log:
 CPUs: 2 total, 2 available
 Memory: 3918M
 Large Page Support: Disabled
 NUMA Support: Disabled
 Compressed Oops: Enabled (32-bit)
 Heap Region Size: 1M
 Heap Min Capacity: 8M
 Heap Initial Capacity: 62M
 Heap Max Capacity: 980M
 Pre-touch: Disabled
 Parallel Workers: 2
 Concurrent Workers: 1
 Concurrent Refinement Workers: 2
 Periodic GC: Disabled

Heap:
 garbage-first heap   total 63488K, used 0K [0x00000000c2c00000, 0x0000000100000000)
  region size 1024K, 1 young (1024K), 0 survivors (0K)
 Metaspace       used 5043K, committed 5248K, reserved 1056768K
  class space    used 408K, committed 512K, reserved 1048576K

Heap Regions: E=young(eden), S=young(survivor), O=old, HS=humongous(starts), HC=humongous(continues), CS=collection set, F=free, OA=open archive, CA=closed archive, TAMS=top-at-mark-start (previous, next)
|   0|0x00000000c2c00000, 0x00000000c2c00000, 0x00000000c2d00000|  0%| F|  |TAMS 0x00000000c2c00000, 0x00000000c2c00000| Untracked 
|   1|0x00000000c2d00000, 0x00000000c2d00000, 0x00000000c2e00000|  0%| F|  |TAMS 0x00000000c2d00000, 0x00000000c2d00000| Untracked 
|   2|0x00000000c2e00000, 0x00000000c2e00000, 0x00000000c2f00000|  0%| F|  |TAMS 0x00000000c2e00000, 0x00000000c2e00000| Untracked 
|   3|0x00000000c2f00000, 0x00000000c2f00000, 0x00000000c3000000|  0%| F|  |TAMS 0x00000000c2f00000, 0x00000000c2f00000| Untracked 
|   4|0x00000000c3000000, 0x00000000c3000000, 0x00000000c3100000|  0%| F|  |TAMS 0x00000000c3000000, 0x00000000c3000000| Untracked 
|   5|0x00000000c3100000, 0x00000000c3100000, 0x00000000c3200000|  0%| F|  |TAMS 0x00000000c3100000, 0x00000000c3100000| Untracked 
|   6|0x00000000c3200000, 0x00000000c3200000, 0x00000000c3300000|  0%| F|  |TAMS 0x00000000c3200000, 0x00000000c3200000| Untracked 
|   7|0x00000000c3300000, 0x00000000c3300000, 0x00000000c3400000|  0%| F|  |TAMS 0x00000000c3300000, 0x00000000c3300000| Untracked 
|   8|0x00000000c3400000, 0x00000000c3400000, 0x00000000c3500000|  0%| F|  |TAMS 0x00000000c3400000, 0x00000000c3400000| Untracked 
|   9|0x00000000c3500000, 0x00000000c3500000, 0x00000000c3600000|  0%| F|  |TAMS 0x00000000c3500000, 0x00000000c3500000| Untracked 
|  10|0x00000000c3600000, 0x00000000c3600000, 0x00000000c3700000|  0%| F|  |TAMS 0x00000000c3600000, 0x00000000c3600000| Untracked 
|  11|0x00000000c3700000, 0x00000000c3700000, 0x00000000c3800000|  0%| F|  |TAMS 0x00000000c3700000, 0x00000000c3700000| Untracked 
|  12|0x00000000c3800000, 0x00000000c3800000, 0x00000000c3900000|  0%| F|  |TAMS 0x00000000c3800000, 0x00000000c3800000| Untracked 
|  13|0x00000000c3900000, 0x00000000c3900000, 0x00000000c3a00000|  0%| F|  |TAMS 0x00000000c3900000, 0x00000000c3900000| Untracked 
|  14|0x00000000c3a00000, 0x00000000c3a00000, 0x00000000c3b00000|  0%| F|  |TAMS 0x00000000c3a00000, 0x00000000c3a00000| Untracked 
|  15|0x00000000c3b00000, 0x00000000c3b00000, 0x00000000c3c00000|  0%| F|  |TAMS 0x00000000c3b00000, 0x00000000c3b00000| Untracked 
|  16|0x00000000c3c00000, 0x00000000c3c00000, 0x00000000c3d00000|  0%| F|  |TAMS 0x00000000c3c00000, 0x00000000c3c00000| Untracked 
|  17|0x00000000c3d00000, 0x00000000c3d00000, 0x00000000c3e00000|  0%| F|  |TAMS 0x00000000c3d00000, 0x00000000c3d00000| Untracked 
|  18|0x00000000c3e00000, 0x00000000c3e00000, 0x00000000c3f00000|  0%| F|  |TAMS 0x00000000c3e00000, 0x00000000c3e00000| Untracked 
|  19|0x00000000c3f00000, 0x00000000c3f00000, 0x00000000c4000000|  0%| F|  |TAMS 0x00000000c3f00000, 0x00000000c3f00000| Untracked 
|  20|0x00000000c4000000, 0x00000000c4000000, 0x00000000c4100000|  0%| F|  |TAMS 0x00000000c4000000, 0x00000000c4000000| Untracked 
|  21|0x00000000c4100000, 0x00000000c4100000, 0x00000000c4200000|  0%| F|  |TAMS 0x00000000c4100000, 0x00000000c4100000| Untracked 
|  22|0x00000000c4200000, 0x00000000c4200000, 0x00000000c4300000|  0%| F|  |TAMS 0x00000000c4200000, 0x00000000c4200000| Untracked 
|  23|0x00000000c4300000, 0x00000000c4300000, 0x00000000c4400000|  0%| F|  |TAMS 0x00000000c4300000, 0x00000000c4300000| Untracked 
|  24|0x00000000c4400000, 0x00000000c4400000, 0x00000000c4500000|  0%| F|  |TAMS 0x00000000c4400000, 0x00000000c4400000| Untracked 
|  25|0x00000000c4500000, 0x00000000c4500000, 0x00000000c4600000|  0%| F|  |TAMS 0x00000000c4500000, 0x00000000c4500000| Untracked 
|  26|0x00000000c4600000, 0x00000000c4600000, 0x00000000c4700000|  0%| F|  |TAMS 0x00000000c4600000, 0x00000000c4600000| Untracked 
|  27|0x00000000c4700000, 0x00000000c4700000, 0x00000000c4800000|  0%| F|  |TAMS 0x00000000c4700000, 0x00000000c4700000| Untracked 
|  28|0x00000000c4800000, 0x00000000c4800000, 0x00000000c4900000|  0%| F|  |TAMS 0x00000000c4800000, 0x00000000c4800000| Untracked 
|  29|0x00000000c4900000, 0x00000000c4900000, 0x00000000c4a00000|  0%| F|  |TAMS 0x00000000c4900000, 0x00000000c4900000| Untracked 
|  30|0x00000000c4a00000, 0x00000000c4a00000, 0x00000000c4b00000|  0%| F|  |TAMS 0x00000000c4a00000, 0x00000000c4a00000| Untracked 
|  31|0x00000000c4b00000, 0x00000000c4b00000, 0x00000000c4c00000|  0%| F|  |TAMS 0x00000000c4b00000, 0x00000000c4b00000| Untracked 
|  32|0x00000000c4c00000, 0x00000000c4c00000, 0x00000000c4d00000|  0%| F|  |TAMS 0x00000000c4c00000, 0x00000000c4c00000| Untracked 
|  33|0x00000000c4d00000, 0x00000000c4d00000, 0x00000000c4e00000|  0%| F|  |TAMS 0x00000000c4d00000, 0x00000000c4d00000| Untracked 
|  34|0x00000000c4e00000, 0x00000000c4e00000, 0x00000000c4f00000|  0%| F|  |TAMS 0x00000000c4e00000, 0x00000000c4e00000| Untracked 
|  35|0x00000000c4f00000, 0x00000000c4f00000, 0x00000000c5000000|  0%| F|  |TAMS 0x00000000c4f00000, 0x00000000c4f00000| Untracked 
|  36|0x00000000c5000000, 0x00000000c5000000, 0x00000000c5100000|  0%| F|  |TAMS 0x00000000c5000000, 0x00000000c5000000| Untracked 
|  37|0x00000000c5100000, 0x00000000c5100000, 0x00000000c5200000|  0%| F|  |TAMS 0x00000000c5100000, 0x00000000c5100000| Untracked 
|  38|0x00000000c5200000, 0x00000000c5200000, 0x00000000c5300000|  0%| F|  |TAMS 0x00000000c5200000, 0x00000000c5200000| Untracked 
|  39|0x00000000c5300000, 0x00000000c5300000, 0x00000000c5400000|  0%| F|  |TAMS 0x00000000c5300000, 0x00000000c5300000| Untracked 
|  40|0x00000000c5400000, 0x00000000c5400000, 0x00000000c5500000|  0%| F|  |TAMS 0x00000000c5400000, 0x00000000c5400000| Untracked 
|  41|0x00000000c5500000, 0x00000000c5500000, 0x00000000c5600000|  0%| F|  |TAMS 0x00000000c5500000, 0x00000000c5500000| Untracked 
|  42|0x00000000c5600000, 0x00000000c5600000, 0x00000000c5700000|  0%| F|  |TAMS 0x00000000c5600000, 0x00000000c5600000| Untracked 
|  43|0x00000000c5700000, 0x00000000c5700000, 0x00000000c5800000|  0%| F|  |TAMS 0x00000000c5700000, 0x00000000c5700000| Untracked 
|  44|0x00000000c5800000, 0x00000000c5800000, 0x00000000c5900000|  0%| F|  |TAMS 0x00000000c5800000, 0x00000000c5800000| Untracked 
|  45|0x00000000c5900000, 0x00000000c5900000, 0x00000000c5a00000|  0%| F|  |TAMS 0x00000000c5900000, 0x00000000c5900000| Untracked 
|  46|0x00000000c5a00000, 0x00000000c5a00000, 0x00000000c5b00000|  0%| F|  |TAMS 0x00000000c5a00000, 0x00000000c5a00000| Untracked 
|  47|0x00000000c5b00000, 0x00000000c5b00000, 0x00000000c5c00000|  0%| F|  |TAMS 0x00000000c5b00000, 0x00000000c5b00000| Untracked 
|  48|0x00000000c5c00000, 0x00000000c5c00000, 0x00000000c5d00000|  0%| F|  |TAMS 0x00000000c5c00000, 0x00000000c5c00000| Untracked 
|  49|0x00000000c5d00000, 0x00000000c5d00000, 0x00000000c5e00000|  0%| F|  |TAMS 0x00000000c5d00000, 0x00000000c5d00000| Untracked 
|  50|0x00000000c5e00000, 0x00000000c5e00000, 0x00000000c5f00000|  0%| F|  |TAMS 0x00000000c5e00000, 0x00000000c5e00000| Untracked 
|  51|0x00000000c5f00000, 0x00000000c5f00000, 0x00000000c6000000|  0%| F|  |TAMS 0x00000000c5f00000, 0x00000000c5f00000| Untracked 
|  52|0x00000000c6000000, 0x00000000c6000000, 0x00000000c6100000|  0%| F|  |TAMS 0x00000000c6000000, 0x00000000c6000000| Untracked 
|  53|0x00000000c6100000, 0x00000000c6100000, 0x00000000c6200000|  0%| F|  |TAMS 0x00000000c6100000, 0x00000000c6100000| Untracked 
|  54|0x00000000c6200000, 0x00000000c6200000, 0x00000000c6300000|  0%| F|  |TAMS 0x00000000c6200000, 0x00000000c6200000| Untracked 
|  55|0x00000000c6300000, 0x00000000c6300000, 0x00000000c6400000|  0%| F|  |TAMS 0x00000000c6300000, 0x00000000c6300000| Untracked 
|  56|0x00000000c6400000, 0x00000000c6400000, 0x00000000c6500000|  0%| F|  |TAMS 0x00000000c6400000, 0x00000000c6400000| Untracked 
|  57|0x00000000c6500000, 0x00000000c6500000, 0x00000000c6600000|  0%| F|  |TAMS 0x00000000c6500000, 0x00000000c6500000| Untracked 
|  58|0x00000000c6600000, 0x00000000c6600000, 0x00000000c6700000|  0%| F|  |TAMS 0x00000000c6600000, 0x00000000c6600000| Untracked 
|  59|0x00000000c6700000, 0x00000000c6700000, 0x00000000c6800000|  0%| F|  |TAMS 0x00000000c6700000, 0x00000000c6700000| Untracked 
|  60|0x00000000c6800000, 0x00000000c6800000, 0x00000000c6900000|  0%| F|  |TAMS 0x00000000c6800000, 0x00000000c6800000| Untracked 
|  61|0x00000000c6900000, 0x00000000c69fc280, 0x00000000c6a00000| 98%| E|  |TAMS 0x00000000c6900000, 0x00000000c6900000| Complete 

Card table byte_map: [0x000002834ea50000,0x000002834ec40000] _byte_map_base: 0x000002834e43a000

Marking Bits (Prev, Next): (CMBitMap*) 0x00000283361db110, (CMBitMap*) 0x00000283361db150
 Prev Bits: [0x000002834ee30000, 0x000002834fd80000)
 Next Bits: [0x000002834fd80000, 0x0000028350cd0000)

Polling page: 0x0000028336290000

Metaspace:

Usage:
  Non-class:      4.53 MB used.
      Class:    408.95 KB used.
       Both:      4.93 MB used.

Virtual space:
  Non-class space:        8.00 MB reserved,       4.62 MB ( 58%) committed,  1 nodes.
      Class space:        1.00 GB reserved,     512.00 KB ( <1%) committed,  1 nodes.
             Both:        1.01 GB reserved,       5.12 MB ( <1%) committed. 

Chunk freelists:
   Non-Class:  3.00 MB
       Class:  3.56 MB
        Both:  6.56 MB

MaxMetaspaceSize: unlimited
CompressedClassSpaceSize: 1.00 GB
Initial GC threshold: 21.00 MB
Current GC threshold: 21.00 MB
CDS: off
MetaspaceReclaimPolicy: balanced
 - commit_granule_bytes: 65536.
 - commit_granule_words: 8192.
 - virtual_space_node_default_size: 1048576.
 - enlarge_chunks_in_place: 1.
 - new_chunks_are_fully_committed: 0.
 - uncommit_free_chunks: 1.
 - use_allocation_guard: 0.
 - handle_deallocations: 1.


Internal statistics:

num_allocs_failed_limit: 0.
num_arena_births: 4.
num_arena_deaths: 0.
num_vsnodes_births: 2.
num_vsnodes_deaths: 0.
num_space_committed: 82.
num_space_uncommitted: 0.
num_chunks_returned_to_freelist: 0.
num_chunks_taken_from_freelist: 8.
num_chunk_merges: 0.
num_chunk_splits: 3.
num_chunks_enlarged: 1.
num_purges: 0.
num_inconsistent_stats: 0.

CodeHeap 'non-profiled nmethods': size=120064Kb used=22Kb max_used=22Kb free=120041Kb
 bounds [0x0000028346f10000, 0x0000028347180000, 0x000002834e450000]
CodeHeap 'profiled nmethods': size=120000Kb used=38Kb max_used=38Kb free=119961Kb
 bounds [0x000002833f9e0000, 0x000002833fc50000, 0x0000028346f10000]
CodeHeap 'non-nmethods': size=5696Kb used=1074Kb max_used=1074Kb free=4622Kb
 bounds [0x000002833f450000, 0x000002833f6c0000, 0x000002833f9e0000]
 total_blobs=399 nmethods=57 adapters=256
 compilation: enabled
              stopped_count=0, restarted_count=0
 full_count=0

Compilation events (20 events):
Event: 0.164 Thread 0x00000283530b96b0 nmethod 25 0x0000028346f10710 code [0x0000028346f108a0, 0x0000028346f10978]
Event: 0.164 Thread 0x00000283530b96b0   26       3       java.net.URI::hash (33 bytes)
Event: 0.165 Thread 0x00000283530b96b0 nmethod 26 0x000002833f9e7690 code [0x000002833f9e7880, 0x000002833f9e7d18]
Event: 0.171 Thread 0x00000283530b96b0   27       3       java.lang.String::isEmpty (14 bytes)
Event: 0.171 Thread 0x00000283530b96b0 nmethod 27 0x000002833f9e7f10 code [0x000002833f9e80a0, 0x000002833f9e8218]
Event: 0.176 Thread 0x00000283530b96b0   28       3       java.lang.StringLatin1::indexOfChar (33 bytes)
Event: 0.176 Thread 0x00000283530b96b0 nmethod 28 0x000002833f9e8310 code [0x000002833f9e84c0, 0x000002833f9e86f8]
Event: 0.183 Thread 0x00000283530b96b0   29       3       java.util.concurrent.ConcurrentHashMap::tabAt (22 bytes)
Event: 0.183 Thread 0x00000283530b96b0 nmethod 29 0x000002833f9e8810 code [0x000002833f9e89c0, 0x000002833f9e8c78]
Event: 0.183 Thread 0x00000283530b96b0   30       3       jdk.internal.misc.Unsafe::getReferenceAcquire (7 bytes)
Event: 0.183 Thread 0x00000283530b96b0 nmethod 30 0x000002833f9e8d90 code [0x000002833f9e8f20, 0x000002833f9e9078]
Event: 0.183 Thread 0x00000283530b96b0   31       3       java.util.concurrent.ConcurrentHashMap::spread (10 bytes)
Event: 0.183 Thread 0x00000283530b96b0 nmethod 31 0x000002833f9e9110 code [0x000002833f9e92a0, 0x000002833f9e9398]
Event: 0.190 Thread 0x00000283530b96b0   32       3       java.util.HashMap::hash (20 bytes)
Event: 0.190 Thread 0x00000283530b96b0 nmethod 32 0x000002833f9e9410 code [0x000002833f9e95c0, 0x000002833f9e97c8]
Event: 0.191 Thread 0x00000283530b5710   33       4       java.lang.Object::<init> (1 bytes)
Event: 0.192 Thread 0x00000283530b5710 nmethod 33 0x0000028346f10a10 code [0x0000028346f10b80, 0x0000028346f10bf8]
Event: 0.204 Thread 0x00000283530b96b0   35       1       java.lang.Enum::ordinal (5 bytes)
Event: 0.204 Thread 0x00000283530b96b0 nmethod 35 0x0000028346f11010 code [0x0000028346f111a0, 0x0000028346f11278]
Event: 0.221 Thread 0x00000283530b96b0   41   !   3       java.util.concurrent.ConcurrentHashMap::putVal (432 bytes)

GC Heap History (0 events):
No events

Deoptimization events (0 events):
No events

Classes unloaded (0 events):
No events

Classes redefined (0 events):
No events

Internal exceptions (0 events):
No events

VM Operations (0 events):
No events

Events (20 events):
Event: 0.205 loading class java/lang/invoke/BootstrapMethodInvoker
Event: 0.206 loading class java/lang/invoke/BootstrapMethodInvoker done
Event: 0.206 loading class java/lang/invoke/VarHandle$AccessMode
Event: 0.209 loading class java/lang/invoke/VarHandle$AccessMode done
Event: 0.209 loading class java/lang/invoke/VarHandle$AccessType
Event: 0.209 loading class java/lang/invoke/VarHandle$AccessType done
Event: 0.209 loading class java/lang/invoke/Invokers$Holder
Event: 0.209 loading class java/lang/invoke/Invokers$Holder done
Event: 0.219 loading class java/lang/invoke/MethodHandleImpl$1
Event: 0.219 loading class jdk/internal/access/JavaLangInvokeAccess
Event: 0.219 loading class jdk/internal/access/JavaLangInvokeAccess done
Event: 0.219 loading class java/lang/invoke/MethodHandleImpl$1 done
Event: 0.219 loading class java/lang/invoke/InnerClassLambdaMetafactory
Event: 0.219 loading class java/lang/invoke/AbstractValidatingLambdaMetafactory
Event: 0.220 loading class java/lang/invoke/AbstractValidatingLambdaMetafactory done
Event: 0.220 loading class java/lang/invoke/InnerClassLambdaMetafactory done
Event: 0.221 loading class jdk/internal/org/objectweb/asm/Type
Event: 0.221 loading class jdk/internal/org/objectweb/asm/Type done
Event: 0.221 loading class sun/security/action/GetBooleanAction
Event: 0.221 loading class sun/security/action/GetBooleanAction done


Dynamic libraries:
0x00007ff7ca9d0000 - 0x00007ff7ca9de000 	C:\Program Files\Eclipse Adoptium\jdk-17.0.1.12-hotspot\bin\java.exe
0x00007ffa23740000 - 0x00007ffa23949000 	C:\WINDOWS\SYSTEM32\ntdll.dll
0x00007ffa21b10000 - 0x00007ffa21bcd000 	C:\WINDOWS\System32\KERNEL32.DLL
0x00007ffa20fd0000 - 0x00007ffa21349000 	C:\WINDOWS\System32\KERNELBASE.dll
0x00007ffa214c0000 - 0x00007ffa215d1000 	C:\WINDOWS\System32\ucrtbase.dll
0x00007ffa19fc0000 - 0x00007ffa19fd9000 	C:\Program Files\Eclipse Adoptium\jdk-17.0.1.12-hotspot\bin\VCRUNTIME140.dll
0x00007ffa11ec0000 - 0x00007ffa11ed8000 	C:\Program Files\Eclipse Adoptium\jdk-17.0.1.12-hotspot\bin\jli.dll
0x00007ffa22d50000 - 0x00007ffa22efc000 	C:\WINDOWS\System32\USER32.dll
0x00007ffa20c30000 - 0x00007ffa20c56000 	C:\WINDOWS\System32\win32u.dll
0x00007ffa22250000 - 0x00007ffa22279000 	C:\WINDOWS\System32\GDI32.dll
0x00007ffa20d90000 - 0x00007ffa20ea2000 	C:\WINDOWS\System32\gdi32full.dll
0x00007ffa20eb0000 - 0x00007ffa20f4d000 	C:\WINDOWS\System32\msvcp_win.dll
0x00007ffa0df10000 - 0x00007ffa0e1b5000 	C:\WINDOWS\WinSxS\amd64_microsoft.windows.common-controls_6595b64144ccf1df_6.0.22000.120_none_9d947278b86cc467\COMCTL32.dll
0x00007ffa22130000 - 0x00007ffa221d3000 	C:\WINDOWS\System32\msvcrt.dll
0x00007ffa23290000 - 0x00007ffa232c1000 	C:\WINDOWS\System32\IMM32.DLL
0x00007ffa1b4d0000 - 0x00007ffa1b4dc000 	C:\Program Files\Eclipse Adoptium\jdk-17.0.1.12-hotspot\bin\vcruntime140_1.dll
0x00007ff9fa480000 - 0x00007ff9fa511000 	C:\Program Files\Eclipse Adoptium\jdk-17.0.1.12-hotspot\bin\msvcp140.dll
0x00007ff9d4880000 - 0x00007ff9d54c6000 	C:\Program Files\Eclipse Adoptium\jdk-17.0.1.12-hotspot\bin\server\jvm.dll
0x00007ffa215e0000 - 0x00007ffa2168e000 	C:\WINDOWS\System32\ADVAPI32.dll
0x00007ffa217d0000 - 0x00007ffa2186e000 	C:\WINDOWS\System32\sechost.dll
0x00007ffa219f0000 - 0x00007ffa21b10000 	C:\WINDOWS\System32\RPCRT4.dll
0x00007ffa23340000 - 0x00007ffa23348000 	C:\WINDOWS\System32\PSAPI.DLL
0x00007ffa1d220000 - 0x00007ffa1d229000 	C:\WINDOWS\SYSTEM32\WSOCK32.dll
0x00007ffa220c0000 - 0x00007ffa2212f000 	C:\WINDOWS\System32\WS2_32.dll
0x00007ffa1ab90000 - 0x00007ffa1abc3000 	C:\WINDOWS\SYSTEM32\WINMM.dll
0x00007ffa1b3d0000 - 0x00007ffa1b3da000 	C:\WINDOWS\SYSTEM32\VERSION.dll
0x00007ffa1fd30000 - 0x00007ffa1fd48000 	C:\WINDOWS\SYSTEM32\kernel.appcore.dll
0x00007ffa19f80000 - 0x00007ffa19f8a000 	C:\Program Files\Eclipse Adoptium\jdk-17.0.1.12-hotspot\bin\jimage.dll
0x00007ffa1f3c0000 - 0x00007ffa1f5e1000 	C:\WINDOWS\SYSTEM32\DBGHELP.DLL
0x00007ffa0dd60000 - 0x00007ffa0dd91000 	C:\WINDOWS\SYSTEM32\dbgcore.DLL
0x00007ffa20f50000 - 0x00007ffa20fcf000 	C:\WINDOWS\System32\bcryptPrimitives.dll
0x00007ffa0eb50000 - 0x00007ffa0eb75000 	C:\Program Files\Eclipse Adoptium\jdk-17.0.1.12-hotspot\bin\java.dll
0x00007ffa012a0000 - 0x00007ffa01376000 	C:\Program Files\Eclipse Adoptium\jdk-17.0.1.12-hotspot\bin\svml.dll
0x00007ffa222a0000 - 0x00007ffa22a4f000 	C:\WINDOWS\System32\SHELL32.dll
0x00007ffa1eb50000 - 0x00007ffa1f3b8000 	C:\WINDOWS\SYSTEM32\windows.storage.dll
0x00007ffa22f10000 - 0x00007ffa23288000 	C:\WINDOWS\System32\combase.dll
0x00007ffa1e930000 - 0x00007ffa1ea96000 	C:\WINDOWS\SYSTEM32\wintypes.dll
0x00007ffa23470000 - 0x00007ffa2355a000 	C:\WINDOWS\System32\SHCORE.dll
0x00007ffa221e0000 - 0x00007ffa2223d000 	C:\WINDOWS\System32\shlwapi.dll
0x00007ffa20b60000 - 0x00007ffa20b81000 	C:\WINDOWS\SYSTEM32\profapi.dll

dbghelp: loaded successfully - version: 4.0.5 - missing functions: none
symbol engine: initialized successfully - sym options: 0x614 - pdb path: .;C:\Program Files\Eclipse Adoptium\jdk-17.0.1.12-hotspot\bin;C:\WINDOWS\SYSTEM32;C:\WINDOWS\WinSxS\amd64_microsoft.windows.common-controls_6595b64144ccf1df_6.0.22000.120_none_9d947278b86cc467;C:\Program Files\Eclipse Adoptium\jdk-17.0.1.12-hotspot\bin\server

VM Arguments:
jvm_args: -Dfile.encoding=UTF-8 --module-path=C:\Users\edwin\Documents\NetBeansProjects\A_Pruebas\build\classes 
java_command: Main
java_class_path (initial): C:\Program Files\NetBeans-13\netbeans\java\modules\ext\AbsoluteLayout.jar;C:\Users\edwin\Documents\NetBeansProjects\A_Pruebas\build\classes
Launcher Type: SUN_STANDARD

[Global flags]
     intx CICompilerCount                          = 2                                         {product} {ergonomic}
     uint ConcGCThreads                            = 1                                         {product} {ergonomic}
     uint G1ConcRefinementThreads                  = 2                                         {product} {ergonomic}
   size_t G1HeapRegionSize                         = 1048576                                   {product} {ergonomic}
    uintx GCDrainStackTargetSize                   = 64                                        {product} {ergonomic}
   size_t InitialHeapSize                          = 65011712                                  {product} {ergonomic}
   size_t MarkStackSize                            = 4194304                                   {product} {ergonomic}
   size_t MaxHeapSize                              = 1027604480                                {product} {ergonomic}
   size_t MaxNewSize                               = 616562688                                 {product} {ergonomic}
   size_t MinHeapDeltaBytes                        = 1048576                                   {product} {ergonomic}
   size_t MinHeapSize                              = 8388608                                   {product} {ergonomic}
    uintx NonNMethodCodeHeapSize                   = 5826188                                {pd product} {ergonomic}
    uintx NonProfiledCodeHeapSize                  = 122916026                              {pd product} {ergonomic}
    uintx ProfiledCodeHeapSize                     = 122916026                              {pd product} {ergonomic}
    uintx ReservedCodeCacheSize                    = 251658240                              {pd product} {ergonomic}
     bool SegmentedCodeCache                       = true                                      {product} {ergonomic}
   size_t SoftMaxHeapSize                          = 1027604480                             {manageable} {ergonomic}
     bool UseCompressedClassPointers               = true                           {product lp64_product} {ergonomic}
     bool UseCompressedOops                        = true                           {product lp64_product} {ergonomic}
     bool UseG1GC                                  = true                                      {product} {ergonomic}
     bool UseLargePagesIndividualAllocation        = false                                  {pd product} {ergonomic}

Logging:
Log output configuration:
 #0: stdout all=warning uptime,level,tags
 #1: stderr all=off uptime,level,tags

Environment Variables:
JAVA_HOME=C:\Program Files\Eclipse Adoptium\jdk-17.0.1.12-hotspot\
PATH=C:\Program Files\Python310\Scripts\;C:\Program Files\Python310\;C:\Program Files\Microsoft\jdk-11.0.12.7-hotspot\bin;C:\Program Files\Eclipse Adoptium\jdk-17.0.1.12-hotspot\bin;C:\Program Files (x86)\Intel\TXE Components\iCLS\;C:\Program Files\Intel\TXE Components\iCLS\;C:\WINDOWS\system32;C:\WINDOWS;C:\WINDOWS\System32\Wbem;C:\WINDOWS\System32\WindowsPowerShell\v1.0\;C:\WINDOWS\System32\OpenSSH\;C:\Program Files\Intel\TXE Components\DAL\;C:\Program Files (x86)\Intel\TXE Components\DAL\;C:\Program Files\Intel\TXE Components\IPT\;C:\Program Files (x86)\Intel\TXE Components\IPT\;C:\TDM-GCC-64\bin;C:\Program Files\Go\bin;C:\Program Files\dotnet\;C:\Users\edwin\AppData\Local\Microsoft\WindowsApps;C:\Users\edwin\AppData\Local\Programs\Microsoft VS Code\bin;C:\C-C++\bin;C:\Users\edwin\go\bin;C:\Users\edwin\.dotnet\tools;C:\ProgramData\Microsoft\Windows\Start Menu\Programs\Python 3.10\Python 3.10 (64-bit).lnk;
USERNAME=edwin
OS=Windows_NT
PROCESSOR_IDENTIFIER=Intel64 Family 6 Model 122 Stepping 1, GenuineIntel



---------------  S Y S T E M  ---------------

OS:
 Windows 10 , 64 bit Build 22000 (10.0.22000.675)
OS uptime: 1 days 5:30 hours

CPU: total 2 (initial active 2) (2 cores per cpu, 1 threads per core) family 6 model 122 stepping 1 microcode 0x36, cx8, cmov, fxsr, mmx, 3dnowpref, sse, sse2, sse3, ssse3, sse4.1, sse4.2, popcnt, tsc, tscinvbit, aes, erms, clmul, sha, clflush, clflushopt

Memory: 4k page, system-wide physical 3918M (489M free)
TotalPageFile size 5718M (AvailPageFile size 2M)
current process WorkingSet (physical memory assigned to process): 27M, peak: 27M
current process commit charge ("private bytes"): 122M, peak: 123M

vm_info: OpenJDK 64-Bit Server VM (17.0.1+12) for windows-amd64 JRE (17.0.1+12), built on Oct 20 2021 07:42:55 by "" with MS VC++ 16.7 (VS2019)

END.
