#
# There is insufficient memory for the Java Runtime Environment to continue.
# Native memory allocation (mmap) failed to map 65536 bytes for Failed to commit metaspace.
# Possible reasons:
#   The system is out of physical RAM or swap space
#   The process is running with CompressedOops enabled, and the Java Heap may be blocking the growth of the native heap
# Possible solutions:
#   Reduce memory load on the system
#   Increase physical memory or swap space
#   Check if swap backing store is full
#   Decrease Java heap size (-Xmx/-Xms)
#   Decrease number of Java threads
#   Decrease Java thread stack sizes (-Xss)
#   Set larger code cache with -XX:ReservedCodeCacheSize=
#   JVM is running with Unscaled Compressed Oops mode in which the Java heap is
#     placed in the first 4GB address space. The Java Heap base address is the
#     maximum limit for the native heap growth. Please use -XX:HeapBaseMinAddress
#     to set the Java Heap base and to place the Java Heap above 4GB virtual address.
# This output file may be truncated or incomplete.
#
#  Out of Memory Error (virtualSpaceNode.cpp:110), pid=8172, tid=3348
#
# JRE version: OpenJDK Runtime Environment Temurin-17.0.1+12 (17.0.1+12) (build 17.0.1+12)
# Java VM: OpenJDK 64-Bit Server VM Temurin-17.0.1+12 (17.0.1+12, mixed mode, sharing, tiered, compressed oops, compressed class ptrs, g1 gc, windows-amd64)
# No core dump will be written. Minidumps are not enabled by default on client versions of Windows
#

---------------  S U M M A R Y ------------

Command Line: -Dfile.encoding=UTF-8 --module-path=C:\Users\edwin\Documents\NetBeansProjects\A_Pruebas\build\classes Main

Host: Intel(R) Celeron(R) N4000 CPU @ 1.10GHz, 2 cores, 3G,  Windows 10 , 64 bit Build 22000 (10.0.22000.675)
Time: Sat May 21 22:12:20 2022 Hora de verano central (México) elapsed time: 0.591947 seconds (0d 0h 0m 0s)

---------------  T H R E A D  ---------------

Current thread (0x000001e6b958f750):  JavaThread "main" [_thread_in_vm, id=3348, stack(0x000000b0ec300000,0x000000b0ec400000)]

Stack: [0x000000b0ec300000,0x000000b0ec400000]
Native frames: (J=compiled Java code, j=interpreted, Vv=VM code, C=native code)
V  [jvm.dll+0x6744da]
V  [jvm.dll+0x82e144]
V  [jvm.dll+0x82f8ee]
V  [jvm.dll+0x82ff53]
V  [jvm.dll+0x245175]
V  [jvm.dll+0x82a0eb]
V  [jvm.dll+0x619566]
V  [jvm.dll+0x6195ca]
V  [jvm.dll+0x61bdea]
V  [jvm.dll+0x619f06]
V  [jvm.dll+0x23ab30]
V  [jvm.dll+0x1ea82d]
V  [jvm.dll+0x1e0261]
V  [jvm.dll+0x53b150]
V  [jvm.dll+0x1f0a57]
V  [jvm.dll+0x7a87ab]
V  [jvm.dll+0x7a9b52]
V  [jvm.dll+0x7a9e88]
V  [jvm.dll+0x413508]
C  [java.dll+0x13e9]

Java frames: (J=compiled Java code, j=interpreted, Vv=VM code)
j  java.lang.Class.forName0(Ljava/lang/String;ZLjava/lang/ClassLoader;Ljava/lang/Class;)Ljava/lang/Class;+0 java.base@17.0.1
j  java.lang.Class.forName(Ljava/lang/String;)Ljava/lang/Class;+11 java.base@17.0.1
j  javax.swing.plaf.nimbus.NimbusDefaults$LazyStyle$Part.<init>(Ljavax/swing/plaf/nimbus/NimbusDefaults$LazyStyle;Ljava/lang/String;)V+80 java.desktop@17.0.1
j  javax.swing.plaf.nimbus.NimbusDefaults$LazyStyle.<init>(Ljavax/swing/plaf/nimbus/NimbusDefaults;Ljava/lang/String;)V+132 java.desktop@17.0.1
j  javax.swing.plaf.nimbus.NimbusDefaults.register(Ljavax/swing/plaf/synth/Region;Ljava/lang/String;)V+52 java.desktop@17.0.1
j  javax.swing.plaf.nimbus.NimbusDefaults.<init>()V+542 java.desktop@17.0.1
j  javax.swing.plaf.nimbus.NimbusLookAndFeel.<init>()V+31 java.desktop@17.0.1
v  ~StubRoutines::call_stub
j  jdk.internal.reflect.NativeConstructorAccessorImpl.newInstance0(Ljava/lang/reflect/Constructor;[Ljava/lang/Object;)Ljava/lang/Object;+0 java.base@17.0.1
j  jdk.internal.reflect.NativeConstructorAccessorImpl.newInstance([Ljava/lang/Object;)Ljava/lang/Object;+118 java.base@17.0.1
j  jdk.internal.reflect.DelegatingConstructorAccessorImpl.newInstance([Ljava/lang/Object;)Ljava/lang/Object;+5 java.base@17.0.1
j  java.lang.reflect.Constructor.newInstanceWithCaller([Ljava/lang/Object;ZLjava/lang/Class;)Ljava/lang/Object;+65 java.base@17.0.1
j  java.lang.reflect.ReflectAccess.newInstance(Ljava/lang/reflect/Constructor;[Ljava/lang/Object;Ljava/lang/Class;)Ljava/lang/Object;+4 java.base@17.0.1
j  jdk.internal.reflect.ReflectionFactory.newInstance(Ljava/lang/reflect/Constructor;[Ljava/lang/Object;Ljava/lang/Class;)Ljava/lang/Object;+7 java.base@17.0.1
j  java.lang.Class.newInstance()Ljava/lang/Object;+117 java.base@17.0.1
j  javax.swing.UIManager.setLookAndFeel(Ljava/lang/String;)V+28 java.desktop@17.0.1
j  Main.main([Ljava/lang/String;)V+38
v  ~StubRoutines::call_stub

---------------  P R O C E S S  ---------------

Threads class SMR info:
_java_thread_list=0x000001e6d5216840, length=15, elements={
0x000001e6b958f750, 0x000001e6d4433910, 0x000001e6d4436920, 0x000001e6d4449bd0,
0x000001e6d444a580, 0x000001e6d444af30, 0x000001e6d444d8f0, 0x000001e6d444e680,
0x000001e6d445be00, 0x000001e6d44bbe90, 0x000001e6b9663590, 0x000001e6d506c880,
0x000001e6d521b180, 0x000001e6d523f4c0, 0x000001e6d523f990
}

Java Threads: ( => current thread )
=>0x000001e6b958f750 JavaThread "main" [_thread_in_vm, id=3348, stack(0x000000b0ec300000,0x000000b0ec400000)]
  0x000001e6d4433910 JavaThread "Reference Handler" daemon [_thread_blocked, id=4260, stack(0x000000b0eca00000,0x000000b0ecb00000)]
  0x000001e6d4436920 JavaThread "Finalizer" daemon [_thread_blocked, id=4612, stack(0x000000b0ecb00000,0x000000b0ecc00000)]
  0x000001e6d4449bd0 JavaThread "Signal Dispatcher" daemon [_thread_blocked, id=4736, stack(0x000000b0ecc00000,0x000000b0ecd00000)]
  0x000001e6d444a580 JavaThread "Attach Listener" daemon [_thread_blocked, id=6236, stack(0x000000b0ecd00000,0x000000b0ece00000)]
  0x000001e6d444af30 JavaThread "Service Thread" daemon [_thread_blocked, id=7636, stack(0x000000b0ece00000,0x000000b0ecf00000)]
  0x000001e6d444d8f0 JavaThread "Monitor Deflation Thread" daemon [_thread_blocked, id=6652, stack(0x000000b0ecf00000,0x000000b0ed000000)]
  0x000001e6d444e680 JavaThread "C2 CompilerThread0" daemon [_thread_blocked, id=8288, stack(0x000000b0ed000000,0x000000b0ed100000)]
  0x000001e6d445be00 JavaThread "C1 CompilerThread0" daemon [_thread_blocked, id=7496, stack(0x000000b0ed100000,0x000000b0ed200000)]
  0x000001e6d44bbe90 JavaThread "Sweeper thread" daemon [_thread_blocked, id=4960, stack(0x000000b0ed200000,0x000000b0ed300000)]
  0x000001e6b9663590 JavaThread "Common-Cleaner" daemon [_thread_blocked, id=8388, stack(0x000000b0ed300000,0x000000b0ed400000)]
  0x000001e6d506c880 JavaThread "Notification Thread" daemon [_thread_blocked, id=4588, stack(0x000000b0ed400000,0x000000b0ed500000)]
  0x000001e6d521b180 JavaThread "Java2D Disposer" daemon [_thread_blocked, id=6644, stack(0x000000b0ed600000,0x000000b0ed700000)]
  0x000001e6d523f4c0 JavaThread "AWT-Shutdown" [_thread_blocked, id=3976, stack(0x000000b0ed700000,0x000000b0ed800000)]
  0x000001e6d523f990 JavaThread "AWT-Windows" daemon [_thread_in_native, id=1636, stack(0x000000b0ed800000,0x000000b0ed900000)]

Other Threads:
  0x000001e6b966e420 VMThread "VM Thread" [stack: 0x000000b0ec900000,0x000000b0eca00000] [id=8364]
  0x000001e6d506cd50 WatcherThread [stack: 0x000000b0ed500000,0x000000b0ed600000] [id=9208]
  0x000001e6b95baa00 GCTaskThread "GC Thread#0" [stack: 0x000000b0ec400000,0x000000b0ec500000] [id=7844]
  0x000001e6b95c3bd0 ConcurrentGCThread "G1 Main Marker" [stack: 0x000000b0ec500000,0x000000b0ec600000] [id=5020]
  0x000001e6b95c4d80 ConcurrentGCThread "G1 Conc#0" [stack: 0x000000b0ec600000,0x000000b0ec700000] [id=3008]
  0x000001e6b95fcfc0 ConcurrentGCThread "G1 Refine#0" [stack: 0x000000b0ec700000,0x000000b0ec800000] [id=4000]
  0x000001e6b95fd9e0 ConcurrentGCThread "G1 Service" [stack: 0x000000b0ec800000,0x000000b0ec900000] [id=6776]

Threads with active compile tasks:

VM state: not at safepoint (normal execution)

VM Mutex/Monitor currently owned by a thread:  ([mutex/lock_event])
[0x000001e6b9585c40] Metaspace_lock - owner thread: 0x000001e6b958f750

Heap address: 0x00000000c2c00000, size: 980 MB, Compressed Oops mode: 32-bit

CDS archive(s) mapped at: [0x0000000800000000-0x0000000800bc0000-0x0000000800bc0000), size 12320768, SharedBaseAddress: 0x0000000800000000, ArchiveRelocationMode: 0.
Compressed class space mapped at: 0x0000000800c00000-0x0000000840c00000, reserved size: 1073741824
Narrow klass base: 0x0000000800000000, Narrow klass shift: 0, Narrow klass range: 0x100000000

GC Precious Log:
 CPUs: 2 total, 2 available
 Memory: 3918M
 Large Page Support: Disabled
 NUMA Support: Disabled
 Compressed Oops: Enabled (32-bit)
 Heap Region Size: 1M
 Heap Min Capacity: 8M
 Heap Initial Capacity: 62M
 Heap Max Capacity: 980M
 Pre-touch: Disabled
 Parallel Workers: 2
 Concurrent Workers: 1
 Concurrent Refinement Workers: 2
 Periodic GC: Disabled

Heap:
 garbage-first heap   total 63488K, used 4096K [0x00000000c2c00000, 0x0000000100000000)
  region size 1024K, 5 young (5120K), 0 survivors (0K)
 Metaspace       used 4764K, committed 4864K, reserved 1056768K
  class space    used 528K, committed 576K, reserved 1048576K

Heap Regions: E=young(eden), S=young(survivor), O=old, HS=humongous(starts), HC=humongous(continues), CS=collection set, F=free, OA=open archive, CA=closed archive, TAMS=top-at-mark-start (previous, next)
|   0|0x00000000c2c00000, 0x00000000c2c00000, 0x00000000c2d00000|  0%| F|  |TAMS 0x00000000c2c00000, 0x00000000c2c00000| Untracked 
|   1|0x00000000c2d00000, 0x00000000c2d00000, 0x00000000c2e00000|  0%| F|  |TAMS 0x00000000c2d00000, 0x00000000c2d00000| Untracked 
|   2|0x00000000c2e00000, 0x00000000c2e00000, 0x00000000c2f00000|  0%| F|  |TAMS 0x00000000c2e00000, 0x00000000c2e00000| Untracked 
|   3|0x00000000c2f00000, 0x00000000c2f00000, 0x00000000c3000000|  0%| F|  |TAMS 0x00000000c2f00000, 0x00000000c2f00000| Untracked 
|   4|0x00000000c3000000, 0x00000000c3000000, 0x00000000c3100000|  0%| F|  |TAMS 0x00000000c3000000, 0x00000000c3000000| Untracked 
|   5|0x00000000c3100000, 0x00000000c3100000, 0x00000000c3200000|  0%| F|  |TAMS 0x00000000c3100000, 0x00000000c3100000| Untracked 
|   6|0x00000000c3200000, 0x00000000c3200000, 0x00000000c3300000|  0%| F|  |TAMS 0x00000000c3200000, 0x00000000c3200000| Untracked 
|   7|0x00000000c3300000, 0x00000000c3300000, 0x00000000c3400000|  0%| F|  |TAMS 0x00000000c3300000, 0x00000000c3300000| Untracked 
|   8|0x00000000c3400000, 0x00000000c3400000, 0x00000000c3500000|  0%| F|  |TAMS 0x00000000c3400000, 0x00000000c3400000| Untracked 
|   9|0x00000000c3500000, 0x00000000c3500000, 0x00000000c3600000|  0%| F|  |TAMS 0x00000000c3500000, 0x00000000c3500000| Untracked 
|  10|0x00000000c3600000, 0x00000000c3600000, 0x00000000c3700000|  0%| F|  |TAMS 0x00000000c3600000, 0x00000000c3600000| Untracked 
|  11|0x00000000c3700000, 0x00000000c3700000, 0x00000000c3800000|  0%| F|  |TAMS 0x00000000c3700000, 0x00000000c3700000| Untracked 
|  12|0x00000000c3800000, 0x00000000c3800000, 0x00000000c3900000|  0%| F|  |TAMS 0x00000000c3800000, 0x00000000c3800000| Untracked 
|  13|0x00000000c3900000, 0x00000000c3900000, 0x00000000c3a00000|  0%| F|  |TAMS 0x00000000c3900000, 0x00000000c3900000| Untracked 
|  14|0x00000000c3a00000, 0x00000000c3a00000, 0x00000000c3b00000|  0%| F|  |TAMS 0x00000000c3a00000, 0x00000000c3a00000| Untracked 
|  15|0x00000000c3b00000, 0x00000000c3b00000, 0x00000000c3c00000|  0%| F|  |TAMS 0x00000000c3b00000, 0x00000000c3b00000| Untracked 
|  16|0x00000000c3c00000, 0x00000000c3c00000, 0x00000000c3d00000|  0%| F|  |TAMS 0x00000000c3c00000, 0x00000000c3c00000| Untracked 
|  17|0x00000000c3d00000, 0x00000000c3d00000, 0x00000000c3e00000|  0%| F|  |TAMS 0x00000000c3d00000, 0x00000000c3d00000| Untracked 
|  18|0x00000000c3e00000, 0x00000000c3e00000, 0x00000000c3f00000|  0%| F|  |TAMS 0x00000000c3e00000, 0x00000000c3e00000| Untracked 
|  19|0x00000000c3f00000, 0x00000000c3f00000, 0x00000000c4000000|  0%| F|  |TAMS 0x00000000c3f00000, 0x00000000c3f00000| Untracked 
|  20|0x00000000c4000000, 0x00000000c4000000, 0x00000000c4100000|  0%| F|  |TAMS 0x00000000c4000000, 0x00000000c4000000| Untracked 
|  21|0x00000000c4100000, 0x00000000c4100000, 0x00000000c4200000|  0%| F|  |TAMS 0x00000000c4100000, 0x00000000c4100000| Untracked 
|  22|0x00000000c4200000, 0x00000000c4200000, 0x00000000c4300000|  0%| F|  |TAMS 0x00000000c4200000, 0x00000000c4200000| Untracked 
|  23|0x00000000c4300000, 0x00000000c4300000, 0x00000000c4400000|  0%| F|  |TAMS 0x00000000c4300000, 0x00000000c4300000| Untracked 
|  24|0x00000000c4400000, 0x00000000c4400000, 0x00000000c4500000|  0%| F|  |TAMS 0x00000000c4400000, 0x00000000c4400000| Untracked 
|  25|0x00000000c4500000, 0x00000000c4500000, 0x00000000c4600000|  0%| F|  |TAMS 0x00000000c4500000, 0x00000000c4500000| Untracked 
|  26|0x00000000c4600000, 0x00000000c4600000, 0x00000000c4700000|  0%| F|  |TAMS 0x00000000c4600000, 0x00000000c4600000| Untracked 
|  27|0x00000000c4700000, 0x00000000c4700000, 0x00000000c4800000|  0%| F|  |TAMS 0x00000000c4700000, 0x00000000c4700000| Untracked 
|  28|0x00000000c4800000, 0x00000000c4800000, 0x00000000c4900000|  0%| F|  |TAMS 0x00000000c4800000, 0x00000000c4800000| Untracked 
|  29|0x00000000c4900000, 0x00000000c4900000, 0x00000000c4a00000|  0%| F|  |TAMS 0x00000000c4900000, 0x00000000c4900000| Untracked 
|  30|0x00000000c4a00000, 0x00000000c4a00000, 0x00000000c4b00000|  0%| F|  |TAMS 0x00000000c4a00000, 0x00000000c4a00000| Untracked 
|  31|0x00000000c4b00000, 0x00000000c4b00000, 0x00000000c4c00000|  0%| F|  |TAMS 0x00000000c4b00000, 0x00000000c4b00000| Untracked 
|  32|0x00000000c4c00000, 0x00000000c4c00000, 0x00000000c4d00000|  0%| F|  |TAMS 0x00000000c4c00000, 0x00000000c4c00000| Untracked 
|  33|0x00000000c4d00000, 0x00000000c4d00000, 0x00000000c4e00000|  0%| F|  |TAMS 0x00000000c4d00000, 0x00000000c4d00000| Untracked 
|  34|0x00000000c4e00000, 0x00000000c4e00000, 0x00000000c4f00000|  0%| F|  |TAMS 0x00000000c4e00000, 0x00000000c4e00000| Untracked 
|  35|0x00000000c4f00000, 0x00000000c4f00000, 0x00000000c5000000|  0%| F|  |TAMS 0x00000000c4f00000, 0x00000000c4f00000| Untracked 
|  36|0x00000000c5000000, 0x00000000c5000000, 0x00000000c5100000|  0%| F|  |TAMS 0x00000000c5000000, 0x00000000c5000000| Untracked 
|  37|0x00000000c5100000, 0x00000000c5100000, 0x00000000c5200000|  0%| F|  |TAMS 0x00000000c5100000, 0x00000000c5100000| Untracked 
|  38|0x00000000c5200000, 0x00000000c5200000, 0x00000000c5300000|  0%| F|  |TAMS 0x00000000c5200000, 0x00000000c5200000| Untracked 
|  39|0x00000000c5300000, 0x00000000c5300000, 0x00000000c5400000|  0%| F|  |TAMS 0x00000000c5300000, 0x00000000c5300000| Untracked 
|  40|0x00000000c5400000, 0x00000000c5400000, 0x00000000c5500000|  0%| F|  |TAMS 0x00000000c5400000, 0x00000000c5400000| Untracked 
|  41|0x00000000c5500000, 0x00000000c5500000, 0x00000000c5600000|  0%| F|  |TAMS 0x00000000c5500000, 0x00000000c5500000| Untracked 
|  42|0x00000000c5600000, 0x00000000c5600000, 0x00000000c5700000|  0%| F|  |TAMS 0x00000000c5600000, 0x00000000c5600000| Untracked 
|  43|0x00000000c5700000, 0x00000000c5700000, 0x00000000c5800000|  0%| F|  |TAMS 0x00000000c5700000, 0x00000000c5700000| Untracked 
|  44|0x00000000c5800000, 0x00000000c5800000, 0x00000000c5900000|  0%| F|  |TAMS 0x00000000c5800000, 0x00000000c5800000| Untracked 
|  45|0x00000000c5900000, 0x00000000c5900000, 0x00000000c5a00000|  0%| F|  |TAMS 0x00000000c5900000, 0x00000000c5900000| Untracked 
|  46|0x00000000c5a00000, 0x00000000c5a00000, 0x00000000c5b00000|  0%| F|  |TAMS 0x00000000c5a00000, 0x00000000c5a00000| Untracked 
|  47|0x00000000c5b00000, 0x00000000c5b00000, 0x00000000c5c00000|  0%| F|  |TAMS 0x00000000c5b00000, 0x00000000c5b00000| Untracked 
|  48|0x00000000c5c00000, 0x00000000c5c00000, 0x00000000c5d00000|  0%| F|  |TAMS 0x00000000c5c00000, 0x00000000c5c00000| Untracked 
|  49|0x00000000c5d00000, 0x00000000c5d00000, 0x00000000c5e00000|  0%| F|  |TAMS 0x00000000c5d00000, 0x00000000c5d00000| Untracked 
|  50|0x00000000c5e00000, 0x00000000c5e00000, 0x00000000c5f00000|  0%| F|  |TAMS 0x00000000c5e00000, 0x00000000c5e00000| Untracked 
|  51|0x00000000c5f00000, 0x00000000c5f00000, 0x00000000c6000000|  0%| F|  |TAMS 0x00000000c5f00000, 0x00000000c5f00000| Untracked 
|  52|0x00000000c6000000, 0x00000000c6000000, 0x00000000c6100000|  0%| F|  |TAMS 0x00000000c6000000, 0x00000000c6000000| Untracked 
|  53|0x00000000c6100000, 0x00000000c6100000, 0x00000000c6200000|  0%| F|  |TAMS 0x00000000c6100000, 0x00000000c6100000| Untracked 
|  54|0x00000000c6200000, 0x00000000c6200000, 0x00000000c6300000|  0%| F|  |TAMS 0x00000000c6200000, 0x00000000c6200000| Untracked 
|  55|0x00000000c6300000, 0x00000000c6300000, 0x00000000c6400000|  0%| F|  |TAMS 0x00000000c6300000, 0x00000000c6300000| Untracked 
|  56|0x00000000c6400000, 0x00000000c6400000, 0x00000000c6500000|  0%| F|  |TAMS 0x00000000c6400000, 0x00000000c6400000| Untracked 
|  57|0x00000000c6500000, 0x00000000c651f3a0, 0x00000000c6600000| 12%| E|  |TAMS 0x00000000c6500000, 0x00000000c6500000| Complete 
|  58|0x00000000c6600000, 0x00000000c6700000, 0x00000000c6700000|100%| E|CS|TAMS 0x00000000c6600000, 0x00000000c6600000| Complete 
|  59|0x00000000c6700000, 0x00000000c6800000, 0x00000000c6800000|100%| E|CS|TAMS 0x00000000c6700000, 0x00000000c6700000| Complete 
|  60|0x00000000c6800000, 0x00000000c6900000, 0x00000000c6900000|100%| E|CS|TAMS 0x00000000c6800000, 0x00000000c6800000| Complete 
|  61|0x00000000c6900000, 0x00000000c6a00000, 0x00000000c6a00000|100%| E|CS|TAMS 0x00000000c6900000, 0x00000000c6900000| Complete 

Card table byte_map: [0x000001e6b9360000,0x000001e6b9550000] _byte_map_base: 0x000001e6b8d4a000

Marking Bits (Prev, Next): (CMBitMap*) 0x000001e6b95bb010, (CMBitMap*) 0x000001e6b95bb050
 Prev Bits: [0x000001e6d0250000, 0x000001e6d11a0000)
 Next Bits: [0x000001e6d11a0000, 0x000001e6d20f0000)

Polling page: 0x000001e6b7590000

Metaspace:

Usage:
  Non-class:      4.14 MB used.
      Class:    528.24 KB used.
       Both:      4.65 MB used.

Virtual space:
  Non-class space:        8.00 MB reserved,       4.19 MB ( 52%) committed,  1 nodes.
      Class space:        1.00 GB reserved,     576.00 KB ( <1%) committed,  1 nodes.
             Both:        1.01 GB reserved,       4.75 MB ( <1%) committed. 

Chunk freelists:
   Non-Class:  2.90 MB
       Class:  3.25 MB
        Both:  6.16 MB

MaxMetaspaceSize: unlimited
CompressedClassSpaceSize: 1.00 GB
Initial GC threshold: 21.00 MB
Current GC threshold: 21.00 MB
CDS: on
MetaspaceReclaimPolicy: balanced
 - commit_granule_bytes: 65536.
 - commit_granule_words: 8192.
 - virtual_space_node_default_size: 1048576.
 - enlarge_chunks_in_place: 1.
 - new_chunks_are_fully_committed: 0.
 - uncommit_free_chunks: 1.
 - use_allocation_guard: 0.
 - handle_deallocations: 1.


Internal statistics:

num_allocs_failed_limit: 0.
num_arena_births: 88.
num_arena_deaths: 0.
num_vsnodes_births: 2.
num_vsnodes_deaths: 0.
num_space_committed: 76.
num_space_uncommitted: 0.
num_chunks_returned_to_freelist: 0.
num_chunks_taken_from_freelist: 119.
num_chunk_merges: 0.
num_chunk_splits: 68.
num_chunks_enlarged: 21.
num_purges: 0.
num_inconsistent_stats: 0.

CodeHeap 'non-profiled nmethods': size=120064Kb used=153Kb max_used=153Kb free=119910Kb
 bounds [0x000001e6c8b20000, 0x000001e6c8d90000, 0x000001e6d0060000]
CodeHeap 'profiled nmethods': size=120000Kb used=765Kb max_used=765Kb free=119234Kb
 bounds [0x000001e6c15f0000, 0x000001e6c1860000, 0x000001e6c8b20000]
CodeHeap 'non-nmethods': size=5696Kb used=1189Kb max_used=1200Kb free=4506Kb
 bounds [0x000001e6c1060000, 0x000001e6c12d0000, 0x000001e6c15f0000]
 total_blobs=1045 nmethods=551 adapters=408
 compilation: enabled
              stopped_count=0, restarted_count=0
 full_count=0

Compilation events (20 events):
Event: 0.541 Thread 0x000001e6d445be00 nmethod 541 0x000001e6c16aba10 code [0x000001e6c16abc40, 0x000001e6c16ac5d8]
Event: 0.541 Thread 0x000001e6d445be00  542       3       java.lang.CharacterDataLatin1::toUpperCase (53 bytes)
Event: 0.541 Thread 0x000001e6d445be00 nmethod 542 0x000001e6c16ac810 code [0x000001e6c16ac9c0, 0x000001e6c16acc58]
Event: 0.542 Thread 0x000001e6d445be00  543       3       java.lang.Character::toUpperCase (6 bytes)
Event: 0.542 Thread 0x000001e6d445be00 nmethod 543 0x000001e6c16acd90 code [0x000001e6c16acf40, 0x000001e6c16ad198]
Event: 0.542 Thread 0x000001e6d445be00  544       3       java.util.TreeMap::parentOf (13 bytes)
Event: 0.542 Thread 0x000001e6d445be00 nmethod 544 0x000001e6c16ad290 code [0x000001e6c16ad420, 0x000001e6c16ad598]
Event: 0.544 Thread 0x000001e6d444e680 nmethod 540% 0x000001e6c8b45890 code [0x000001e6c8b45a20, 0x000001e6c8b45bf8]
Event: 0.544 Thread 0x000001e6d444e680  545       4       java.lang.Math::min (11 bytes)
Event: 0.545 Thread 0x000001e6d444e680 nmethod 545 0x000001e6c8b45d10 code [0x000001e6c8b45e80, 0x000001e6c8b45ed8]
Event: 0.545 Thread 0x000001e6d445be00  546       3       java.util.concurrent.ConcurrentHashMap$BaseIterator::hasNext (13 bytes)
Event: 0.545 Thread 0x000001e6d445be00 nmethod 546 0x000001e6c16ad690 code [0x000001e6c16ad820, 0x000001e6c16ad998]
Event: 0.545 Thread 0x000001e6d445be00  547       3       java.util.concurrent.ConcurrentHashMap$ValueIterator::next (34 bytes)
Event: 0.545 Thread 0x000001e6d445be00 nmethod 547 0x000001e6c16ada10 code [0x000001e6c16adbc0, 0x000001e6c16ade18]
Event: 0.546 Thread 0x000001e6d445be00  548       3       java.util.HashSet::contains (9 bytes)
Event: 0.546 Thread 0x000001e6d445be00 nmethod 548 0x000001e6c16adf10 code [0x000001e6c16ae0c0, 0x000001e6c16ae288]
Event: 0.550 Thread 0x000001e6d445be00  550       3       java.lang.String::startsWith (138 bytes)
Event: 0.551 Thread 0x000001e6d445be00 nmethod 550 0x000001e6c16ae390 code [0x000001e6c16ae5a0, 0x000001e6c16aee38]
Event: 0.567 Thread 0x000001e6d445be00  551       3       java.util.AbstractList::<init> (10 bytes)
Event: 0.567 Thread 0x000001e6d445be00 nmethod 551 0x000001e6c16af110 code [0x000001e6c16af2c0, 0x000001e6c16af498]

GC Heap History (0 events):
No events

Deoptimization events (4 events):
Event: 0.404 Thread 0x000001e6b958f750 Uncommon trap: trap_request=0xffffff45 fr.pc=0x000001e6c8b2d6e4 relative=0x0000000000000704
Event: 0.404 Thread 0x000001e6b958f750 Uncommon trap: reason=unstable_if action=reinterpret pc=0x000001e6c8b2d6e4 method=java.util.HashMap.putVal(ILjava/lang/Object;Ljava/lang/Object;ZZ)Ljava/lang/Object; @ 236 c2
Event: 0.404 Thread 0x000001e6b958f750 DEOPT PACKING pc=0x000001e6c8b2d6e4 sp=0x000000b0ec3fde80
Event: 0.404 Thread 0x000001e6b958f750 DEOPT UNPACKING pc=0x000001e6c10b239d sp=0x000000b0ec3fde28 mode 2

Classes unloaded (0 events):
No events

Classes redefined (0 events):
No events

Internal exceptions (20 events):
Event: 0.566 Thread 0x000001e6b958f750 Exception <a 'java/lang/ClassNotFoundException'{0x00000000c6515fc8}: javax/swing/JMenuItemAccelerator> (0x00000000c6515fc8) 
thrown [e:\jenkins\tmp\workspace\build\src\src\hotspot\share\classfile\systemDictionary.cpp, line 256]
Event: 0.566 Thread 0x000001e6b958f750 Exception <a 'java/lang/ClassNotFoundException'{0x00000000c65162d8}: MenuItemAccelerator> (0x00000000c65162d8) 
thrown [e:\jenkins\tmp\workspace\build\src\src\hotspot\share\classfile\systemDictionary.cpp, line 256]
Event: 0.567 Thread 0x000001e6b958f750 Exception <a 'java/lang/ClassNotFoundException'{0x00000000c65167a8}: CheckBoxMenuItem> (0x00000000c65167a8) 
thrown [e:\jenkins\tmp\workspace\build\src\src\hotspot\share\classfile\systemDictionary.cpp, line 256]
Event: 0.567 Thread 0x000001e6b958f750 Exception <a 'java/lang/ClassNotFoundException'{0x00000000c6516ce0}: CheckBoxMenuItem> (0x00000000c6516ce0) 
thrown [e:\jenkins\tmp\workspace\build\src\src\hotspot\share\classfile\systemDictionary.cpp, line 256]
Event: 0.567 Thread 0x000001e6b958f750 Exception <a 'java/lang/ClassNotFoundException'{0x00000000c6517060}: javax/swing/JMenuItemAccelerator> (0x00000000c6517060) 
thrown [e:\jenkins\tmp\workspace\build\src\src\hotspot\share\classfile\systemDictionary.cpp, line 256]
Event: 0.567 Thread 0x000001e6b958f750 Exception <a 'java/lang/ClassNotFoundException'{0x00000000c6517370}: MenuItemAccelerator> (0x00000000c6517370) 
thrown [e:\jenkins\tmp\workspace\build\src\src\hotspot\share\classfile\systemDictionary.cpp, line 256]
Event: 0.567 Thread 0x000001e6b958f750 Exception <a 'java/lang/ClassNotFoundException'{0x00000000c6517790}: Menu> (0x00000000c6517790) 
thrown [e:\jenkins\tmp\workspace\build\src\src\hotspot\share\classfile\systemDictionary.cpp, line 256]
Event: 0.567 Thread 0x000001e6b958f750 Exception <a 'java/lang/ClassNotFoundException'{0x00000000c6517c60}: Menu> (0x00000000c6517c60) 
thrown [e:\jenkins\tmp\workspace\build\src\src\hotspot\share\classfile\systemDictionary.cpp, line 256]
Event: 0.567 Thread 0x000001e6b958f750 Exception <a 'java/lang/ClassNotFoundException'{0x00000000c6517fe0}: javax/swing/JMenuItemAccelerator> (0x00000000c6517fe0) 
thrown [e:\jenkins\tmp\workspace\build\src\src\hotspot\share\classfile\systemDictionary.cpp, line 256]
Event: 0.567 Thread 0x000001e6b958f750 Exception <a 'java/lang/ClassNotFoundException'{0x00000000c65182f0}: MenuItemAccelerator> (0x00000000c65182f0) 
thrown [e:\jenkins\tmp\workspace\build\src\src\hotspot\share\classfile\systemDictionary.cpp, line 256]
Event: 0.569 Thread 0x000001e6b958f750 Exception <a 'java/lang/ClassNotFoundException'{0x00000000c6518948}: PopupMenu> (0x00000000c6518948) 
thrown [e:\jenkins\tmp\workspace\build\src\src\hotspot\share\classfile\systemDictionary.cpp, line 256]
Event: 0.570 Thread 0x000001e6b958f750 Exception <a 'java/lang/ClassNotFoundException'{0x00000000c6518dc8}: javax/swing/JPopupMenuSeparator> (0x00000000c6518dc8) 
thrown [e:\jenkins\tmp\workspace\build\src\src\hotspot\share\classfile\systemDictionary.cpp, line 256]
Event: 0.570 Thread 0x000001e6b958f750 Exception <a 'java/lang/ClassNotFoundException'{0x00000000c65190d8}: PopupMenuSeparator> (0x00000000c65190d8) 
thrown [e:\jenkins\tmp\workspace\build\src\src\hotspot\share\classfile\systemDictionary.cpp, line 256]
Event: 0.571 Thread 0x000001e6b958f750 Exception <a 'java/lang/ClassNotFoundException'{0x00000000c6519b30}: OptionPane> (0x00000000c6519b30) 
thrown [e:\jenkins\tmp\workspace\build\src\src\hotspot\share\classfile\systemDictionary.cpp, line 256]
Event: 0.571 Thread 0x000001e6b958f750 Exception <a 'java/lang/ClassNotFoundException'{0x00000000c651a060}: OptionPane> (0x00000000c651a060) 
thrown [e:\jenkins\tmp\workspace\build\src\src\hotspot\share\classfile\systemDictionary.cpp, line 256]
Event: 0.572 Thread 0x000001e6b958f750 Exception <a 'java/lang/ClassNotFoundException'{0x00000000c651a5f0}: OptionPane> (0x00000000c651a5f0) 
thrown [e:\jenkins\tmp\workspace\build\src\src\hotspot\share\classfile\systemDictionary.cpp, line 256]
Event: 0.572 Thread 0x000001e6b958f750 Exception <a 'java/lang/ClassNotFoundException'{0x00000000c651ab98}: OptionPane> (0x00000000c651ab98) 
thrown [e:\jenkins\tmp\workspace\build\src\src\hotspot\share\classfile\systemDictionary.cpp, line 256]
Event: 0.572 Thread 0x000001e6b958f750 Exception <a 'java/lang/ClassNotFoundException'{0x00000000c651b088}: Panel> (0x00000000c651b088) 
thrown [e:\jenkins\tmp\workspace\build\src\src\hotspot\share\classfile\systemDictionary.cpp, line 256]
Event: 0.572 Thread 0x000001e6b958f750 Exception <a 'java/lang/ClassNotFoundException'{0x00000000c651b598}: ProgressBar> (0x00000000c651b598) 
thrown [e:\jenkins\tmp\workspace\build\src\src\hotspot\share\classfile\systemDictionary.cpp, line 256]
Event: 0.573 Thread 0x000001e6b958f750 Exception <a 'java/lang/ClassNotFoundException'{0x00000000c651bab8}: Separator> (0x00000000c651bab8) 
thrown [e:\jenkins\tmp\workspace\build\src\src\hotspot\share\classfile\systemDictionary.cpp, line 256]

VM Operations (4 events):
Event: 0.154 Executing VM operation: HandshakeAllThreads
Event: 0.154 Executing VM operation: HandshakeAllThreads done
Event: 0.539 Executing VM operation: HandshakeAllThreads
Event: 0.539 Executing VM operation: HandshakeAllThreads done

Events (20 events):
Event: 0.566 loading class javax/swing/JRadioButtonMenuItem done
Event: 0.566 loading class javax/swing/JMenuItemAccelerator
Event: 0.566 loading class javax/swing/JMenuItemAccelerator done
Event: 0.566 loading class javax/swing/JCheckBoxMenuItem
Event: 0.566 loading class javax/swing/JCheckBoxMenuItem done
Event: 0.567 loading class javax/swing/JMenuItemAccelerator
Event: 0.567 loading class javax/swing/JMenuItemAccelerator done
Event: 0.567 loading class javax/swing/JMenuItemAccelerator
Event: 0.567 loading class javax/swing/JMenuItemAccelerator done
Event: 0.567 loading class javax/swing/JPopupMenu
Event: 0.567 loading class javax/swing/JPopupMenu done
Event: 0.569 loading class javax/swing/JPopupMenuSeparator
Event: 0.569 loading class javax/swing/JPopupMenuSeparator done
Event: 0.570 loading class javax/swing/JOptionPane
Event: 0.571 loading class javax/swing/JOptionPane done
Event: 0.572 loading class javax/swing/JProgressBar
Event: 0.572 loading class javax/swing/JProgressBar done
Event: 0.572 loading class javax/swing/JSeparator
Event: 0.573 loading class javax/swing/JSeparator done
Event: 0.573 loading class javax/swing/JScrollBar


Dynamic libraries:
0x00007ff7ca9d0000 - 0x00007ff7ca9de000 	C:\Program Files\Eclipse Adoptium\jdk-17.0.1.12-hotspot\bin\java.exe
0x00007ffa23740000 - 0x00007ffa23949000 	C:\WINDOWS\SYSTEM32\ntdll.dll
0x00007ffa21b10000 - 0x00007ffa21bcd000 	C:\WINDOWS\System32\KERNEL32.DLL
0x00007ffa20fd0000 - 0x00007ffa21349000 	C:\WINDOWS\System32\KERNELBASE.dll
0x00007ffa214c0000 - 0x00007ffa215d1000 	C:\WINDOWS\System32\ucrtbase.dll
0x00007ffa19fc0000 - 0x00007ffa19fd9000 	C:\Program Files\Eclipse Adoptium\jdk-17.0.1.12-hotspot\bin\VCRUNTIME140.dll
0x00007ffa11ec0000 - 0x00007ffa11ed8000 	C:\Program Files\Eclipse Adoptium\jdk-17.0.1.12-hotspot\bin\jli.dll
0x00007ffa22d50000 - 0x00007ffa22efc000 	C:\WINDOWS\System32\USER32.dll
0x00007ffa20c30000 - 0x00007ffa20c56000 	C:\WINDOWS\System32\win32u.dll
0x00007ffa22250000 - 0x00007ffa22279000 	C:\WINDOWS\System32\GDI32.dll
0x00007ffa20d90000 - 0x00007ffa20ea2000 	C:\WINDOWS\System32\gdi32full.dll
0x00007ffa20eb0000 - 0x00007ffa20f4d000 	C:\WINDOWS\System32\msvcp_win.dll
0x00007ffa0df10000 - 0x00007ffa0e1b5000 	C:\WINDOWS\WinSxS\amd64_microsoft.windows.common-controls_6595b64144ccf1df_6.0.22000.120_none_9d947278b86cc467\COMCTL32.dll
0x00007ffa22130000 - 0x00007ffa221d3000 	C:\WINDOWS\System32\msvcrt.dll
0x00007ffa23290000 - 0x00007ffa232c1000 	C:\WINDOWS\System32\IMM32.DLL
0x00007ffa1b4d0000 - 0x00007ffa1b4dc000 	C:\Program Files\Eclipse Adoptium\jdk-17.0.1.12-hotspot\bin\vcruntime140_1.dll
0x00007ff9fa480000 - 0x00007ff9fa511000 	C:\Program Files\Eclipse Adoptium\jdk-17.0.1.12-hotspot\bin\msvcp140.dll
0x00007ff9d4880000 - 0x00007ff9d54c6000 	C:\Program Files\Eclipse Adoptium\jdk-17.0.1.12-hotspot\bin\server\jvm.dll
0x00007ffa215e0000 - 0x00007ffa2168e000 	C:\WINDOWS\System32\ADVAPI32.dll
0x00007ffa217d0000 - 0x00007ffa2186e000 	C:\WINDOWS\System32\sechost.dll
0x00007ffa219f0000 - 0x00007ffa21b10000 	C:\WINDOWS\System32\RPCRT4.dll
0x00007ffa23340000 - 0x00007ffa23348000 	C:\WINDOWS\System32\PSAPI.DLL
0x00007ffa1d220000 - 0x00007ffa1d229000 	C:\WINDOWS\SYSTEM32\WSOCK32.dll
0x00007ffa220c0000 - 0x00007ffa2212f000 	C:\WINDOWS\System32\WS2_32.dll
0x00007ffa1ab90000 - 0x00007ffa1abc3000 	C:\WINDOWS\SYSTEM32\WINMM.dll
0x00007ffa1b3d0000 - 0x00007ffa1b3da000 	C:\WINDOWS\SYSTEM32\VERSION.dll
0x00007ffa1fd30000 - 0x00007ffa1fd48000 	C:\WINDOWS\SYSTEM32\kernel.appcore.dll
0x00007ffa19f80000 - 0x00007ffa19f8a000 	C:\Program Files\Eclipse Adoptium\jdk-17.0.1.12-hotspot\bin\jimage.dll
0x00007ffa1f3c0000 - 0x00007ffa1f5e1000 	C:\WINDOWS\SYSTEM32\DBGHELP.DLL
0x00007ffa0dd60000 - 0x00007ffa0dd91000 	C:\WINDOWS\SYSTEM32\dbgcore.DLL
0x00007ffa20f50000 - 0x00007ffa20fcf000 	C:\WINDOWS\System32\bcryptPrimitives.dll
0x00007ffa0eb50000 - 0x00007ffa0eb75000 	C:\Program Files\Eclipse Adoptium\jdk-17.0.1.12-hotspot\bin\java.dll
0x00007ffa012a0000 - 0x00007ffa01376000 	C:\Program Files\Eclipse Adoptium\jdk-17.0.1.12-hotspot\bin\svml.dll
0x00007ffa222a0000 - 0x00007ffa22a4f000 	C:\WINDOWS\System32\SHELL32.dll
0x00007ffa1eb50000 - 0x00007ffa1f3b8000 	C:\WINDOWS\SYSTEM32\windows.storage.dll
0x00007ffa22f10000 - 0x00007ffa23288000 	C:\WINDOWS\System32\combase.dll
0x00007ffa1e930000 - 0x00007ffa1ea96000 	C:\WINDOWS\SYSTEM32\wintypes.dll
0x00007ffa23470000 - 0x00007ffa2355a000 	C:\WINDOWS\System32\SHCORE.dll
0x00007ffa221e0000 - 0x00007ffa2223d000 	C:\WINDOWS\System32\shlwapi.dll
0x00007ffa20b60000 - 0x00007ffa20b81000 	C:\WINDOWS\SYSTEM32\profapi.dll
0x00007ffa146a0000 - 0x00007ffa146b9000 	C:\Program Files\Eclipse Adoptium\jdk-17.0.1.12-hotspot\bin\net.dll
0x00007ffa1bee0000 - 0x00007ffa1bfec000 	C:\WINDOWS\SYSTEM32\WINHTTP.dll
0x00007ffa20160000 - 0x00007ffa201c7000 	C:\WINDOWS\system32\mswsock.dll
0x00007ffa12e20000 - 0x00007ffa12e35000 	C:\Program Files\Eclipse Adoptium\jdk-17.0.1.12-hotspot\bin\nio.dll
0x00007ffa0ede0000 - 0x00007ffa0edf8000 	C:\Program Files\Eclipse Adoptium\jdk-17.0.1.12-hotspot\bin\zip.dll
0x00007ff9ec5a0000 - 0x00007ff9ec72e000 	C:\Program Files\Eclipse Adoptium\jdk-17.0.1.12-hotspot\bin\awt.dll
0x00007ffa21690000 - 0x00007ffa21766000 	C:\WINDOWS\System32\OLEAUT32.dll
0x00007ffa1df70000 - 0x00007ffa1e001000 	C:\WINDOWS\SYSTEM32\apphelp.dll
0x00007ffa1e030000 - 0x00007ffa1e0dc000 	C:\WINDOWS\system32\uxtheme.dll
0x00007ffa21870000 - 0x00007ffa2198e000 	C:\WINDOWS\System32\MSCTF.dll
0x00007ffa23560000 - 0x00007ffa236fa000 	C:\WINDOWS\System32\ole32.dll
0x00007ffa1e490000 - 0x00007ffa1e4bf000 	C:\WINDOWS\system32\DWMAPI.DLL
0x00007ff9f9900000 - 0x00007ff9f9989000 	C:\Program Files\Eclipse Adoptium\jdk-17.0.1.12-hotspot\bin\freetype.dll
0x00007ff9edb10000 - 0x00007ff9edbb8000 	C:\Program Files\Eclipse Adoptium\jdk-17.0.1.12-hotspot\bin\fontmanager.dll

dbghelp: loaded successfully - version: 4.0.5 - missing functions: none
symbol engine: initialized successfully - sym options: 0x614 - pdb path: .;C:\Program Files\Eclipse Adoptium\jdk-17.0.1.12-hotspot\bin;C:\WINDOWS\SYSTEM32;C:\WINDOWS\WinSxS\amd64_microsoft.windows.common-controls_6595b64144ccf1df_6.0.22000.120_none_9d947278b86cc467;C:\Program Files\Eclipse Adoptium\jdk-17.0.1.12-hotspot\bin\server

VM Arguments:
jvm_args: -Dfile.encoding=UTF-8 --module-path=C:\Users\edwin\Documents\NetBeansProjects\A_Pruebas\build\classes 
java_command: Main
java_class_path (initial): C:\Program Files\NetBeans-13\netbeans\java\modules\ext\AbsoluteLayout.jar;C:\Users\edwin\Documents\NetBeansProjects\A_Pruebas\build\classes
Launcher Type: SUN_STANDARD

[Global flags]
     intx CICompilerCount                          = 2                                         {product} {ergonomic}
     uint ConcGCThreads                            = 1                                         {product} {ergonomic}
     uint G1ConcRefinementThreads                  = 2                                         {product} {ergonomic}
   size_t G1HeapRegionSize                         = 1048576                                   {product} {ergonomic}
    uintx GCDrainStackTargetSize                   = 64                                        {product} {ergonomic}
   size_t InitialHeapSize                          = 65011712                                  {product} {ergonomic}
   size_t MarkStackSize                            = 4194304                                   {product} {ergonomic}
   size_t MaxHeapSize                              = 1027604480                                {product} {ergonomic}
   size_t MaxNewSize                               = 616562688                                 {product} {ergonomic}
   size_t MinHeapDeltaBytes                        = 1048576                                   {product} {ergonomic}
   size_t MinHeapSize                              = 8388608                                   {product} {ergonomic}
    uintx NonNMethodCodeHeapSize                   = 5826188                                {pd product} {ergonomic}
    uintx NonProfiledCodeHeapSize                  = 122916026                              {pd product} {ergonomic}
    uintx ProfiledCodeHeapSize                     = 122916026                              {pd product} {ergonomic}
    uintx ReservedCodeCacheSize                    = 251658240                              {pd product} {ergonomic}
     bool SegmentedCodeCache                       = true                                      {product} {ergonomic}
   size_t SoftMaxHeapSize                          = 1027604480                             {manageable} {ergonomic}
     bool UseCompressedClassPointers               = true                           {product lp64_product} {ergonomic}
     bool UseCompressedOops                        = true                           {product lp64_product} {ergonomic}
     bool UseG1GC                                  = true                                      {product} {ergonomic}
     bool UseLargePagesIndividualAllocation        = false                                  {pd product} {ergonomic}

Logging:
Log output configuration:
 #0: stdout all=warning uptime,level,tags
 #1: stderr all=off uptime,level,tags

Environment Variables:
JAVA_HOME=C:\Program Files\Eclipse Adoptium\jdk-17.0.1.12-hotspot\
PATH=C:\Program Files\Python310\Scripts\;C:\Program Files\Python310\;C:\Program Files\Microsoft\jdk-11.0.12.7-hotspot\bin;C:\Program Files\Eclipse Adoptium\jdk-17.0.1.12-hotspot\bin;C:\Program Files (x86)\Intel\TXE Components\iCLS\;C:\Program Files\Intel\TXE Components\iCLS\;C:\WINDOWS\system32;C:\WINDOWS;C:\WINDOWS\System32\Wbem;C:\WINDOWS\System32\WindowsPowerShell\v1.0\;C:\WINDOWS\System32\OpenSSH\;C:\Program Files\Intel\TXE Components\DAL\;C:\Program Files (x86)\Intel\TXE Components\DAL\;C:\Program Files\Intel\TXE Components\IPT\;C:\Program Files (x86)\Intel\TXE Components\IPT\;C:\TDM-GCC-64\bin;C:\Program Files\Go\bin;C:\Program Files\dotnet\;C:\Users\edwin\AppData\Local\Microsoft\WindowsApps;C:\Users\edwin\AppData\Local\Programs\Microsoft VS Code\bin;C:\C-C++\bin;C:\Users\edwin\go\bin;C:\Users\edwin\.dotnet\tools;C:\ProgramData\Microsoft\Windows\Start Menu\Programs\Python 3.10\Python 3.10 (64-bit).lnk;
USERNAME=edwin
OS=Windows_NT
PROCESSOR_IDENTIFIER=Intel64 Family 6 Model 122 Stepping 1, GenuineIntel



---------------  S Y S T E M  ---------------

OS:
 Windows 10 , 64 bit Build 22000 (10.0.22000.675)
OS uptime: 1 days 5:28 hours

CPU: total 2 (initial active 2) (2 cores per cpu, 1 threads per core) family 6 model 122 stepping 1 microcode 0x36, cx8, cmov, fxsr, mmx, 3dnowpref, sse, sse2, sse3, ssse3, sse4.1, sse4.2, popcnt, tsc, tscinvbit, aes, erms, clmul, sha, clflush, clflushopt

Memory: 4k page, system-wide physical 3918M (529M free)
TotalPageFile size 5718M (AvailPageFile size 4M)
current process WorkingSet (physical memory assigned to process): 45M, peak: 45M
current process commit charge ("private bytes"): 135M, peak: 135M

vm_info: OpenJDK 64-Bit Server VM (17.0.1+12) for windows-amd64 JRE (17.0.1+12), built on Oct 20 2021 07:42:55 by "" with MS VC++ 16.7 (VS2019)

END.
